This file contains any messages produced by compilers while
running configure, to aid debugging if configure makes a mistake.

It was created by Ipopt configure 3.11.7, which was
generated by GNU Autoconf 2.59.  Invocation command line was

  $ ../../Ipopt/configure --prefix=/Users/tmpethick/GoogleDrive/dtu/10-EPFL/thesis/thesis-code/IPOPT/Ipopt-3.11.7/build_rice coin_skip_warn_cxxflags=yes --cache-file=/dev/null --srcdir=../../Ipopt

## --------- ##
## Platform. ##
## --------- ##

hostname = tsf-492-wpa-0-170.epfl.ch
uname -m = x86_64
uname -r = 18.0.0
uname -s = Darwin
uname -v = Darwin Kernel Version 18.0.0: Wed Aug 22 20:13:40 PDT 2018; root:xnu-4903.201.2~1/RELEASE_X86_64

/usr/bin/uname -p = i386
/bin/uname -X     = unknown

/bin/arch              = unknown
/usr/bin/arch -k       = unknown
/usr/convex/getsysinfo = unknown
hostinfo               = Mach kernel version:
	 Darwin Kernel Version 18.0.0: Wed Aug 22 20:13:40 PDT 2018; root:xnu-4903.201.2~1/RELEASE_X86_64
Kernel configured for up to 8 processors.
4 processors are physically available.
8 processors are logically available.
Processor type: x86_64h (Intel x86-64h Haswell)
Processors active: 0 1 2 3 4 5 6 7
Primary memory available: 16.00 gigabytes
Default processor set: 530 tasks, 3491 threads, 8 processors
Load average: 1.95, Mach factor: 6.04
/bin/machine           = unknown
/usr/bin/oslevel       = unknown
/bin/universe          = unknown

PATH: /Users/tmpethick/ext/bin
PATH: /Users/tmpethick/.rvm/gems/ruby-2.4.0/bin
PATH: /Users/tmpethick/.rvm/gems/ruby-2.4.0@global/bin
PATH: /Users/tmpethick/.rvm/rubies/ruby-2.4.0/bin
PATH: /Users/tmpethick/Library/Haskell/bin
PATH: /Users/tmpethick/anaconda3/envs/lions/bin
PATH: /Users/tmpethick/.npm-packages/bin
PATH: /Users/tmpethick/.opam/system/bin
PATH: /Users/tmpethick/.local/bin
PATH: /usr/local/bin
PATH: /Users/tmpethick/.fastlane/bin
PATH: /Users/tmpethick/anaconda3/bin
PATH: /usr/local/bin
PATH: /usr/local/sbin
PATH: /usr/bin
PATH: /bin
PATH: /usr/sbin
PATH: /sbin
PATH: /Library/TeX/texbin
PATH: /usr/local/share/dotnet
PATH: /opt/X11/bin
PATH: /Library/Frameworks/Mono.framework/Versions/Current/Commands
PATH: /Applications/Xamarin Workbooks.app/Contents/SharedSupport/path-bin
PATH: /Users/tmpethick/.rvm/bin


## ----------- ##
## Core tests. ##
## ----------- ##

configure:1711: checking build system type
configure:1729: result: i386-apple-darwin18.0.0
configure:1802: checking for svnversion
configure:1818: found /usr/bin/svnversion
configure:1829: result: yes
configure:1859: checking whether we want to compile in debug mode
configure:1905: result: no
configure:1962: checking for egrep
configure:1972: result: grep -E
configure:1977: checking whether ln -s works
configure:1981: result: yes
configure:2211: checking for xlc_r
configure:2240: result: no
configure:2211: checking for xlc
configure:2240: result: no
configure:2211: checking for cc
configure:2227: found /usr/bin/cc
configure:2237: result: cc
configure:2258: checking for C compiler version
configure:2261: cc --version </dev/null >&5
Apple LLVM version 10.0.0 (clang-1000.11.45.5)
Target: x86_64-apple-darwin18.0.0
Thread model: posix
InstalledDir: /Applications/Xcode.app/Contents/Developer/Toolchains/XcodeDefault.xctoolchain/usr/bin
configure:2264: $? = 0
configure:2266: cc -v </dev/null >&5
Apple LLVM version 10.0.0 (clang-1000.11.45.5)
Target: x86_64-apple-darwin18.0.0
Thread model: posix
InstalledDir: /Applications/Xcode.app/Contents/Developer/Toolchains/XcodeDefault.xctoolchain/usr/bin
Found CUDA installation: /usr/local/cuda, version 8.0
configure:2269: $? = 0
configure:2271: cc -V </dev/null >&5
clang: error: argument to '-V' is missing (expected 1 value)
clang: error: no input files
configure:2274: $? = 1
configure:2297: checking for C compiler default output file name
configure:2300: cc    conftest.c  >&5
configure:2303: $? = 0
configure:2349: result: a.out
configure:2354: checking whether the C compiler works
configure:2360: ./a.out
configure:2363: $? = 0
configure:2380: result: yes
configure:2387: checking whether we are cross compiling
configure:2389: result: no
configure:2392: checking for suffix of executables
configure:2394: cc -o conftest    conftest.c  >&5
configure:2397: $? = 0
configure:2422: result: 
configure:2428: checking for suffix of object files
configure:2449: cc -c   conftest.c >&5
configure:2452: $? = 0
configure:2474: result: o
configure:2478: checking whether we are using the GNU C compiler
configure:2502: cc -c   conftest.c >&5
configure:2508: $? = 0
configure:2512: test -z 
			 || test ! -s conftest.err
configure:2515: $? = 0
configure:2518: test -s conftest.o
configure:2521: $? = 0
configure:2534: result: yes
configure:2540: checking whether cc accepts -g
configure:2561: cc -c -g  conftest.c >&5
configure:2567: $? = 0
configure:2571: test -z 
			 || test ! -s conftest.err
configure:2574: $? = 0
configure:2577: test -s conftest.o
configure:2580: $? = 0
configure:2591: result: yes
configure:2608: checking for cc option to accept ANSI C
configure:2678: cc  -c -g -O2  conftest.c >&5
configure:2684: $? = 0
configure:2688: test -z 
			 || test ! -s conftest.err
configure:2691: $? = 0
configure:2694: test -s conftest.o
configure:2697: $? = 0
configure:2715: result: none needed
configure:2733: cc -c -g -O2  conftest.c >&5
conftest.c:2:3: error: unknown type name 'choke'
  choke me
  ^
conftest.c:2:11: error: expected ';' after top level declarator
  choke me
          ^
          ;
2 errors generated.
configure:2739: $? = 1
configure: failed program was:
| #ifndef __cplusplus
|   choke me
| #endif
configure:3167: cc -o conftest -O3 -pipe -DNDEBUG -Wimplicit -Wparentheses -Wsequence-point -Wreturn-type -Wcast-qual -Wall -Wno-unknown-pragmas -Wno-long-long   -DIPOPT_BUILD   conftest.c  >&5
configure:3173: $? = 0
configure:3177: test -z 
			 || test ! -s conftest.err
configure:3180: $? = 0
configure:3183: test -s conftest
configure:3186: $? = 0
configure:3253: C compiler options are: -O3 -pipe -DNDEBUG -Wimplicit -Wparentheses -Wsequence-point -Wreturn-type -Wcast-qual -Wall -Wno-unknown-pragmas -Wno-long-long   -DIPOPT_BUILD
configure:3383: checking for g++
configure:3399: found /usr/bin/g++
configure:3409: result: g++
configure:3425: checking for C++ compiler version
configure:3428: g++ --version </dev/null >&5
Configured with: --prefix=/Applications/Xcode.app/Contents/Developer/usr --with-gxx-include-dir=/Applications/Xcode.app/Contents/Developer/Platforms/MacOSX.platform/Developer/SDKs/MacOSX10.14.sdk/usr/include/c++/4.2.1
Apple LLVM version 10.0.0 (clang-1000.11.45.5)
Target: x86_64-apple-darwin18.0.0
Thread model: posix
InstalledDir: /Applications/Xcode.app/Contents/Developer/Toolchains/XcodeDefault.xctoolchain/usr/bin
configure:3431: $? = 0
configure:3433: g++ -v </dev/null >&5
Configured with: --prefix=/Applications/Xcode.app/Contents/Developer/usr --with-gxx-include-dir=/Applications/Xcode.app/Contents/Developer/Platforms/MacOSX.platform/Developer/SDKs/MacOSX10.14.sdk/usr/include/c++/4.2.1
Apple LLVM version 10.0.0 (clang-1000.11.45.5)
Target: x86_64-apple-darwin18.0.0
Thread model: posix
InstalledDir: /Applications/Xcode.app/Contents/Developer/Toolchains/XcodeDefault.xctoolchain/usr/bin
Found CUDA installation: /usr/local/cuda, version 8.0
configure:3436: $? = 0
configure:3438: g++ -V </dev/null >&5
clang: error: argument to '-V' is missing (expected 1 value)
clang: error: no input files
configure:3441: $? = 1
configure:3444: checking whether we are using the GNU C++ compiler
configure:3468: g++ -c   conftest.cc >&5
configure:3474: $? = 0
configure:3478: test -z 
			 || test ! -s conftest.err
configure:3481: $? = 0
configure:3484: test -s conftest.o
configure:3487: $? = 0
configure:3500: result: yes
configure:3506: checking whether g++ accepts -g
configure:3527: g++ -c -g  conftest.cc >&5
configure:3533: $? = 0
configure:3537: test -z 
			 || test ! -s conftest.err
configure:3540: $? = 0
configure:3543: test -s conftest.o
configure:3546: $? = 0
configure:3557: result: yes
configure:3599: g++ -c -g -O2  conftest.cc >&5
configure:3605: $? = 0
configure:3609: test -z 
			 || test ! -s conftest.err
configure:3612: $? = 0
configure:3615: test -s conftest.o
configure:3618: $? = 0
configure:3644: g++ -c -g -O2  conftest.cc >&5
conftest.cc:19:1: error: use of undeclared identifier 'exit'
exit (42);
^
1 error generated.
configure:3650: $? = 1
configure: failed program was:
| /* confdefs.h.  */
| 
| #define PACKAGE_NAME "Ipopt"
| #define PACKAGE_TARNAME "ipopt"
| #define PACKAGE_VERSION "3.11.7"
| #define PACKAGE_STRING "Ipopt 3.11.7"
| #define PACKAGE_BUGREPORT "http://projects.coin-or.org/Ipopt/newticket"
| #define IPOPT_VERSION "3.11.7"
| #define IPOPT_VERSION_MAJOR 3
| #define IPOPT_VERSION_MINOR 11
| #define IPOPT_VERSION_RELEASE 7
| #define COIN_IPOPT_VERBOSITY 0
| #define COIN_IPOPT_CHECKLEVEL 0
| /* end confdefs.h.  */
| 
| int
| main ()
| {
| exit (42);
|   ;
|   return 0;
| }
configure:3599: g++ -c -g -O2  conftest.cc >&5
conftest.cc:15:17: error: use of undeclared identifier 'std'
extern "C" void std::exit (int) throw (); using std::exit;
                ^
conftest.cc:15:49: error: use of undeclared identifier 'std'
extern "C" void std::exit (int) throw (); using std::exit;
                                                ^
2 errors generated.
configure:3605: $? = 1
configure: failed program was:
| /* confdefs.h.  */
| 
| #define PACKAGE_NAME "Ipopt"
| #define PACKAGE_TARNAME "ipopt"
| #define PACKAGE_VERSION "3.11.7"
| #define PACKAGE_STRING "Ipopt 3.11.7"
| #define PACKAGE_BUGREPORT "http://projects.coin-or.org/Ipopt/newticket"
| #define IPOPT_VERSION "3.11.7"
| #define IPOPT_VERSION_MAJOR 3
| #define IPOPT_VERSION_MINOR 11
| #define IPOPT_VERSION_RELEASE 7
| #define COIN_IPOPT_VERBOSITY 0
| #define COIN_IPOPT_CHECKLEVEL 0
| /* end confdefs.h.  */
| extern "C" void std::exit (int) throw (); using std::exit;
| #include <stdlib.h>
| int
| main ()
| {
| exit (42);
|   ;
|   return 0;
| }
configure:3599: g++ -c -g -O2  conftest.cc >&5
conftest.cc:15:17: error: use of undeclared identifier 'std'
extern "C" void std::exit (int); using std::exit;
                ^
conftest.cc:15:40: error: use of undeclared identifier 'std'
extern "C" void std::exit (int); using std::exit;
                                       ^
2 errors generated.
configure:3605: $? = 1
configure: failed program was:
| /* confdefs.h.  */
| 
| #define PACKAGE_NAME "Ipopt"
| #define PACKAGE_TARNAME "ipopt"
| #define PACKAGE_VERSION "3.11.7"
| #define PACKAGE_STRING "Ipopt 3.11.7"
| #define PACKAGE_BUGREPORT "http://projects.coin-or.org/Ipopt/newticket"
| #define IPOPT_VERSION "3.11.7"
| #define IPOPT_VERSION_MAJOR 3
| #define IPOPT_VERSION_MINOR 11
| #define IPOPT_VERSION_RELEASE 7
| #define COIN_IPOPT_VERBOSITY 0
| #define COIN_IPOPT_CHECKLEVEL 0
| /* end confdefs.h.  */
| extern "C" void std::exit (int); using std::exit;
| #include <stdlib.h>
| int
| main ()
| {
| exit (42);
|   ;
|   return 0;
| }
configure:3599: g++ -c -g -O2  conftest.cc >&5
In file included from conftest.cc:16:
In file included from /Applications/Xcode.app/Contents/Developer/Toolchains/XcodeDefault.xctoolchain/usr/include/c++/v1/stdlib.h:94:
/Applications/Xcode.app/Contents/Developer/Platforms/MacOSX.platform/Developer/SDKs/MacOSX10.14.sdk/usr/include/stdlib.h:145:7: error: 'exit' is missing exception specification 'throw()'
void     exit(int) __dead2;
         ^
conftest.cc:15:17: note: previous declaration is here
extern "C" void exit (int) throw ();
                ^
1 error generated.
configure:3605: $? = 1
configure: failed program was:
| /* confdefs.h.  */
| 
| #define PACKAGE_NAME "Ipopt"
| #define PACKAGE_TARNAME "ipopt"
| #define PACKAGE_VERSION "3.11.7"
| #define PACKAGE_STRING "Ipopt 3.11.7"
| #define PACKAGE_BUGREPORT "http://projects.coin-or.org/Ipopt/newticket"
| #define IPOPT_VERSION "3.11.7"
| #define IPOPT_VERSION_MAJOR 3
| #define IPOPT_VERSION_MINOR 11
| #define IPOPT_VERSION_RELEASE 7
| #define COIN_IPOPT_VERBOSITY 0
| #define COIN_IPOPT_CHECKLEVEL 0
| /* end confdefs.h.  */
| extern "C" void exit (int) throw ();
| #include <stdlib.h>
| int
| main ()
| {
| exit (42);
|   ;
|   return 0;
| }
configure:3599: g++ -c -g -O2  conftest.cc >&5
configure:3605: $? = 0
configure:3609: test -z 
			 || test ! -s conftest.err
configure:3612: $? = 0
configure:3615: test -s conftest.o
configure:3618: $? = 0
configure:3644: g++ -c -g -O2  conftest.cc >&5
configure:3650: $? = 0
configure:3654: test -z 
			 || test ! -s conftest.err
configure:3657: $? = 0
configure:3660: test -s conftest.o
configure:3663: $? = 0
configure:3695: checking whether C++ compiler g++ works
configure:3713: g++ -c -g -O2  conftest.cc >&5
configure:3719: $? = 0
configure:3723: test -z 
			 || test ! -s conftest.err
configure:3726: $? = 0
configure:3729: test -s conftest.o
configure:3732: $? = 0
configure:3734: result: yes
configure:4062: g++ -o conftest -O3 -pipe -DNDEBUG    -DIPOPT_BUILD   conftest.cc  >&5
configure:4068: $? = 0
configure:4072: test -z 
			 || test ! -s conftest.err
configure:4075: $? = 0
configure:4078: test -s conftest
configure:4081: $? = 0
configure:4148: C++ compiler options are: -O3 -pipe -DNDEBUG    -DIPOPT_BUILD
configure:4226: g++ -c -O3 -pipe -DNDEBUG    -DIPOPT_BUILD  conftest.cc >&5
configure:4232: $? = 0
configure:4236: test -z 
			 || test ! -s conftest.err
configure:4239: $? = 0
configure:4242: test -s conftest.o
configure:4245: $? = 0
configure:4289: Assuming that CXXLIBS is "-lc++".
configure:4349: Trying to determine Fortran compiler name
configure:4398: checking for xlf_r
configure:4427: result: no
configure:4398: checking for fort77
configure:4427: result: no
configure:4398: checking for gfortran
configure:4414: found /usr/local/bin/gfortran
configure:4424: result: gfortran
configure:4532: checking for Fortran 77 compiler version
configure:4535: gfortran --version </dev/null >&5
GNU Fortran (Homebrew GCC 7.2.0_1) 7.2.0
Copyright (C) 2017 Free Software Foundation, Inc.
This is free software; see the source for copying conditions.  There is NO
warranty; not even for MERCHANTABILITY or FITNESS FOR A PARTICULAR PURPOSE.

configure:4538: $? = 0
configure:4540: gfortran -v </dev/null >&5
Using built-in specs.
COLLECT_GCC=gfortran
COLLECT_LTO_WRAPPER=/usr/local/Cellar/gcc/7.2.0_1/libexec/gcc/x86_64-apple-darwin16.7.0/7.2.0/lto-wrapper
Target: x86_64-apple-darwin16.7.0
Configured with: ../configure --build=x86_64-apple-darwin16.7.0 --prefix=/usr/local/Cellar/gcc/7.2.0_1 --libdir=/usr/local/Cellar/gcc/7.2.0_1/lib/gcc/7 --enable-languages=c,c++,objc,obj-c++,fortran --program-suffix=-7 --with-gmp=/usr/local/opt/gmp --with-mpfr=/usr/local/opt/mpfr --with-mpc=/usr/local/opt/libmpc --with-isl=/usr/local/opt/isl --with-system-zlib --enable-checking=release --with-pkgversion='Homebrew GCC 7.2.0_1' --with-bugurl=https://github.com/Homebrew/homebrew-core/issues --disable-nls
Thread model: posix
gcc version 7.2.0 (Homebrew GCC 7.2.0_1) 
configure:4543: $? = 0
configure:4545: gfortran -V </dev/null >&5
gfortran: error: unrecognized command line option '-V'
gfortran: fatal error: no input files
compilation terminated.
configure:4548: $? = 1
configure:4556: checking whether we are using the GNU Fortran 77 compiler
configure:4570: gfortran -c  conftest.F >&5
configure:4576: $? = 0
configure:4580: test -z 
			 || test ! -s conftest.err
configure:4583: $? = 0
configure:4586: test -s conftest.o
configure:4589: $? = 0
configure:4602: result: yes
configure:4608: checking whether gfortran accepts -g
configure:4620: gfortran -c -g conftest.f >&5
configure:4626: $? = 0
configure:4630: test -z 
			 || test ! -s conftest.err
configure:4633: $? = 0
configure:4636: test -s conftest.o
configure:4639: $? = 0
configure:4651: result: yes
configure:4886: gfortran -o conftest -O3 -pipe    conftest.f  >&5
configure:4892: $? = 0
configure:4896: test -z 
			 || test ! -s conftest.err
configure:4899: $? = 0
configure:4902: test -s conftest
configure:4905: $? = 0
configure:4963: Fortran compiler options are: -O3 -pipe  
configure:5008: checking how to get verbose linking output from gfortran
configure:5019: gfortran -c -O3 -pipe   conftest.f >&5
configure:5025: $? = 0
configure:5029: test -z 
			 || test ! -s conftest.err
configure:5032: $? = 0
configure:5035: test -s conftest.o
configure:5038: $? = 0
configure:5055: gfortran -o conftest -O3 -pipe   -v  conftest.f  >&5
Using built-in specs.
COLLECT_GCC=gfortran
COLLECT_LTO_WRAPPER=/usr/local/Cellar/gcc/7.2.0_1/libexec/gcc/x86_64-apple-darwin16.7.0/7.2.0/lto-wrapper
Target: x86_64-apple-darwin16.7.0
Configured with: ../configure --build=x86_64-apple-darwin16.7.0 --prefix=/usr/local/Cellar/gcc/7.2.0_1 --libdir=/usr/local/Cellar/gcc/7.2.0_1/lib/gcc/7 --enable-languages=c,c++,objc,obj-c++,fortran --program-suffix=-7 --with-gmp=/usr/local/opt/gmp --with-mpfr=/usr/local/opt/mpfr --with-mpc=/usr/local/opt/libmpc --with-isl=/usr/local/opt/isl --with-system-zlib --enable-checking=release --with-pkgversion='Homebrew GCC 7.2.0_1' --with-bugurl=https://github.com/Homebrew/homebrew-core/issues --disable-nls
Thread model: posix
gcc version 7.2.0 (Homebrew GCC 7.2.0_1) 
COLLECT_GCC_OPTIONS='-o' 'conftest' '-O3' '-pipe' '-v' '-mmacosx-version-min=10.14.0'  '-shared-libgcc' '-mtune=core2'
 /usr/local/Cellar/gcc/7.2.0_1/libexec/gcc/x86_64-apple-darwin16.7.0/7.2.0/f951 conftest.f -ffixed-form -fPIC -quiet -dumpbase conftest.f -mmacosx-version-min=10.14.0 -mtune=core2 -auxbase conftest -O3 -version -fintrinsic-modules-path /usr/local/Cellar/gcc/7.2.0_1/lib/gcc/7/gcc/x86_64-apple-darwin16.7.0/7.2.0/finclude -o - |
 as -arch x86_64 -v -force_cpusubtype_ALL -mmacosx-version-min=10.14 -o /var/folders/mt/hh07zhhn6614w69qxlfmwyzh0000gn/T//cc4z6kzY.o
GNU Fortran (Homebrew GCC 7.2.0_1) version 7.2.0 (x86_64-apple-darwin16.7.0)
	compiled by GNU C version 7.2.0, GMP version 6.1.2, MPFR version 4.0.0, MPC version 1.1.0, isl version isl-0.18-GMP

GGC heuristics: --param ggc-min-expand=100 --param ggc-min-heapsize=131072
GNU Fortran2008 (Homebrew GCC 7.2.0_1) version 7.2.0 (x86_64-apple-darwin16.7.0)
	compiled by GNU C version 7.2.0, GMP version 6.1.2, MPFR version 4.0.0, MPC version 1.1.0, isl version isl-0.18-GMP

GGC heuristics: --param ggc-min-expand=100 --param ggc-min-heapsize=131072
Apple LLVM version 10.0.0 (clang-1000.11.45.5)
Target: x86_64-apple-darwin18.0.0
Thread model: posix
InstalledDir: /Applications/Xcode.app/Contents/Developer/Toolchains/XcodeDefault.xctoolchain/usr/bin
Found CUDA installation: /usr/local/cuda, version 8.0
 "/Applications/Xcode.app/Contents/Developer/Toolchains/XcodeDefault.xctoolchain/usr/bin/clang" -cc1as -triple x86_64-apple-macosx10.14.0 -filetype obj -main-file-name - -target-cpu penryn -fdebug-compilation-dir /Users/tmpethick/GoogleDrive/dtu/10-EPFL/thesis/thesis-code/IPOPT/Ipopt-3.11.7/build_rice/Ipopt -dwarf-debug-producer Apple LLVM version 10.0.0 (clang-1000.11.45.5) -dwarf-version=4 -mrelocation-model pic -o /var/folders/mt/hh07zhhn6614w69qxlfmwyzh0000gn/T//cc4z6kzY.o -
Reading specs from /usr/local/Cellar/gcc/7.2.0_1/lib/gcc/7/gcc/x86_64-apple-darwin16.7.0/7.2.0/../../../libgfortran.spec
rename spec lib to liborig
COLLECT_GCC_OPTIONS='-o' 'conftest' '-O3' '-pipe' '-v' '-mmacosx-version-min=10.14.0'  '-shared-libgcc' '-mtune=core2'
COMPILER_PATH=/usr/local/Cellar/gcc/7.2.0_1/libexec/gcc/x86_64-apple-darwin16.7.0/7.2.0/:/usr/local/Cellar/gcc/7.2.0_1/libexec/gcc/x86_64-apple-darwin16.7.0/7.2.0/:/usr/local/Cellar/gcc/7.2.0_1/libexec/gcc/x86_64-apple-darwin16.7.0/:/usr/local/Cellar/gcc/7.2.0_1/lib/gcc/7/gcc/x86_64-apple-darwin16.7.0/7.2.0/:/usr/local/Cellar/gcc/7.2.0_1/lib/gcc/7/gcc/x86_64-apple-darwin16.7.0/
LIBRARY_PATH=/usr/local/Cellar/gcc/7.2.0_1/lib/gcc/7/gcc/x86_64-apple-darwin16.7.0/7.2.0/:/usr/local/Cellar/gcc/7.2.0_1/lib/gcc/7/gcc/x86_64-apple-darwin16.7.0/7.2.0/../../../
COLLECT_GCC_OPTIONS='-o' 'conftest' '-O3' '-pipe' '-v' '-mmacosx-version-min=10.14.0'  '-shared-libgcc' '-mtune=core2'
 /usr/local/Cellar/gcc/7.2.0_1/libexec/gcc/x86_64-apple-darwin16.7.0/7.2.0/collect2 -dynamic -arch x86_64 -macosx_version_min 10.14.0 -weak_reference_mismatches non-weak -o conftest -L/usr/local/Cellar/gcc/7.2.0_1/lib/gcc/7/gcc/x86_64-apple-darwin16.7.0/7.2.0 -L/usr/local/Cellar/gcc/7.2.0_1/lib/gcc/7/gcc/x86_64-apple-darwin16.7.0/7.2.0/../../.. /var/folders/mt/hh07zhhn6614w69qxlfmwyzh0000gn/T//cc4z6kzY.o -lgfortran -no_compact_unwind -lSystem -lgcc_ext.10.5 -lgcc -lquadmath -lm -lgcc_ext.10.5 -lgcc -lSystem -v
collect2 version 7.2.0
/usr/bin/ld -dynamic -arch x86_64 -macosx_version_min 10.14.0 -weak_reference_mismatches non-weak -o conftest -L/usr/local/Cellar/gcc/7.2.0_1/lib/gcc/7/gcc/x86_64-apple-darwin16.7.0/7.2.0 -L/usr/local/Cellar/gcc/7.2.0_1/lib/gcc/7/gcc/x86_64-apple-darwin16.7.0/7.2.0/../../.. /var/folders/mt/hh07zhhn6614w69qxlfmwyzh0000gn/T//cc4z6kzY.o -lgfortran -no_compact_unwind -lSystem -lgcc_ext.10.5 -lgcc -lquadmath -lm -lgcc_ext.10.5 -lgcc -lSystem -v
@(#)PROGRAM:ld  PROJECT:ld64-409.12
BUILD 17:47:51 Sep 25 2018
configured to support archs: armv6 armv7 armv7s arm64 i386 x86_64 x86_64h armv6m armv7k armv7m armv7em arm64e arm64_32
Library search paths:
	/usr/local/Cellar/gcc/7.2.0_1/lib/gcc/7/gcc/x86_64-apple-darwin16.7.0/7.2.0
	/usr/local/Cellar/gcc/7.2.0_1/lib/gcc/7
	/usr/lib
	/usr/local/lib
Framework search paths:
	/Library/Frameworks/
	/System/Library/Frameworks/
 /usr/bin/nm -n /var/folders/mt/hh07zhhn6614w69qxlfmwyzh0000gn/T//cc4z6kzY.o
configure:5110: result: -v
configure:5112: checking for Fortran libraries of gfortran
configure:5133: gfortran -o conftest -O3 -pipe   -v  conftest.f  >&5
Using built-in specs.
COLLECT_GCC=gfortran
COLLECT_LTO_WRAPPER=/usr/local/Cellar/gcc/7.2.0_1/libexec/gcc/x86_64-apple-darwin16.7.0/7.2.0/lto-wrapper
Target: x86_64-apple-darwin16.7.0
Configured with: ../configure --build=x86_64-apple-darwin16.7.0 --prefix=/usr/local/Cellar/gcc/7.2.0_1 --libdir=/usr/local/Cellar/gcc/7.2.0_1/lib/gcc/7 --enable-languages=c,c++,objc,obj-c++,fortran --program-suffix=-7 --with-gmp=/usr/local/opt/gmp --with-mpfr=/usr/local/opt/mpfr --with-mpc=/usr/local/opt/libmpc --with-isl=/usr/local/opt/isl --with-system-zlib --enable-checking=release --with-pkgversion='Homebrew GCC 7.2.0_1' --with-bugurl=https://github.com/Homebrew/homebrew-core/issues --disable-nls
Thread model: posix
gcc version 7.2.0 (Homebrew GCC 7.2.0_1) 
COLLECT_GCC_OPTIONS='-o' 'conftest' '-O3' '-pipe' '-v' '-mmacosx-version-min=10.14.0'  '-shared-libgcc' '-mtune=core2'
 /usr/local/Cellar/gcc/7.2.0_1/libexec/gcc/x86_64-apple-darwin16.7.0/7.2.0/f951 conftest.f -ffixed-form -fPIC -quiet -dumpbase conftest.f -mmacosx-version-min=10.14.0 -mtune=core2 -auxbase conftest -O3 -version -fintrinsic-modules-path /usr/local/Cellar/gcc/7.2.0_1/lib/gcc/7/gcc/x86_64-apple-darwin16.7.0/7.2.0/finclude -o - |
 as -arch x86_64 -v -force_cpusubtype_ALL -mmacosx-version-min=10.14 -o /var/folders/mt/hh07zhhn6614w69qxlfmwyzh0000gn/T//ccR4gvBP.o
GNU Fortran (Homebrew GCC 7.2.0_1) version 7.2.0 (x86_64-apple-darwin16.7.0)
	compiled by GNU C version 7.2.0, GMP version 6.1.2, MPFR version 4.0.0, MPC version 1.1.0, isl version isl-0.18-GMP

GGC heuristics: --param ggc-min-expand=100 --param ggc-min-heapsize=131072
GNU Fortran2008 (Homebrew GCC 7.2.0_1) version 7.2.0 (x86_64-apple-darwin16.7.0)
	compiled by GNU C version 7.2.0, GMP version 6.1.2, MPFR version 4.0.0, MPC version 1.1.0, isl version isl-0.18-GMP

GGC heuristics: --param ggc-min-expand=100 --param ggc-min-heapsize=131072
Apple LLVM version 10.0.0 (clang-1000.11.45.5)
Target: x86_64-apple-darwin18.0.0
Thread model: posix
InstalledDir: /Applications/Xcode.app/Contents/Developer/Toolchains/XcodeDefault.xctoolchain/usr/bin
Found CUDA installation: /usr/local/cuda, version 8.0
 "/Applications/Xcode.app/Contents/Developer/Toolchains/XcodeDefault.xctoolchain/usr/bin/clang" -cc1as -triple x86_64-apple-macosx10.14.0 -filetype obj -main-file-name - -target-cpu penryn -fdebug-compilation-dir /Users/tmpethick/GoogleDrive/dtu/10-EPFL/thesis/thesis-code/IPOPT/Ipopt-3.11.7/build_rice/Ipopt -dwarf-debug-producer Apple LLVM version 10.0.0 (clang-1000.11.45.5) -dwarf-version=4 -mrelocation-model pic -o /var/folders/mt/hh07zhhn6614w69qxlfmwyzh0000gn/T//ccR4gvBP.o -
Reading specs from /usr/local/Cellar/gcc/7.2.0_1/lib/gcc/7/gcc/x86_64-apple-darwin16.7.0/7.2.0/../../../libgfortran.spec
rename spec lib to liborig
COLLECT_GCC_OPTIONS='-o' 'conftest' '-O3' '-pipe' '-v' '-mmacosx-version-min=10.14.0'  '-shared-libgcc' '-mtune=core2'
COMPILER_PATH=/usr/local/Cellar/gcc/7.2.0_1/libexec/gcc/x86_64-apple-darwin16.7.0/7.2.0/:/usr/local/Cellar/gcc/7.2.0_1/libexec/gcc/x86_64-apple-darwin16.7.0/7.2.0/:/usr/local/Cellar/gcc/7.2.0_1/libexec/gcc/x86_64-apple-darwin16.7.0/:/usr/local/Cellar/gcc/7.2.0_1/lib/gcc/7/gcc/x86_64-apple-darwin16.7.0/7.2.0/:/usr/local/Cellar/gcc/7.2.0_1/lib/gcc/7/gcc/x86_64-apple-darwin16.7.0/
LIBRARY_PATH=/usr/local/Cellar/gcc/7.2.0_1/lib/gcc/7/gcc/x86_64-apple-darwin16.7.0/7.2.0/:/usr/local/Cellar/gcc/7.2.0_1/lib/gcc/7/gcc/x86_64-apple-darwin16.7.0/7.2.0/../../../
COLLECT_GCC_OPTIONS='-o' 'conftest' '-O3' '-pipe' '-v' '-mmacosx-version-min=10.14.0'  '-shared-libgcc' '-mtune=core2'
 /usr/local/Cellar/gcc/7.2.0_1/libexec/gcc/x86_64-apple-darwin16.7.0/7.2.0/collect2 -dynamic -arch x86_64 -macosx_version_min 10.14.0 -weak_reference_mismatches non-weak -o conftest -L/usr/local/Cellar/gcc/7.2.0_1/lib/gcc/7/gcc/x86_64-apple-darwin16.7.0/7.2.0 -L/usr/local/Cellar/gcc/7.2.0_1/lib/gcc/7/gcc/x86_64-apple-darwin16.7.0/7.2.0/../../.. /var/folders/mt/hh07zhhn6614w69qxlfmwyzh0000gn/T//ccR4gvBP.o -lgfortran -no_compact_unwind -lSystem -lgcc_ext.10.5 -lgcc -lquadmath -lm -lgcc_ext.10.5 -lgcc -lSystem -v
collect2 version 7.2.0
/usr/bin/ld -dynamic -arch x86_64 -macosx_version_min 10.14.0 -weak_reference_mismatches non-weak -o conftest -L/usr/local/Cellar/gcc/7.2.0_1/lib/gcc/7/gcc/x86_64-apple-darwin16.7.0/7.2.0 -L/usr/local/Cellar/gcc/7.2.0_1/lib/gcc/7/gcc/x86_64-apple-darwin16.7.0/7.2.0/../../.. /var/folders/mt/hh07zhhn6614w69qxlfmwyzh0000gn/T//ccR4gvBP.o -lgfortran -no_compact_unwind -lSystem -lgcc_ext.10.5 -lgcc -lquadmath -lm -lgcc_ext.10.5 -lgcc -lSystem -v
@(#)PROGRAM:ld  PROJECT:ld64-409.12
BUILD 17:47:51 Sep 25 2018
configured to support archs: armv6 armv7 armv7s arm64 i386 x86_64 x86_64h armv6m armv7k armv7m armv7em arm64e arm64_32
Library search paths:
	/usr/local/Cellar/gcc/7.2.0_1/lib/gcc/7/gcc/x86_64-apple-darwin16.7.0/7.2.0
	/usr/local/Cellar/gcc/7.2.0_1/lib/gcc/7
	/usr/lib
	/usr/local/lib
Framework search paths:
	/Library/Frameworks/
	/System/Library/Frameworks/
 /usr/bin/nm -n /var/folders/mt/hh07zhhn6614w69qxlfmwyzh0000gn/T//ccR4gvBP.o
configure:5294: result:  -L/usr/local/Cellar/gcc/7.2.0_1/lib/gcc/7/gcc/x86_64-apple-darwin16.7.0/7.2.0 -L/usr/local/Cellar/gcc/7.2.0_1/lib/gcc/7/gcc/x86_64-apple-darwin16.7.0/7.2.0/../../.. -lgfortran -lSystem -lgcc_ext.10.5 -lquadmath -lm
configure:5361: Corrected Fortran libraries:  -L/usr/local/Cellar/gcc/7.2.0_1/lib/gcc/7/gcc/x86_64-apple-darwin16.7.0/7.2.0 -L/usr/local/Cellar/gcc/7.2.0_1/lib/gcc/7/gcc/x86_64-apple-darwin16.7.0/7.2.0/../../.. -lgfortran -lSystem -lquadmath -lm
configure:5370: checking for dummy main to link with Fortran libraries
configure:5409: cc -o conftest -O3 -pipe -DNDEBUG -Wimplicit -Wparentheses -Wsequence-point -Wreturn-type -Wcast-qual -Wall -Wno-unknown-pragmas -Wno-long-long   -DIPOPT_BUILD   conftest.c   -L/usr/local/Cellar/gcc/7.2.0_1/lib/gcc/7/gcc/x86_64-apple-darwin16.7.0/7.2.0 -L/usr/local/Cellar/gcc/7.2.0_1/lib/gcc/7/gcc/x86_64-apple-darwin16.7.0/7.2.0/../../.. -lgfortran -lSystem -lquadmath -lm >&5
configure:5415: $? = 0
configure:5419: test -z 
			 || test ! -s conftest.err
configure:5422: $? = 0
configure:5425: test -s conftest
configure:5428: $? = 0
configure:5506: result: none
configure:5542: checking for Fortran name-mangling scheme
configure:5556: gfortran -c -O3 -pipe   conftest.f >&5
configure:5562: $? = 0
configure:5566: test -z 
			 || test ! -s conftest.err
configure:5569: $? = 0
configure:5572: test -s conftest.o
configure:5575: $? = 0
configure:5622: cc -o conftest -O3 -pipe -DNDEBUG -Wimplicit -Wparentheses -Wsequence-point -Wreturn-type -Wcast-qual -Wall -Wno-unknown-pragmas -Wno-long-long   -DIPOPT_BUILD   conftest.c cfortran_test.o   -L/usr/local/Cellar/gcc/7.2.0_1/lib/gcc/7/gcc/x86_64-apple-darwin16.7.0/7.2.0 -L/usr/local/Cellar/gcc/7.2.0_1/lib/gcc/7/gcc/x86_64-apple-darwin16.7.0/7.2.0/../../.. -lgfortran -lSystem -lquadmath -lm >&5
Undefined symbols for architecture x86_64:
  "_foobar", referenced from:
      _main in conftest-070b82.o
     (maybe you meant: _foobar_)
ld: symbol(s) not found for architecture x86_64
clang: error: linker command failed with exit code 1 (use -v to see invocation)
configure:5628: $? = 1
configure: failed program was:
| /* confdefs.h.  */
| 
| #define PACKAGE_NAME "Ipopt"
| #define PACKAGE_TARNAME "ipopt"
| #define PACKAGE_VERSION "3.11.7"
| #define PACKAGE_STRING "Ipopt 3.11.7"
| #define PACKAGE_BUGREPORT "http://projects.coin-or.org/Ipopt/newticket"
| #define IPOPT_VERSION "3.11.7"
| #define IPOPT_VERSION_MAJOR 3
| #define IPOPT_VERSION_MINOR 11
| #define IPOPT_VERSION_RELEASE 7
| #define COIN_IPOPT_VERBOSITY 0
| #define COIN_IPOPT_CHECKLEVEL 0
| #ifdef __cplusplus
| extern "C" void exit (int);
| #endif
| /* end confdefs.h.  */
| 
| /* Override any gcc2 internal prototype to avoid an error.  */
| #ifdef __cplusplus
| extern "C"
| #endif
| /* We use char because int might match the return type of a gcc2
|    builtin and then its argument prototype would still apply.  */
| char foobar ();
| #ifdef F77_DUMMY_MAIN
| 
| #  ifdef __cplusplus
|      extern "C"
| #  endif
|    int F77_DUMMY_MAIN() { return 1; }
| 
| #endif
| int
| main ()
| {
| foobar ();
|   ;
|   return 0;
| }
configure:5622: cc -o conftest -O3 -pipe -DNDEBUG -Wimplicit -Wparentheses -Wsequence-point -Wreturn-type -Wcast-qual -Wall -Wno-unknown-pragmas -Wno-long-long   -DIPOPT_BUILD   conftest.c cfortran_test.o   -L/usr/local/Cellar/gcc/7.2.0_1/lib/gcc/7/gcc/x86_64-apple-darwin16.7.0/7.2.0 -L/usr/local/Cellar/gcc/7.2.0_1/lib/gcc/7/gcc/x86_64-apple-darwin16.7.0/7.2.0/../../.. -lgfortran -lSystem -lquadmath -lm >&5
configure:5628: $? = 0
configure:5632: test -z 
			 || test ! -s conftest.err
configure:5635: $? = 0
configure:5638: test -s conftest
configure:5641: $? = 0
configure:5709: cc -o conftest -O3 -pipe -DNDEBUG -Wimplicit -Wparentheses -Wsequence-point -Wreturn-type -Wcast-qual -Wall -Wno-unknown-pragmas -Wno-long-long   -DIPOPT_BUILD   conftest.c cfortran_test.o   -L/usr/local/Cellar/gcc/7.2.0_1/lib/gcc/7/gcc/x86_64-apple-darwin16.7.0/7.2.0 -L/usr/local/Cellar/gcc/7.2.0_1/lib/gcc/7/gcc/x86_64-apple-darwin16.7.0/7.2.0/../../.. -lgfortran -lSystem -lquadmath -lm >&5
configure:5715: $? = 0
configure:5719: test -z 
			 || test ! -s conftest.err
configure:5722: $? = 0
configure:5725: test -s conftest
configure:5728: $? = 0
configure:5778: result: lower case, underscore, no extra underscore
configure:5999: checking for a BSD-compatible install
configure:6054: result: /usr/local/bin/ginstall -c
configure:6065: checking whether build environment is sane
configure:6108: result: yes
configure:6173: checking for gawk
configure:6202: result: no
configure:6173: checking for mawk
configure:6202: result: no
configure:6173: checking for nawk
configure:6202: result: no
configure:6173: checking for awk
configure:6189: found /usr/bin/awk
configure:6199: result: awk
configure:6209: checking whether make sets $(MAKE)
configure:6229: result: yes
configure:6259: checking for style of include used by make
configure:6287: result: GNU
configure:6468: checking dependency style of cc
configure:6558: result: gcc3
configure:6577: checking dependency style of g++
configure:6667: result: gcc3
configure:6685: checking whether to enable maintainer-specific portions of Makefiles
configure:6694: result: no
configure:22076: Using libtool script in directory ..
configure:22151: checking if library version is set
configure:22155: result: 10:7:9
configure:22197: configuring doxygen documentation options
configure:22204: checking for doxygen
configure:22231: result: no
configure:22259: checking for dot
configure:22275: found /usr/local/bin/dot
configure:22286: result: YES
configure:22436: checking for pkg-config
configure:22452: found /usr/local/bin/pkg-config
configure:22462: result: pkg-config
configure:22477: checking pkg-config is at least version 0.16.0
configure:22480: result: yes
configure:24571: checking for BLAS in Veclib
configure:24687: cc -o conftest -O3 -pipe -DNDEBUG -Wimplicit -Wparentheses -Wsequence-point -Wreturn-type -Wcast-qual -Wall -Wno-unknown-pragmas -Wno-long-long   -DIPOPT_BUILD   conftest.c -framework vecLib  >&5
ld: framework not found vecLib
clang: error: linker command failed with exit code 1 (use -v to see invocation)
configure:24693: $? = 1
configure: failed program was:
| /* confdefs.h.  */
| 
| #define PACKAGE_NAME "Ipopt"
| #define PACKAGE_TARNAME "ipopt"
| #define PACKAGE_VERSION "3.11.7"
| #define PACKAGE_STRING "Ipopt 3.11.7"
| #define PACKAGE_BUGREPORT "http://projects.coin-or.org/Ipopt/newticket"
| #define IPOPT_VERSION "3.11.7"
| #define IPOPT_VERSION_MAJOR 3
| #define IPOPT_VERSION_MINOR 11
| #define IPOPT_VERSION_RELEASE 7
| #define COIN_IPOPT_VERBOSITY 0
| #define COIN_IPOPT_CHECKLEVEL 0
| #ifdef __cplusplus
| extern "C" void exit (int);
| #endif
| #define F77_FUNC(name,NAME) name ## _
| #define F77_FUNC_(name,NAME) name ## _
| #define PACKAGE "ipopt"
| #define VERSION "3.11.7"
| #define STDC_HEADERS 1
| #define HAVE_SYS_TYPES_H 1
| #define HAVE_SYS_STAT_H 1
| #define HAVE_STDLIB_H 1
| #define HAVE_STRING_H 1
| #define HAVE_MEMORY_H 1
| #define HAVE_STRINGS_H 1
| #define HAVE_INTTYPES_H 1
| #define HAVE_STDINT_H 1
| #define HAVE_UNISTD_H 1
| #define HAVE_DLFCN_H 1
| /* end confdefs.h.  */
| void daxpy_();
| #ifdef F77_DUMMY_MAIN
| 
| #  ifdef __cplusplus
|      extern "C"
| #  endif
|    int F77_DUMMY_MAIN() { return 1; }
| 
| #endif
| int
| main ()
| {
| daxpy_()
|   ;
|   return 0;
| }
configure:24754: cc -o conftest -O3 -pipe -DNDEBUG -Wimplicit -Wparentheses -Wsequence-point -Wreturn-type -Wcast-qual -Wall -Wno-unknown-pragmas -Wno-long-long   -DIPOPT_BUILD   conftest.c -framework vecLib   -L/usr/local/Cellar/gcc/7.2.0_1/lib/gcc/7/gcc/x86_64-apple-darwin16.7.0/7.2.0 -L/usr/local/Cellar/gcc/7.2.0_1/lib/gcc/7/gcc/x86_64-apple-darwin16.7.0/7.2.0/../../.. -lgfortran -lSystem -lquadmath -lm >&5
ld: framework not found vecLib
clang: error: linker command failed with exit code 1 (use -v to see invocation)
configure:24760: $? = 1
configure: failed program was:
| /* confdefs.h.  */
| 
| #define PACKAGE_NAME "Ipopt"
| #define PACKAGE_TARNAME "ipopt"
| #define PACKAGE_VERSION "3.11.7"
| #define PACKAGE_STRING "Ipopt 3.11.7"
| #define PACKAGE_BUGREPORT "http://projects.coin-or.org/Ipopt/newticket"
| #define IPOPT_VERSION "3.11.7"
| #define IPOPT_VERSION_MAJOR 3
| #define IPOPT_VERSION_MINOR 11
| #define IPOPT_VERSION_RELEASE 7
| #define COIN_IPOPT_VERBOSITY 0
| #define COIN_IPOPT_CHECKLEVEL 0
| #ifdef __cplusplus
| extern "C" void exit (int);
| #endif
| #define F77_FUNC(name,NAME) name ## _
| #define F77_FUNC_(name,NAME) name ## _
| #define PACKAGE "ipopt"
| #define VERSION "3.11.7"
| #define STDC_HEADERS 1
| #define HAVE_SYS_TYPES_H 1
| #define HAVE_SYS_STAT_H 1
| #define HAVE_STDLIB_H 1
| #define HAVE_STRING_H 1
| #define HAVE_MEMORY_H 1
| #define HAVE_STRINGS_H 1
| #define HAVE_INTTYPES_H 1
| #define HAVE_STDINT_H 1
| #define HAVE_UNISTD_H 1
| #define HAVE_DLFCN_H 1
| /* end confdefs.h.  */
| void daxpy_();
| #ifdef F77_DUMMY_MAIN
| 
| #  ifdef __cplusplus
|      extern "C"
| #  endif
|    int F77_DUMMY_MAIN() { return 1; }
| 
| #endif
| int
| main ()
| {
| daxpy_()
|   ;
|   return 0;
| }
configure:24790: result: no
configure:24969: checking whether -lblas has BLAS
configure:25085: cc -o conftest -O3 -pipe -DNDEBUG -Wimplicit -Wparentheses -Wsequence-point -Wreturn-type -Wcast-qual -Wall -Wno-unknown-pragmas -Wno-long-long   -DIPOPT_BUILD   conftest.c -lblas  >&5
configure:25091: $? = 0
configure:25095: test -z 
			 || test ! -s conftest.err
configure:25098: $? = 0
configure:25101: test -s conftest
configure:25104: $? = 0
configure:25121: result: yes: -lblas
configure:26373: checking whether LAPACK is already available with BLAS library
configure:26489: cc -o conftest -O3 -pipe -DNDEBUG -Wimplicit -Wparentheses -Wsequence-point -Wreturn-type -Wcast-qual -Wall -Wno-unknown-pragmas -Wno-long-long   -DIPOPT_BUILD   conftest.c -lblas  >&5
Undefined symbols for architecture x86_64:
  "_dsyev_", referenced from:
      _main in conftest-ac5b82.o
ld: symbol(s) not found for architecture x86_64
clang: error: linker command failed with exit code 1 (use -v to see invocation)
configure:26495: $? = 1
configure: failed program was:
| /* confdefs.h.  */
| 
| #define PACKAGE_NAME "Ipopt"
| #define PACKAGE_TARNAME "ipopt"
| #define PACKAGE_VERSION "3.11.7"
| #define PACKAGE_STRING "Ipopt 3.11.7"
| #define PACKAGE_BUGREPORT "http://projects.coin-or.org/Ipopt/newticket"
| #define IPOPT_VERSION "3.11.7"
| #define IPOPT_VERSION_MAJOR 3
| #define IPOPT_VERSION_MINOR 11
| #define IPOPT_VERSION_RELEASE 7
| #define COIN_IPOPT_VERBOSITY 0
| #define COIN_IPOPT_CHECKLEVEL 0
| #ifdef __cplusplus
| extern "C" void exit (int);
| #endif
| #define F77_FUNC(name,NAME) name ## _
| #define F77_FUNC_(name,NAME) name ## _
| #define PACKAGE "ipopt"
| #define VERSION "3.11.7"
| #define STDC_HEADERS 1
| #define HAVE_SYS_TYPES_H 1
| #define HAVE_SYS_STAT_H 1
| #define HAVE_STDLIB_H 1
| #define HAVE_STRING_H 1
| #define HAVE_MEMORY_H 1
| #define HAVE_STRINGS_H 1
| #define HAVE_INTTYPES_H 1
| #define HAVE_STDINT_H 1
| #define HAVE_UNISTD_H 1
| #define HAVE_DLFCN_H 1
| #define COIN_HAS_BLAS 1
| /* end confdefs.h.  */
| void dsyev_();
| #ifdef F77_DUMMY_MAIN
| 
| #  ifdef __cplusplus
|      extern "C"
| #  endif
|    int F77_DUMMY_MAIN() { return 1; }
| 
| #endif
| int
| main ()
| {
| dsyev_()
|   ;
|   return 0;
| }
configure:26556: cc -o conftest -O3 -pipe -DNDEBUG -Wimplicit -Wparentheses -Wsequence-point -Wreturn-type -Wcast-qual -Wall -Wno-unknown-pragmas -Wno-long-long   -DIPOPT_BUILD   conftest.c -lblas   -L/usr/local/Cellar/gcc/7.2.0_1/lib/gcc/7/gcc/x86_64-apple-darwin16.7.0/7.2.0 -L/usr/local/Cellar/gcc/7.2.0_1/lib/gcc/7/gcc/x86_64-apple-darwin16.7.0/7.2.0/../../.. -lgfortran -lSystem -lquadmath -lm >&5
Undefined symbols for architecture x86_64:
  "_dsyev_", referenced from:
      _main in conftest-c30173.o
ld: symbol(s) not found for architecture x86_64
clang: error: linker command failed with exit code 1 (use -v to see invocation)
configure:26562: $? = 1
configure: failed program was:
| /* confdefs.h.  */
| 
| #define PACKAGE_NAME "Ipopt"
| #define PACKAGE_TARNAME "ipopt"
| #define PACKAGE_VERSION "3.11.7"
| #define PACKAGE_STRING "Ipopt 3.11.7"
| #define PACKAGE_BUGREPORT "http://projects.coin-or.org/Ipopt/newticket"
| #define IPOPT_VERSION "3.11.7"
| #define IPOPT_VERSION_MAJOR 3
| #define IPOPT_VERSION_MINOR 11
| #define IPOPT_VERSION_RELEASE 7
| #define COIN_IPOPT_VERBOSITY 0
| #define COIN_IPOPT_CHECKLEVEL 0
| #ifdef __cplusplus
| extern "C" void exit (int);
| #endif
| #define F77_FUNC(name,NAME) name ## _
| #define F77_FUNC_(name,NAME) name ## _
| #define PACKAGE "ipopt"
| #define VERSION "3.11.7"
| #define STDC_HEADERS 1
| #define HAVE_SYS_TYPES_H 1
| #define HAVE_SYS_STAT_H 1
| #define HAVE_STDLIB_H 1
| #define HAVE_STRING_H 1
| #define HAVE_MEMORY_H 1
| #define HAVE_STRINGS_H 1
| #define HAVE_INTTYPES_H 1
| #define HAVE_STDINT_H 1
| #define HAVE_UNISTD_H 1
| #define HAVE_DLFCN_H 1
| #define COIN_HAS_BLAS 1
| /* end confdefs.h.  */
| void dsyev_();
| #ifdef F77_DUMMY_MAIN
| 
| #  ifdef __cplusplus
|      extern "C"
| #  endif
|    int F77_DUMMY_MAIN() { return 1; }
| 
| #endif
| int
| main ()
| {
| dsyev_()
|   ;
|   return 0;
| }
configure:26592: result: no
configure:27575: checking whether -llapack has LAPACK
configure:27691: cc -o conftest -O3 -pipe -DNDEBUG -Wimplicit -Wparentheses -Wsequence-point -Wreturn-type -Wcast-qual -Wall -Wno-unknown-pragmas -Wno-long-long   -DIPOPT_BUILD   conftest.c -llapack -lblas  >&5
configure:27697: $? = 0
configure:27701: test -z 
			 || test ! -s conftest.err
configure:27704: $? = 0
configure:27707: test -s conftest
configure:27710: $? = 0
configure:27727: result: yes: -llapack
configure:28546: checking for COIN-OR package ASL
configure:28689: result: yes: 1.2.15 
configure:29057: checking for COIN-OR package HSL
configure:29200: result: yes: 1.4.5 
configure:29568: checking for COIN-OR package Mumps
configure:29733: result: not given: No package 'coinmumps' found
configure:30094: checking for int *
configure:30126: cc -c -O3 -pipe -DNDEBUG -Wimplicit -Wparentheses -Wsequence-point -Wreturn-type -Wcast-qual -Wall -Wno-unknown-pragmas -Wno-long-long   -DIPOPT_BUILD  conftest.c >&5
configure:30132: $? = 0
configure:30136: test -z 
			 || test ! -s conftest.err
configure:30139: $? = 0
configure:30142: test -s conftest.o
configure:30145: $? = 0
configure:30156: result: yes
configure:30159: checking size of int *
configure:30526: cc -o conftest -O3 -pipe -DNDEBUG -Wimplicit -Wparentheses -Wsequence-point -Wreturn-type -Wcast-qual -Wall -Wno-unknown-pragmas -Wno-long-long   -DIPOPT_BUILD   conftest.c  >&5
configure:30529: $? = 0
configure:30531: ./conftest
configure:30534: $? = 0
configure:30557: result: 8
configure:30609: Using CXXAR="ar cru".
configure:30656: checking cmath usability
configure:30668: g++ -c -O3 -pipe -DNDEBUG    -DIPOPT_BUILD  conftest.cc >&5
configure:30674: $? = 0
configure:30678: test -z 
			 || test ! -s conftest.err
configure:30681: $? = 0
configure:30684: test -s conftest.o
configure:30687: $? = 0
configure:30697: result: yes
configure:30701: checking cmath presence
configure:30711: g++ -E  conftest.cc
configure:30717: $? = 0
configure:30737: result: yes
configure:30772: checking for cmath
configure:30779: result: yes
configure:30985: checking cctype usability
configure:30997: g++ -c -O3 -pipe -DNDEBUG    -DIPOPT_BUILD  conftest.cc >&5
configure:31003: $? = 0
configure:31007: test -z 
			 || test ! -s conftest.err
configure:31010: $? = 0
configure:31013: test -s conftest.o
configure:31016: $? = 0
configure:31026: result: yes
configure:31030: checking cctype presence
configure:31040: g++ -E  conftest.cc
configure:31046: $? = 0
configure:31066: result: yes
configure:31101: checking for cctype
configure:31108: result: yes
configure:31314: checking cassert usability
configure:31326: g++ -c -O3 -pipe -DNDEBUG    -DIPOPT_BUILD  conftest.cc >&5
configure:31332: $? = 0
configure:31336: test -z 
			 || test ! -s conftest.err
configure:31339: $? = 0
configure:31342: test -s conftest.o
configure:31345: $? = 0
configure:31355: result: yes
configure:31359: checking cassert presence
configure:31369: g++ -E  conftest.cc
configure:31375: $? = 0
configure:31395: result: yes
configure:31430: checking for cassert
configure:31437: result: yes
configure:31643: checking cstdio usability
configure:31655: g++ -c -O3 -pipe -DNDEBUG    -DIPOPT_BUILD  conftest.cc >&5
configure:31661: $? = 0
configure:31665: test -z 
			 || test ! -s conftest.err
configure:31668: $? = 0
configure:31671: test -s conftest.o
configure:31674: $? = 0
configure:31684: result: yes
configure:31688: checking cstdio presence
configure:31698: g++ -E  conftest.cc
configure:31704: $? = 0
configure:31724: result: yes
configure:31759: checking for cstdio
configure:31766: result: yes
configure:31972: checking cstdlib usability
configure:31984: g++ -c -O3 -pipe -DNDEBUG    -DIPOPT_BUILD  conftest.cc >&5
configure:31990: $? = 0
configure:31994: test -z 
			 || test ! -s conftest.err
configure:31997: $? = 0
configure:32000: test -s conftest.o
configure:32003: $? = 0
configure:32013: result: yes
configure:32017: checking cstdlib presence
configure:32027: g++ -E  conftest.cc
configure:32033: $? = 0
configure:32053: result: yes
configure:32088: checking for cstdlib
configure:32095: result: yes
configure:32301: checking cstdarg usability
configure:32313: g++ -c -O3 -pipe -DNDEBUG    -DIPOPT_BUILD  conftest.cc >&5
configure:32319: $? = 0
configure:32323: test -z 
			 || test ! -s conftest.err
configure:32326: $? = 0
configure:32329: test -s conftest.o
configure:32332: $? = 0
configure:32342: result: yes
configure:32346: checking cstdarg presence
configure:32356: g++ -E  conftest.cc
configure:32362: $? = 0
configure:32382: result: yes
configure:32417: checking for cstdarg
configure:32424: result: yes
configure:32630: checking cstring usability
configure:32642: g++ -c -O3 -pipe -DNDEBUG    -DIPOPT_BUILD  conftest.cc >&5
configure:32648: $? = 0
configure:32652: test -z 
			 || test ! -s conftest.err
configure:32655: $? = 0
configure:32658: test -s conftest.o
configure:32661: $? = 0
configure:32671: result: yes
configure:32675: checking cstring presence
configure:32685: g++ -E  conftest.cc
configure:32691: $? = 0
configure:32711: result: yes
configure:32746: checking for cstring
configure:32753: result: yes
configure:32959: checking cfloat usability
configure:32971: g++ -c -O3 -pipe -DNDEBUG    -DIPOPT_BUILD  conftest.cc >&5
configure:32977: $? = 0
configure:32981: test -z 
			 || test ! -s conftest.err
configure:32984: $? = 0
configure:32987: test -s conftest.o
configure:32990: $? = 0
configure:33000: result: yes
configure:33004: checking cfloat presence
configure:33014: g++ -E  conftest.cc
configure:33020: $? = 0
configure:33040: result: yes
configure:33075: checking for cfloat
configure:33082: result: yes
configure:33288: checking ctime usability
configure:33300: g++ -c -O3 -pipe -DNDEBUG    -DIPOPT_BUILD  conftest.cc >&5
configure:33306: $? = 0
configure:33310: test -z 
			 || test ! -s conftest.err
configure:33313: $? = 0
configure:33316: test -s conftest.o
configure:33319: $? = 0
configure:33329: result: yes
configure:33333: checking ctime presence
configure:33343: g++ -E  conftest.cc
configure:33349: $? = 0
configure:33369: result: yes
configure:33404: checking for ctime
configure:33411: result: yes
configure:33617: checking cstddef usability
configure:33629: g++ -c -O3 -pipe -DNDEBUG    -DIPOPT_BUILD  conftest.cc >&5
configure:33635: $? = 0
configure:33639: test -z 
			 || test ! -s conftest.err
configure:33642: $? = 0
configure:33645: test -s conftest.o
configure:33648: $? = 0
configure:33658: result: yes
configure:33662: checking cstddef presence
configure:33672: g++ -E  conftest.cc
configure:33678: $? = 0
configure:33698: result: yes
configure:33733: checking for cstddef
configure:33740: result: yes
configure:33951: checking for cmath
configure:33956: result: yes
configure:34280: checking for cfloat
configure:34285: result: yes
configure:34618: checking cieeefp usability
configure:34630: g++ -c -O3 -pipe -DNDEBUG    -DIPOPT_BUILD  conftest.cc >&5
conftest.cc:84:10: fatal error: 'cieeefp' file not found
#include <cieeefp>
         ^~~~~~~~~
1 error generated.
configure:34636: $? = 1
configure: failed program was:
| /* confdefs.h.  */
| 
| #define PACKAGE_NAME "Ipopt"
| #define PACKAGE_TARNAME "ipopt"
| #define PACKAGE_VERSION "3.11.7"
| #define PACKAGE_STRING "Ipopt 3.11.7"
| #define PACKAGE_BUGREPORT "http://projects.coin-or.org/Ipopt/newticket"
| #define IPOPT_VERSION "3.11.7"
| #define IPOPT_VERSION_MAJOR 3
| #define IPOPT_VERSION_MINOR 11
| #define IPOPT_VERSION_RELEASE 7
| #define COIN_IPOPT_VERBOSITY 0
| #define COIN_IPOPT_CHECKLEVEL 0
| #ifdef __cplusplus
| extern "C" void exit (int);
| #endif
| #define F77_FUNC(name,NAME) name ## _
| #define F77_FUNC_(name,NAME) name ## _
| #define PACKAGE "ipopt"
| #define VERSION "3.11.7"
| #define STDC_HEADERS 1
| #define HAVE_SYS_TYPES_H 1
| #define HAVE_SYS_STAT_H 1
| #define HAVE_STDLIB_H 1
| #define HAVE_STRING_H 1
| #define HAVE_MEMORY_H 1
| #define HAVE_STRINGS_H 1
| #define HAVE_INTTYPES_H 1
| #define HAVE_STDINT_H 1
| #define HAVE_UNISTD_H 1
| #define HAVE_DLFCN_H 1
| #define COIN_HAS_BLAS 1
| #define COIN_HAS_LAPACK 1
| #define COIN_HAS_ASL 1
| #define COIN_HAS_HSL 1
| #define SIZEOF_INT_P 8
| #define HAVE_CMATH 1
| #define HAVE_CCTYPE 1
| #define HAVE_CASSERT 1
| #define HAVE_CSTDIO 1
| #define HAVE_CSTDLIB 1
| #define HAVE_CSTDARG 1
| #define HAVE_CSTRING 1
| #define HAVE_CFLOAT 1
| #define HAVE_CTIME 1
| #define HAVE_CSTDDEF 1
| #define HAVE_CMATH 1
| #define HAVE_CFLOAT 1
| /* end confdefs.h.  */
| #include <stdio.h>
| #if HAVE_SYS_TYPES_H
| # include <sys/types.h>
| #endif
| #if HAVE_SYS_STAT_H
| # include <sys/stat.h>
| #endif
| #if STDC_HEADERS
| # include <stdlib.h>
| # include <stddef.h>
| #else
| # if HAVE_STDLIB_H
| #  include <stdlib.h>
| # endif
| #endif
| #if HAVE_STRING_H
| # if !STDC_HEADERS && HAVE_MEMORY_H
| #  include <memory.h>
| # endif
| # include <string.h>
| #endif
| #if HAVE_STRINGS_H
| # include <strings.h>
| #endif
| #if HAVE_INTTYPES_H
| # include <inttypes.h>
| #else
| # if HAVE_STDINT_H
| #  include <stdint.h>
| # endif
| #endif
| #if HAVE_UNISTD_H
| # include <unistd.h>
| #endif
| #include <cieeefp>
configure:34659: result: no
configure:34663: checking cieeefp presence
configure:34673: g++ -E  conftest.cc
conftest.cc:50:10: fatal error: 'cieeefp' file not found
#include <cieeefp>
         ^~~~~~~~~
1 error generated.
configure:34679: $? = 1
configure: failed program was:
| /* confdefs.h.  */
| 
| #define PACKAGE_NAME "Ipopt"
| #define PACKAGE_TARNAME "ipopt"
| #define PACKAGE_VERSION "3.11.7"
| #define PACKAGE_STRING "Ipopt 3.11.7"
| #define PACKAGE_BUGREPORT "http://projects.coin-or.org/Ipopt/newticket"
| #define IPOPT_VERSION "3.11.7"
| #define IPOPT_VERSION_MAJOR 3
| #define IPOPT_VERSION_MINOR 11
| #define IPOPT_VERSION_RELEASE 7
| #define COIN_IPOPT_VERBOSITY 0
| #define COIN_IPOPT_CHECKLEVEL 0
| #ifdef __cplusplus
| extern "C" void exit (int);
| #endif
| #define F77_FUNC(name,NAME) name ## _
| #define F77_FUNC_(name,NAME) name ## _
| #define PACKAGE "ipopt"
| #define VERSION "3.11.7"
| #define STDC_HEADERS 1
| #define HAVE_SYS_TYPES_H 1
| #define HAVE_SYS_STAT_H 1
| #define HAVE_STDLIB_H 1
| #define HAVE_STRING_H 1
| #define HAVE_MEMORY_H 1
| #define HAVE_STRINGS_H 1
| #define HAVE_INTTYPES_H 1
| #define HAVE_STDINT_H 1
| #define HAVE_UNISTD_H 1
| #define HAVE_DLFCN_H 1
| #define COIN_HAS_BLAS 1
| #define COIN_HAS_LAPACK 1
| #define COIN_HAS_ASL 1
| #define COIN_HAS_HSL 1
| #define SIZEOF_INT_P 8
| #define HAVE_CMATH 1
| #define HAVE_CCTYPE 1
| #define HAVE_CASSERT 1
| #define HAVE_CSTDIO 1
| #define HAVE_CSTDLIB 1
| #define HAVE_CSTDARG 1
| #define HAVE_CSTRING 1
| #define HAVE_CFLOAT 1
| #define HAVE_CTIME 1
| #define HAVE_CSTDDEF 1
| #define HAVE_CMATH 1
| #define HAVE_CFLOAT 1
| /* end confdefs.h.  */
| #include <cieeefp>
configure:34699: result: no
configure:34734: checking for cieeefp
configure:34741: result: no
configure:34776: checking ieeefp.h usability
configure:34788: g++ -c -O3 -pipe -DNDEBUG    -DIPOPT_BUILD  conftest.cc >&5
conftest.cc:84:10: fatal error: 'ieeefp.h' file not found
#include <ieeefp.h>
         ^~~~~~~~~~
1 error generated.
configure:34794: $? = 1
configure: failed program was:
| /* confdefs.h.  */
| 
| #define PACKAGE_NAME "Ipopt"
| #define PACKAGE_TARNAME "ipopt"
| #define PACKAGE_VERSION "3.11.7"
| #define PACKAGE_STRING "Ipopt 3.11.7"
| #define PACKAGE_BUGREPORT "http://projects.coin-or.org/Ipopt/newticket"
| #define IPOPT_VERSION "3.11.7"
| #define IPOPT_VERSION_MAJOR 3
| #define IPOPT_VERSION_MINOR 11
| #define IPOPT_VERSION_RELEASE 7
| #define COIN_IPOPT_VERBOSITY 0
| #define COIN_IPOPT_CHECKLEVEL 0
| #ifdef __cplusplus
| extern "C" void exit (int);
| #endif
| #define F77_FUNC(name,NAME) name ## _
| #define F77_FUNC_(name,NAME) name ## _
| #define PACKAGE "ipopt"
| #define VERSION "3.11.7"
| #define STDC_HEADERS 1
| #define HAVE_SYS_TYPES_H 1
| #define HAVE_SYS_STAT_H 1
| #define HAVE_STDLIB_H 1
| #define HAVE_STRING_H 1
| #define HAVE_MEMORY_H 1
| #define HAVE_STRINGS_H 1
| #define HAVE_INTTYPES_H 1
| #define HAVE_STDINT_H 1
| #define HAVE_UNISTD_H 1
| #define HAVE_DLFCN_H 1
| #define COIN_HAS_BLAS 1
| #define COIN_HAS_LAPACK 1
| #define COIN_HAS_ASL 1
| #define COIN_HAS_HSL 1
| #define SIZEOF_INT_P 8
| #define HAVE_CMATH 1
| #define HAVE_CCTYPE 1
| #define HAVE_CASSERT 1
| #define HAVE_CSTDIO 1
| #define HAVE_CSTDLIB 1
| #define HAVE_CSTDARG 1
| #define HAVE_CSTRING 1
| #define HAVE_CFLOAT 1
| #define HAVE_CTIME 1
| #define HAVE_CSTDDEF 1
| #define HAVE_CMATH 1
| #define HAVE_CFLOAT 1
| /* end confdefs.h.  */
| #include <stdio.h>
| #if HAVE_SYS_TYPES_H
| # include <sys/types.h>
| #endif
| #if HAVE_SYS_STAT_H
| # include <sys/stat.h>
| #endif
| #if STDC_HEADERS
| # include <stdlib.h>
| # include <stddef.h>
| #else
| # if HAVE_STDLIB_H
| #  include <stdlib.h>
| # endif
| #endif
| #if HAVE_STRING_H
| # if !STDC_HEADERS && HAVE_MEMORY_H
| #  include <memory.h>
| # endif
| # include <string.h>
| #endif
| #if HAVE_STRINGS_H
| # include <strings.h>
| #endif
| #if HAVE_INTTYPES_H
| # include <inttypes.h>
| #else
| # if HAVE_STDINT_H
| #  include <stdint.h>
| # endif
| #endif
| #if HAVE_UNISTD_H
| # include <unistd.h>
| #endif
| #include <ieeefp.h>
configure:34817: result: no
configure:34821: checking ieeefp.h presence
configure:34831: g++ -E  conftest.cc
conftest.cc:50:10: fatal error: 'ieeefp.h' file not found
#include <ieeefp.h>
         ^~~~~~~~~~
1 error generated.
configure:34837: $? = 1
configure: failed program was:
| /* confdefs.h.  */
| 
| #define PACKAGE_NAME "Ipopt"
| #define PACKAGE_TARNAME "ipopt"
| #define PACKAGE_VERSION "3.11.7"
| #define PACKAGE_STRING "Ipopt 3.11.7"
| #define PACKAGE_BUGREPORT "http://projects.coin-or.org/Ipopt/newticket"
| #define IPOPT_VERSION "3.11.7"
| #define IPOPT_VERSION_MAJOR 3
| #define IPOPT_VERSION_MINOR 11
| #define IPOPT_VERSION_RELEASE 7
| #define COIN_IPOPT_VERBOSITY 0
| #define COIN_IPOPT_CHECKLEVEL 0
| #ifdef __cplusplus
| extern "C" void exit (int);
| #endif
| #define F77_FUNC(name,NAME) name ## _
| #define F77_FUNC_(name,NAME) name ## _
| #define PACKAGE "ipopt"
| #define VERSION "3.11.7"
| #define STDC_HEADERS 1
| #define HAVE_SYS_TYPES_H 1
| #define HAVE_SYS_STAT_H 1
| #define HAVE_STDLIB_H 1
| #define HAVE_STRING_H 1
| #define HAVE_MEMORY_H 1
| #define HAVE_STRINGS_H 1
| #define HAVE_INTTYPES_H 1
| #define HAVE_STDINT_H 1
| #define HAVE_UNISTD_H 1
| #define HAVE_DLFCN_H 1
| #define COIN_HAS_BLAS 1
| #define COIN_HAS_LAPACK 1
| #define COIN_HAS_ASL 1
| #define COIN_HAS_HSL 1
| #define SIZEOF_INT_P 8
| #define HAVE_CMATH 1
| #define HAVE_CCTYPE 1
| #define HAVE_CASSERT 1
| #define HAVE_CSTDIO 1
| #define HAVE_CSTDLIB 1
| #define HAVE_CSTDARG 1
| #define HAVE_CSTRING 1
| #define HAVE_CFLOAT 1
| #define HAVE_CTIME 1
| #define HAVE_CSTDDEF 1
| #define HAVE_CMATH 1
| #define HAVE_CFLOAT 1
| /* end confdefs.h.  */
| #include <ieeefp.h>
configure:34857: result: no
configure:34892: checking for ieeefp.h
configure:34899: result: no
configure:34923: checking whether isfinite is declared
configure:34977: g++ -c -O3 -pipe -DNDEBUG    -DIPOPT_BUILD  conftest.cc >&5
conftest.cc:85:22: error: address of overloaded function 'isfinite' does not match required type 'char'
  char *p = (char *) isfinite;
                     ^~~~~~~~
/Applications/Xcode.app/Contents/Developer/Toolchains/XcodeDefault.xctoolchain/usr/include/c++/v1/math.h:439:1: note: candidate template ignored: could not match 'typename std::enable_if<std::is_arithmetic<_A1>::value && std::numeric_limits<_A1>::has_infinity, bool>::type (_A1) throw()' against 'char'
isfinite(_A1 __lcpp_x) _NOEXCEPT
^
/Applications/Xcode.app/Contents/Developer/Toolchains/XcodeDefault.xctoolchain/usr/include/c++/v1/math.h:449:1: note: candidate template ignored: could not match 'typename std::enable_if<std::is_arithmetic<_A1>::value && !std::numeric_limits<_A1>::has_infinity, bool>::type (_A1) throw()' against 'char'
isfinite(_A1) _NOEXCEPT
^
1 error generated.
configure:34983: $? = 1
configure: failed program was:
| /* confdefs.h.  */
| 
| #define PACKAGE_NAME "Ipopt"
| #define PACKAGE_TARNAME "ipopt"
| #define PACKAGE_VERSION "3.11.7"
| #define PACKAGE_STRING "Ipopt 3.11.7"
| #define PACKAGE_BUGREPORT "http://projects.coin-or.org/Ipopt/newticket"
| #define IPOPT_VERSION "3.11.7"
| #define IPOPT_VERSION_MAJOR 3
| #define IPOPT_VERSION_MINOR 11
| #define IPOPT_VERSION_RELEASE 7
| #define COIN_IPOPT_VERBOSITY 0
| #define COIN_IPOPT_CHECKLEVEL 0
| #ifdef __cplusplus
| extern "C" void exit (int);
| #endif
| #define F77_FUNC(name,NAME) name ## _
| #define F77_FUNC_(name,NAME) name ## _
| #define PACKAGE "ipopt"
| #define VERSION "3.11.7"
| #define STDC_HEADERS 1
| #define HAVE_SYS_TYPES_H 1
| #define HAVE_SYS_STAT_H 1
| #define HAVE_STDLIB_H 1
| #define HAVE_STRING_H 1
| #define HAVE_MEMORY_H 1
| #define HAVE_STRINGS_H 1
| #define HAVE_INTTYPES_H 1
| #define HAVE_STDINT_H 1
| #define HAVE_UNISTD_H 1
| #define HAVE_DLFCN_H 1
| #define COIN_HAS_BLAS 1
| #define COIN_HAS_LAPACK 1
| #define COIN_HAS_ASL 1
| #define COIN_HAS_HSL 1
| #define SIZEOF_INT_P 8
| #define HAVE_CMATH 1
| #define HAVE_CCTYPE 1
| #define HAVE_CASSERT 1
| #define HAVE_CSTDIO 1
| #define HAVE_CSTDLIB 1
| #define HAVE_CSTDARG 1
| #define HAVE_CSTRING 1
| #define HAVE_CFLOAT 1
| #define HAVE_CTIME 1
| #define HAVE_CSTDDEF 1
| #define HAVE_CMATH 1
| #define HAVE_CFLOAT 1
| /* end confdefs.h.  */
| 
| #ifdef HAVE_CMATH
| # include <cmath>
| #else
| # ifdef HAVE_MATH_H
| #  include <math.h>
| # endif
| #endif
| #ifdef HAVE_CFLOAT
| # include <cfloat>
| #else
| # ifdef HAVE_FLOAT_H
| #  include <float.h>
| # endif
| #endif
| #ifdef HAVE_CIEEEFP
| # include <cieeefp>
| #else
| # ifdef HAVE_IEEEFP_H
| #  include <ieeefp.h>
| # endif
| #endif
| 
| #ifdef F77_DUMMY_MAIN
| 
| #  ifdef __cplusplus
|      extern "C"
| #  endif
|    int F77_DUMMY_MAIN() { return 1; }
| 
| #endif
| int
| main ()
| {
| #ifndef isfinite
|   char *p = (char *) isfinite;
| #endif
| 
|   ;
|   return 0;
| }
configure:35007: result: no
configure:35014: checking whether finite is declared
configure:35068: g++ -c -O3 -pipe -DNDEBUG    -DIPOPT_BUILD  conftest.cc >&5
conftest.cc:85:22: warning: 'finite' is deprecated: first deprecated in macOS 10.9 - Use `isfinite((double)x)` instead. [-Wdeprecated-declarations]
  char *p = (char *) finite;
                     ^
/Applications/Xcode.app/Contents/Developer/Platforms/MacOSX.platform/Developer/SDKs/MacOSX10.14.sdk/usr/include/math.h:749:12: note: 'finite' has been explicitly marked deprecated here
extern int finite(double)
           ^
1 warning generated.
configure:35074: $? = 0
configure:35078: test -z 
			 || test ! -s conftest.err
configure:35081: $? = 0
configure:35084: test -s conftest.o
configure:35087: $? = 0
configure:35098: result: yes
configure:35220: checking whether va_copy is declared
configure:35260: g++ -c -O3 -pipe -DNDEBUG    -DIPOPT_BUILD  conftest.cc >&5
configure:35266: $? = 0
configure:35270: test -z 
			 || test ! -s conftest.err
configure:35273: $? = 0
configure:35276: test -s conftest.o
configure:35279: $? = 0
configure:35290: result: yes
configure:35305: checking whether drand48 is declared
configure:35346: g++ -c -O3 -pipe -DNDEBUG    -DIPOPT_BUILD  conftest.cc >&5
configure:35352: $? = 0
configure:35356: test -z 
			 || test ! -s conftest.err
configure:35359: $? = 0
configure:35362: test -s conftest.o
configure:35365: $? = 0
configure:35376: result: yes
configure:35387: checking whether rand is declared
configure:35428: g++ -c -O3 -pipe -DNDEBUG    -DIPOPT_BUILD  conftest.cc >&5
configure:35434: $? = 0
configure:35438: test -z 
			 || test ! -s conftest.err
configure:35441: $? = 0
configure:35444: test -s conftest.o
configure:35447: $? = 0
configure:35458: result: yes
configure:35469: checking whether srand is declared
configure:35510: g++ -c -O3 -pipe -DNDEBUG    -DIPOPT_BUILD  conftest.cc >&5
configure:35516: $? = 0
configure:35520: test -z 
			 || test ! -s conftest.err
configure:35523: $? = 0
configure:35526: test -s conftest.o
configure:35529: $? = 0
configure:35540: result: yes
configure:35574: checking whether MA28 is available with HSL
configure:35605: cc -E  -I/Users/tmpethick/GoogleDrive/dtu/10-EPFL/thesis/thesis-code/IPOPT/Ipopt-3.11.7/ThirdParty/HSL -I/Users/tmpethick/GoogleDrive/dtu/10-EPFL/thesis/thesis-code/IPOPT/Ipopt-3.11.7/build_rice/ThirdParty/HSL -I/Users/tmpethick/GoogleDrive/dtu/10-EPFL/thesis/thesis-code/IPOPT/Ipopt-3.11.7/ThirdParty/Metis/metis-4.0/Lib conftest.c
configure:35611: $? = 0
configure:35623: result: yes
configure:36130: checking whether this is a VPATH configuration
configure:36137: result: yes
configure:36159: checking for matlab installation
configure:36220: result: no
configure:36427: checking whether the linear solver loader should be compiled
configure:36429: result: yes
configure:36511: checking windows.h usability
configure:36523: cc -c -O3 -pipe -DNDEBUG -Wimplicit -Wparentheses -Wsequence-point -Wreturn-type -Wcast-qual -Wall -Wno-unknown-pragmas -Wno-long-long   -DIPOPT_BUILD  conftest.c >&5
conftest.c:91:10: fatal error: 'windows.h' file not found
#include <windows.h>
         ^~~~~~~~~~~
1 error generated.
configure:36529: $? = 1
configure: failed program was:
| /* confdefs.h.  */
| 
| #define PACKAGE_NAME "Ipopt"
| #define PACKAGE_TARNAME "ipopt"
| #define PACKAGE_VERSION "3.11.7"
| #define PACKAGE_STRING "Ipopt 3.11.7"
| #define PACKAGE_BUGREPORT "http://projects.coin-or.org/Ipopt/newticket"
| #define IPOPT_VERSION "3.11.7"
| #define IPOPT_VERSION_MAJOR 3
| #define IPOPT_VERSION_MINOR 11
| #define IPOPT_VERSION_RELEASE 7
| #define COIN_IPOPT_VERBOSITY 0
| #define COIN_IPOPT_CHECKLEVEL 0
| #ifdef __cplusplus
| extern "C" void exit (int);
| #endif
| #define F77_FUNC(name,NAME) name ## _
| #define F77_FUNC_(name,NAME) name ## _
| #define PACKAGE "ipopt"
| #define VERSION "3.11.7"
| #define STDC_HEADERS 1
| #define HAVE_SYS_TYPES_H 1
| #define HAVE_SYS_STAT_H 1
| #define HAVE_STDLIB_H 1
| #define HAVE_STRING_H 1
| #define HAVE_MEMORY_H 1
| #define HAVE_STRINGS_H 1
| #define HAVE_INTTYPES_H 1
| #define HAVE_STDINT_H 1
| #define HAVE_UNISTD_H 1
| #define HAVE_DLFCN_H 1
| #define COIN_HAS_BLAS 1
| #define COIN_HAS_LAPACK 1
| #define COIN_HAS_ASL 1
| #define COIN_HAS_HSL 1
| #define SIZEOF_INT_P 8
| #define HAVE_CMATH 1
| #define HAVE_CCTYPE 1
| #define HAVE_CASSERT 1
| #define HAVE_CSTDIO 1
| #define HAVE_CSTDLIB 1
| #define HAVE_CSTDARG 1
| #define HAVE_CSTRING 1
| #define HAVE_CFLOAT 1
| #define HAVE_CTIME 1
| #define HAVE_CSTDDEF 1
| #define HAVE_CMATH 1
| #define HAVE_CFLOAT 1
| #define COIN_C_FINITE finite
| #define HAVE_VA_COPY 1
| #define HAVE_DRAND48 1
| #define HAVE_RAND 1
| #define HAVE_STD__RAND 1
| #define FORTRAN_INTEGER_TYPE int
| #define HAVE_LINEARSOLVERLOADER 1
| /* end confdefs.h.  */
| #include <stdio.h>
| #if HAVE_SYS_TYPES_H
| # include <sys/types.h>
| #endif
| #if HAVE_SYS_STAT_H
| # include <sys/stat.h>
| #endif
| #if STDC_HEADERS
| # include <stdlib.h>
| # include <stddef.h>
| #else
| # if HAVE_STDLIB_H
| #  include <stdlib.h>
| # endif
| #endif
| #if HAVE_STRING_H
| # if !STDC_HEADERS && HAVE_MEMORY_H
| #  include <memory.h>
| # endif
| # include <string.h>
| #endif
| #if HAVE_STRINGS_H
| # include <strings.h>
| #endif
| #if HAVE_INTTYPES_H
| # include <inttypes.h>
| #else
| # if HAVE_STDINT_H
| #  include <stdint.h>
| # endif
| #endif
| #if HAVE_UNISTD_H
| # include <unistd.h>
| #endif
| #include <windows.h>
configure:36552: result: no
configure:36556: checking windows.h presence
configure:36566: cc -E  conftest.c
conftest.c:57:10: fatal error: 'windows.h' file not found
#include <windows.h>
         ^~~~~~~~~~~
1 error generated.
configure:36572: $? = 1
configure: failed program was:
| /* confdefs.h.  */
| 
| #define PACKAGE_NAME "Ipopt"
| #define PACKAGE_TARNAME "ipopt"
| #define PACKAGE_VERSION "3.11.7"
| #define PACKAGE_STRING "Ipopt 3.11.7"
| #define PACKAGE_BUGREPORT "http://projects.coin-or.org/Ipopt/newticket"
| #define IPOPT_VERSION "3.11.7"
| #define IPOPT_VERSION_MAJOR 3
| #define IPOPT_VERSION_MINOR 11
| #define IPOPT_VERSION_RELEASE 7
| #define COIN_IPOPT_VERBOSITY 0
| #define COIN_IPOPT_CHECKLEVEL 0
| #ifdef __cplusplus
| extern "C" void exit (int);
| #endif
| #define F77_FUNC(name,NAME) name ## _
| #define F77_FUNC_(name,NAME) name ## _
| #define PACKAGE "ipopt"
| #define VERSION "3.11.7"
| #define STDC_HEADERS 1
| #define HAVE_SYS_TYPES_H 1
| #define HAVE_SYS_STAT_H 1
| #define HAVE_STDLIB_H 1
| #define HAVE_STRING_H 1
| #define HAVE_MEMORY_H 1
| #define HAVE_STRINGS_H 1
| #define HAVE_INTTYPES_H 1
| #define HAVE_STDINT_H 1
| #define HAVE_UNISTD_H 1
| #define HAVE_DLFCN_H 1
| #define COIN_HAS_BLAS 1
| #define COIN_HAS_LAPACK 1
| #define COIN_HAS_ASL 1
| #define COIN_HAS_HSL 1
| #define SIZEOF_INT_P 8
| #define HAVE_CMATH 1
| #define HAVE_CCTYPE 1
| #define HAVE_CASSERT 1
| #define HAVE_CSTDIO 1
| #define HAVE_CSTDLIB 1
| #define HAVE_CSTDARG 1
| #define HAVE_CSTRING 1
| #define HAVE_CFLOAT 1
| #define HAVE_CTIME 1
| #define HAVE_CSTDDEF 1
| #define HAVE_CMATH 1
| #define HAVE_CFLOAT 1
| #define COIN_C_FINITE finite
| #define HAVE_VA_COPY 1
| #define HAVE_DRAND48 1
| #define HAVE_RAND 1
| #define HAVE_STD__RAND 1
| #define FORTRAN_INTEGER_TYPE int
| #define HAVE_LINEARSOLVERLOADER 1
| /* end confdefs.h.  */
| #include <windows.h>
configure:36592: result: no
configure:36627: checking for windows.h
configure:36634: result: no
configure:36668: checking dlfcn.h usability
configure:36680: cc -c -O3 -pipe -DNDEBUG -Wimplicit -Wparentheses -Wsequence-point -Wreturn-type -Wcast-qual -Wall -Wno-unknown-pragmas -Wno-long-long   -DIPOPT_BUILD  conftest.c >&5
configure:36686: $? = 0
configure:36690: test -z 
			 || test ! -s conftest.err
configure:36693: $? = 0
configure:36696: test -s conftest.o
configure:36699: $? = 0
configure:36709: result: yes
configure:36713: checking dlfcn.h presence
configure:36723: cc -E  conftest.c
configure:36729: $? = 0
configure:36749: result: yes
configure:36784: checking for dlfcn.h
configure:36791: result: yes
configure:36805: checking for dlopen in -ldl
configure:36843: cc -o conftest -O3 -pipe -DNDEBUG -Wimplicit -Wparentheses -Wsequence-point -Wreturn-type -Wcast-qual -Wall -Wno-unknown-pragmas -Wno-long-long   -DIPOPT_BUILD   conftest.c -ldl   >&5
configure:36849: $? = 0
configure:36853: test -z 
			 || test ! -s conftest.err
configure:36856: $? = 0
configure:36859: test -s conftest
configure:36862: $? = 0
configure:36875: result: yes
configure:36917: checking for snprintf
configure:36982: cc -o conftest -O3 -pipe -DNDEBUG -Wimplicit -Wparentheses -Wsequence-point -Wreturn-type -Wcast-qual -Wall -Wno-unknown-pragmas -Wno-long-long   -DIPOPT_BUILD   conftest.c  >&5
conftest.c:83:6: warning: incompatible redeclaration of library function 'snprintf' [-Wincompatible-library-redeclaration]
char snprintf ();
     ^
conftest.c:83:6: note: 'snprintf' is a builtin with type 'int (char *, unsigned long, const char *, ...)'
1 warning generated.
configure:36988: $? = 0
configure:36992: test -z 
			 || test ! -s conftest.err
configure:36995: $? = 0
configure:36998: test -s conftest
configure:37001: $? = 0
configure:37013: result: yes
configure:37028: checking for vsnprintf
configure:37093: cc -o conftest -O3 -pipe -DNDEBUG -Wimplicit -Wparentheses -Wsequence-point -Wreturn-type -Wcast-qual -Wall -Wno-unknown-pragmas -Wno-long-long   -DIPOPT_BUILD   conftest.c  >&5
conftest.c:84:6: warning: incompatible redeclaration of library function 'vsnprintf' [-Wincompatible-library-redeclaration]
char vsnprintf ();
     ^
conftest.c:84:6: note: 'vsnprintf' is a builtin with type 'int (char *, unsigned long, const char *, struct __va_list_tag *)'
1 warning generated.
configure:37099: $? = 0
configure:37103: test -z 
			 || test ! -s conftest.err
configure:37106: $? = 0
configure:37109: test -s conftest
configure:37112: $? = 0
configure:37124: result: yes
configure:37910: checking which command should be used to link input files
configure:37918: result: ln -s
configure:38294: creating ./config.status

## ---------------------- ##
## Running config.status. ##
## ---------------------- ##

This file was extended by Ipopt config.status 3.11.7, which was
generated by GNU Autoconf 2.59.  Invocation command line was

  CONFIG_FILES    = 
  CONFIG_HEADERS  = 
  CONFIG_LINKS    = 
  CONFIG_COMMANDS = 
  $ ./config.status 

on tsf-492-wpa-0-170.epfl.ch

config.status:929: creating Makefile
config.status:929: creating src/Common/Makefile
config.status:929: creating src/LinAlg/Makefile
config.status:929: creating src/LinAlg/TMatrices/Makefile
config.status:929: creating src/Interfaces/Makefile
config.status:929: creating src/Algorithm/Makefile
config.status:929: creating src/Algorithm/LinearSolvers/Makefile
config.status:929: creating src/Algorithm/Inexact/Makefile
config.status:929: creating src/contrib/CGPenalty/Makefile
config.status:929: creating src/contrib/LinearSolverLoader/Makefile
config.status:929: creating src/Apps/Makefile
config.status:929: creating src/Apps/AmplSolver/Makefile
config.status:929: creating src/Apps/CUTErInterface/Makefile
config.status:929: creating examples/hs071_f/Makefile
config.status:929: creating examples/hs071_f/hs071_f.f
config.status:929: creating examples/Cpp_example/Makefile
config.status:929: creating examples/hs071_cpp/Makefile
config.status:929: creating examples/hs071_c/Makefile
config.status:929: creating examples/ScalableProblems/Makefile
config.status:929: creating tutorial/CodingExercise/C/1-skeleton/Makefile
config.status:929: creating tutorial/CodingExercise/C/2-mistake/Makefile
config.status:929: creating tutorial/CodingExercise/C/3-solution/Makefile
config.status:929: creating tutorial/CodingExercise/Cpp/1-skeleton/Makefile
config.status:929: creating tutorial/CodingExercise/Cpp/2-mistake/Makefile
config.status:929: creating tutorial/CodingExercise/Cpp/3-solution/Makefile
config.status:929: creating tutorial/CodingExercise/Matlab/1-skeleton/startup.m
config.status:929: creating tutorial/CodingExercise/Matlab/2-mistake/startup.m
config.status:929: creating tutorial/CodingExercise/Matlab/3-solution/startup.m
config.status:929: creating tutorial/CodingExercise/Fortran/1-skeleton/TutorialFortran.f
config.status:929: creating tutorial/CodingExercise/Fortran/2-mistake/TutorialFortran.f
config.status:929: creating tutorial/CodingExercise/Fortran/3-solution/TutorialFortran.f
config.status:929: creating tutorial/CodingExercise/Fortran/1-skeleton/Makefile
config.status:929: creating tutorial/CodingExercise/Fortran/2-mistake/Makefile
config.status:929: creating tutorial/CodingExercise/Fortran/3-solution/Makefile
config.status:929: creating test/Makefile
config.status:929: creating test/run_unitTests
config.status:929: creating contrib/MatlabInterface/src/Makefile
config.status:929: creating contrib/MatlabInterface/examples/startup.m
config.status:929: creating contrib/JavaInterface/Makefile
config.status:929: creating contrib/sIPOPT/Makefile
config.status:929: creating contrib/sIPOPT/AmplSolver/Makefile
config.status:929: creating contrib/sIPOPT/examples/parametric_cpp/Makefile
config.status:929: creating contrib/sIPOPT/examples/redhess_cpp/Makefile
config.status:929: creating contrib/sIPOPT/src/Makefile
config.status:929: creating ipopt.pc
config.status:929: creating ipopt-uninstalled.pc
config.status:929: creating doxydoc/doxygen.conf
config.status:929: creating contrib/RInterface/src/Makevars
config.status:929: creating ipoptamplinterface.pc
config.status:929: creating ipoptamplinterface-uninstalled.pc
config.status:1026: creating src/Common/config.h
config.status:1224: src/Common/config.h is unchanged
config.status:1026: creating src/Common/config_ipopt.h
config.status:1224: src/Common/config_ipopt.h is unchanged
config.status:1026: creating examples/ScalableProblems/config.h
config.status:1224: examples/ScalableProblems/config.h is unchanged
config.status:1303: linking ../../Ipopt/examples/hs071_cpp/hs071_main.cpp to test/hs071_main.cpp
config.status:1303: linking ../../Ipopt/examples/hs071_cpp/hs071_nlp.cpp to test/hs071_nlp.cpp
config.status:1303: linking ../../Ipopt/examples/hs071_cpp/hs071_nlp.hpp to test/hs071_nlp.hpp
config.status:1303: linking ../../Ipopt/examples/hs071_c/hs071_c.c to test/hs071_c.c
config.status:1540: executing depfiles commands
configure:39963: Creating VPATH links for data files
configure:40011: In case of trouble, first consult the troubleshooting page at https://projects.coin-or.org/BuildTools/wiki/user-troubleshooting
configure:40014: Configuration of Ipopt successful

## ---------------- ##
## Cache variables. ##
## ---------------- ##

ac_cv_build=i386-apple-darwin18.0.0
ac_cv_build_alias=i386-apple-darwin18.0.0
ac_cv_c_compiler_gnu=yes
ac_cv_cxx_compiler_gnu=yes
ac_cv_env_ADD_CFLAGS_set=
ac_cv_env_ADD_CFLAGS_value=
ac_cv_env_ADD_CXXFLAGS_set=
ac_cv_env_ADD_CXXFLAGS_value=
ac_cv_env_ADD_FFLAGS_set=
ac_cv_env_ADD_FFLAGS_value=
ac_cv_env_CC_set=
ac_cv_env_CC_value=
ac_cv_env_CDEFS_set=
ac_cv_env_CDEFS_value=
ac_cv_env_CFLAGS_set=
ac_cv_env_CFLAGS_value=
ac_cv_env_CPPFLAGS_set=
ac_cv_env_CPPFLAGS_value=
ac_cv_env_CPP_set=
ac_cv_env_CPP_value=
ac_cv_env_CXXAR_set=
ac_cv_env_CXXAR_value=
ac_cv_env_CXXCPP_set=
ac_cv_env_CXXCPP_value=
ac_cv_env_CXXDEFS_set=
ac_cv_env_CXXDEFS_value=
ac_cv_env_CXXFLAGS_set=
ac_cv_env_CXXFLAGS_value=
ac_cv_env_CXXLIBS_set=
ac_cv_env_CXXLIBS_value=
ac_cv_env_CXX_set=
ac_cv_env_CXX_value=
ac_cv_env_DBG_CFLAGS_set=
ac_cv_env_DBG_CFLAGS_value=
ac_cv_env_DBG_CXXFLAGS_set=
ac_cv_env_DBG_CXXFLAGS_value=
ac_cv_env_DBG_FFLAGS_set=
ac_cv_env_DBG_FFLAGS_value=
ac_cv_env_F77_set=
ac_cv_env_F77_value=
ac_cv_env_FFLAGS_set=
ac_cv_env_FFLAGS_value=
ac_cv_env_LDFLAGS_set=
ac_cv_env_LDFLAGS_value=
ac_cv_env_MPICC_set=
ac_cv_env_MPICC_value=
ac_cv_env_MPICXX_set=
ac_cv_env_MPICXX_value=
ac_cv_env_MPIF77_set=
ac_cv_env_MPIF77_value=
ac_cv_env_OPT_CFLAGS_set=
ac_cv_env_OPT_CFLAGS_value=
ac_cv_env_OPT_CXXFLAGS_set=
ac_cv_env_OPT_CXXFLAGS_value=
ac_cv_env_OPT_FFLAGS_set=
ac_cv_env_OPT_FFLAGS_value=
ac_cv_env_PKG_CONFIG_set=
ac_cv_env_PKG_CONFIG_value=
ac_cv_env_build_alias_set=
ac_cv_env_build_alias_value=
ac_cv_env_host_alias_set=
ac_cv_env_host_alias_value=
ac_cv_env_target_alias_set=
ac_cv_env_target_alias_value=
ac_cv_exeext=
ac_cv_f77_compiler_gnu=yes
ac_cv_f77_dummy_main=none
ac_cv_f77_libs=' -L/usr/local/Cellar/gcc/7.2.0_1/lib/gcc/7/gcc/x86_64-apple-darwin16.7.0/7.2.0 -L/usr/local/Cellar/gcc/7.2.0_1/lib/gcc/7/gcc/x86_64-apple-darwin16.7.0/7.2.0/../../.. -lgfortran -lSystem -lquadmath -lm'
ac_cv_f77_mangling='lower case, underscore, no extra underscore'
ac_cv_fortran_dummy_main=none
ac_cv_func_snprintf=yes
ac_cv_func_vsnprintf=yes
ac_cv_have_decl_drand48=yes
ac_cv_have_decl_finite=yes
ac_cv_have_decl_isfinite=no
ac_cv_have_decl_rand=yes
ac_cv_have_decl_srand=yes
ac_cv_have_decl_va_copy=yes
ac_cv_header_cassert=yes
ac_cv_header_cctype=yes
ac_cv_header_cfloat=yes
ac_cv_header_cieeefp=no
ac_cv_header_cmath=yes
ac_cv_header_cstdarg=yes
ac_cv_header_cstddef=yes
ac_cv_header_cstdio=yes
ac_cv_header_cstdlib=yes
ac_cv_header_cstring=yes
ac_cv_header_ctime=yes
ac_cv_header_dlfcn_h=yes
ac_cv_header_ieeefp_h=no
ac_cv_header_windows_h=no
ac_cv_lib_dl_dlopen=yes
ac_cv_objext=o
ac_cv_path_install='/usr/local/bin/ginstall -c'
ac_cv_prog_AWK=awk
ac_cv_prog_ac_ct_CC=cc
ac_cv_prog_ac_ct_CXX=g++
ac_cv_prog_ac_ct_F77=gfortran
ac_cv_prog_ac_ct_PKG_CONFIG=pkg-config
ac_cv_prog_cc_g=yes
ac_cv_prog_cc_stdc=
ac_cv_prog_coin_doxy_usedot=YES
ac_cv_prog_coin_have_doxygen=no
ac_cv_prog_cxx_g=yes
ac_cv_prog_egrep='grep -E'
ac_cv_prog_f77_g=yes
ac_cv_prog_f77_v=-v
ac_cv_prog_have_svnversion=yes
ac_cv_prog_make_make_set=yes
ac_cv_sizeof_int_p=8
ac_cv_type_int_p=yes
am_cv_CC_dependencies_compiler_type=gcc3
am_cv_CXX_dependencies_compiler_type=gcc3

## ----------------- ##
## Output variables. ##
## ----------------- ##

ABSBUILDDIR='/Users/tmpethick/GoogleDrive/dtu/10-EPFL/thesis/thesis-code/IPOPT/Ipopt-3.11.7/build_rice/Ipopt'
ACLOCAL='${SHELL} /Users/tmpethick/GoogleDrive/dtu/10-EPFL/thesis/thesis-code/IPOPT/Ipopt-3.11.7/Ipopt/missing --run aclocal-1.9'
ADD_CFLAGS=''
ADD_CXXFLAGS=''
ADD_FFLAGS=''
AIX_FIX_COMPILER_BUG_FALSE=''
AIX_FIX_COMPILER_BUG_TRUE='#'
ALWAYS_FALSE_FALSE=''
ALWAYS_FALSE_TRUE='#'
AMDEPBACKSLASH='\'
AMDEP_FALSE='#'
AMDEP_TRUE=''
AMTAR='${SHELL} /Users/tmpethick/GoogleDrive/dtu/10-EPFL/thesis/thesis-code/IPOPT/Ipopt-3.11.7/Ipopt/missing --run tar'
AR='ar'
ASL_CFLAGS='-I/Users/tmpethick/GoogleDrive/dtu/10-EPFL/thesis/thesis-code/IPOPT/Ipopt-3.11.7/build_rice/ThirdParty/ASL -I/Users/tmpethick/GoogleDrive/dtu/10-EPFL/thesis/thesis-code/IPOPT/Ipopt-3.11.7/ThirdParty/ASL/solvers'
ASL_CFLAGS_INSTALLED=''
ASL_DATA=''
ASL_DATA_INSTALLED=''
ASL_DEPENDENCIES=' /Users/tmpethick/GoogleDrive/dtu/10-EPFL/thesis/thesis-code/IPOPT/Ipopt-3.11.7/build_rice/ThirdParty/ASL/libcoinasl.la'
ASL_LIBS='/Users/tmpethick/GoogleDrive/dtu/10-EPFL/thesis/thesis-code/IPOPT/Ipopt-3.11.7/build_rice/ThirdParty/ASL/libcoinasl.la -lm -ldl'
ASL_LIBS_INSTALLED=''
ASTYLE='astyle'
ASTYLEFLAGS='--mode=c --indent=spaces=2 --indent-cases --indent-namespaces --min-conditional-indent=1 --brackets=linux --brackets=break-closing --convert-tabs'
AUTOCONF='${SHELL} /Users/tmpethick/GoogleDrive/dtu/10-EPFL/thesis/thesis-code/IPOPT/Ipopt-3.11.7/Ipopt/missing --run autoconf'
AUTOHEADER='${SHELL} /Users/tmpethick/GoogleDrive/dtu/10-EPFL/thesis/thesis-code/IPOPT/Ipopt-3.11.7/Ipopt/missing --run autoheader'
AUTOMAKE='${SHELL} /Users/tmpethick/GoogleDrive/dtu/10-EPFL/thesis/thesis-code/IPOPT/Ipopt-3.11.7/Ipopt/missing --run automake-1.9'
AUX_DIR=''
AWK='awk'
BIT32FCOMMENT='C'
BIT64FCOMMENT=''
BITS_PER_POINTER='64'
BLAS_CFLAGS=''
BLAS_CFLAGS_INSTALLED=''
BLAS_DATA=''
BLAS_DATA_INSTALLED=''
BLAS_DEPENDENCIES=''
BLAS_LIBS='-lblas'
BLAS_LIBS_INSTALLED=''
BLUEGENEEXTRA='echo'
BUILDTOOLSDIR=''
BUILD_INEXACT_FALSE=''
BUILD_INEXACT_TRUE='#'
BUILD_LINEARSOLVERLOADER_FALSE='#'
BUILD_LINEARSOLVERLOADER_TRUE=''
BUILD_PARDISOLOADER_FALSE='#'
BUILD_PARDISOLOADER_TRUE=''
CC='cc'
CCDEPMODE='depmode=gcc3'
CDEFS=''
CFLAGS='-O3 -pipe -DNDEBUG -Wimplicit -Wparentheses -Wsequence-point -Wreturn-type -Wcast-qual -Wall -Wno-unknown-pragmas -Wno-long-long   -DIPOPT_BUILD'
COIN_CC_IS_CL_FALSE=''
COIN_CC_IS_CL_TRUE='#'
COIN_CXX_IS_CL_FALSE=''
COIN_CXX_IS_CL_TRUE='#'
COIN_HAS_ASL_FALSE='#'
COIN_HAS_ASL_TRUE=''
COIN_HAS_BLAS_FALSE='#'
COIN_HAS_BLAS_TRUE=''
COIN_HAS_HSL_FALSE='#'
COIN_HAS_HSL_TRUE=''
COIN_HAS_LAPACK_FALSE='#'
COIN_HAS_LAPACK_TRUE=''
COIN_HAS_MUMPS_FALSE=''
COIN_HAS_MUMPS_TRUE='#'
COIN_HAS_PKGCONFIG_FALSE='#'
COIN_HAS_PKGCONFIG_TRUE=''
COIN_PKG_CONFIG_PATH='/Users/tmpethick/GoogleDrive/dtu/10-EPFL/thesis/thesis-code/IPOPT/Ipopt-3.11.7/build_rice/lib64/pkgconfig:/Users/tmpethick/GoogleDrive/dtu/10-EPFL/thesis/thesis-code/IPOPT/Ipopt-3.11.7/build_rice/lib/pkgconfig:/Users/tmpethick/GoogleDrive/dtu/10-EPFL/thesis/thesis-code/IPOPT/Ipopt-3.11.7/build_rice/share/pkgconfig:'
COIN_PKG_CONFIG_PATH_UNINSTALLED='/Users/tmpethick/GoogleDrive/dtu/10-EPFL/thesis/thesis-code/IPOPT/Ipopt-3.11.7/build_rice/Ipopt:/Users/tmpethick/GoogleDrive/dtu/10-EPFL/thesis/thesis-code/IPOPT/Ipopt-3.11.7/build_rice/ThirdParty/HSLold:/Users/tmpethick/GoogleDrive/dtu/10-EPFL/thesis/thesis-code/IPOPT/Ipopt-3.11.7/build_rice/ThirdParty/HSL:/Users/tmpethick/GoogleDrive/dtu/10-EPFL/thesis/thesis-code/IPOPT/Ipopt-3.11.7/build_rice/ThirdParty/Metis:/Users/tmpethick/GoogleDrive/dtu/10-EPFL/thesis/thesis-code/IPOPT/Ipopt-3.11.7/build_rice/ThirdParty/Lapack:/Users/tmpethick/GoogleDrive/dtu/10-EPFL/thesis/thesis-code/IPOPT/Ipopt-3.11.7/build_rice/ThirdParty/Blas:/Users/tmpethick/GoogleDrive/dtu/10-EPFL/thesis/thesis-code/IPOPT/Ipopt-3.11.7/build_rice/ThirdParty/ASL:'
CPP='cc -E'
CPPFLAGS=''
CXX='g++'
CXXAR='ar cru'
CXXCPP='g++ -E'
CXXDEFS=''
CXXDEPMODE='depmode=gcc3'
CXXFLAGS='-O3 -pipe -DNDEBUG    -DIPOPT_BUILD'
CXXLIBS='-lc++'
CYGPATH_W='echo'
DBG_CFLAGS='-g -O0 -pipe -Wimplicit -Wparentheses -Wsequence-point -Wreturn-type -Wcast-qual -Wall -Wno-unknown-pragmas -Wno-long-long  '
DBG_CXXFLAGS='-g -O0 -pipe   '
DBG_FFLAGS='-g -O0 -pipe  '
DEFS='-DHAVE_CONFIG_H'
DEPDIR='.deps'
DEPENDENCY_LINKING_FALSE=''
DEPENDENCY_LINKING_TRUE='#'
ECHO='/bin/echo'
ECHO_C='ECHO_N=''
ECHO_T=''
EGREP='grep -E'
EXEEXT=''
F77='gfortran'
FFLAGS='-O3 -pipe  '
FLIBS=' -L/usr/local/Cellar/gcc/7.2.0_1/lib/gcc/7/gcc/x86_64-apple-darwin16.7.0/7.2.0 -L/usr/local/Cellar/gcc/7.2.0_1/lib/gcc/7/gcc/x86_64-apple-darwin16.7.0/7.2.0/../../.. -lgfortran -lSystem -lquadmath -lm'
FRAMEWORK_VECLIB=''
HAVE_EXTERNALS_FALSE=''
HAVE_EXTERNALS_TRUE='#'
HAVE_MA28_FALSE='#'
HAVE_MA28_TRUE=''
HAVE_PARDISO_FALSE=''
HAVE_PARDISO_TRUE='#'
HAVE_WSMP_FALSE=''
HAVE_WSMP_TRUE='#'
HSL_CFLAGS='-I/Users/tmpethick/GoogleDrive/dtu/10-EPFL/thesis/thesis-code/IPOPT/Ipopt-3.11.7/ThirdParty/HSL -I/Users/tmpethick/GoogleDrive/dtu/10-EPFL/thesis/thesis-code/IPOPT/Ipopt-3.11.7/build_rice/ThirdParty/HSL -I/Users/tmpethick/GoogleDrive/dtu/10-EPFL/thesis/thesis-code/IPOPT/Ipopt-3.11.7/ThirdParty/Metis/metis-4.0/Lib'
HSL_CFLAGS_INSTALLED=''
HSL_DATA=''
HSL_DATA_INSTALLED=''
HSL_DEPENDENCIES=' /Users/tmpethick/GoogleDrive/dtu/10-EPFL/thesis/thesis-code/IPOPT/Ipopt-3.11.7/build_rice/ThirdParty/HSL/libcoinhsl.la /Users/tmpethick/GoogleDrive/dtu/10-EPFL/thesis/thesis-code/IPOPT/Ipopt-3.11.7/build_rice/ThirdParty/Metis/libcoinmetis.la'
HSL_LIBS='-L/usr/local/Cellar/gcc/7.2.0_1/lib/gcc/7/gcc/x86_64-apple-darwin16.7.0/7.2.0 -L/usr/local/Cellar/gcc/7.2.0_1/lib/gcc/7/gcc/x86_64-apple-darwin16.7.0/7.2.0/../../.. /Users/tmpethick/GoogleDrive/dtu/10-EPFL/thesis/thesis-code/IPOPT/Ipopt-3.11.7/build_rice/ThirdParty/HSL/libcoinhsl.la -lblas -lgfortran -lSystem -lquadmath -lm /Users/tmpethick/GoogleDrive/dtu/10-EPFL/thesis/thesis-code/IPOPT/Ipopt-3.11.7/build_rice/ThirdParty/Metis/libcoinmetis.la'
HSL_LIBS_INSTALLED=''
INSTALL_DATA='${INSTALL} -m 644'
INSTALL_PROGRAM='${INSTALL}'
INSTALL_SCRIPT='${INSTALL}'
INSTALL_STRIP_PROGRAM='${SHELL} $(install_sh) -c -s'
IPALLLIBS='../contrib/LinearSolverLoader/libLinearSolverLoader.la ../contrib/CGPenalty/libcgpenalty.la ../Algorithm/libipoptalg.la ../Algorithm/LinearSolvers/liblinsolvers.la ../Common/libcommon.la ../LinAlg/liblinalg.la ../LinAlg/TMatrices/libtmatrices.la'
IPOPTAMPLINTERFACELIB_CFLAGS='-I/Users/tmpethick/GoogleDrive/dtu/10-EPFL/thesis/thesis-code/IPOPT/Ipopt-3.11.7/build_rice/ThirdParty/ASL -I/Users/tmpethick/GoogleDrive/dtu/10-EPFL/thesis/thesis-code/IPOPT/Ipopt-3.11.7/ThirdParty/ASL/solvers '
IPOPTAMPLINTERFACELIB_CFLAGS_INSTALLED=''
IPOPTAMPLINTERFACELIB_DEPENDENCIES=' /Users/tmpethick/GoogleDrive/dtu/10-EPFL/thesis/thesis-code/IPOPT/Ipopt-3.11.7/build_rice/ThirdParty/ASL/libcoinasl.la  '
IPOPTAMPLINTERFACELIB_LIBS='/Users/tmpethick/GoogleDrive/dtu/10-EPFL/thesis/thesis-code/IPOPT/Ipopt-3.11.7/build_rice/ThirdParty/ASL/libcoinasl.la -lm -ldl '
IPOPTAMPLINTERFACELIB_LIBS_INSTALLED=''
IPOPTAMPLINTERFACELIB_PCLIBS=''
IPOPTAMPLINTERFACELIB_PCREQUIRES='coinasl '
IPOPTLIB_CFLAGS='-I/Users/tmpethick/GoogleDrive/dtu/10-EPFL/thesis/thesis-code/IPOPT/Ipopt-3.11.7/ThirdParty/HSL -I/Users/tmpethick/GoogleDrive/dtu/10-EPFL/thesis/thesis-code/IPOPT/Ipopt-3.11.7/build_rice/ThirdParty/HSL -I/Users/tmpethick/GoogleDrive/dtu/10-EPFL/thesis/thesis-code/IPOPT/Ipopt-3.11.7/ThirdParty/Metis/metis-4.0/Lib '
IPOPTLIB_CFLAGS_INSTALLED=''
IPOPTLIB_DEPENDENCIES=' /Users/tmpethick/GoogleDrive/dtu/10-EPFL/thesis/thesis-code/IPOPT/Ipopt-3.11.7/build_rice/ThirdParty/HSL/libcoinhsl.la /Users/tmpethick/GoogleDrive/dtu/10-EPFL/thesis/thesis-code/IPOPT/Ipopt-3.11.7/build_rice/ThirdParty/Metis/libcoinmetis.la  '
IPOPTLIB_LIBS='-L/usr/local/Cellar/gcc/7.2.0_1/lib/gcc/7/gcc/x86_64-apple-darwin16.7.0/7.2.0 -L/usr/local/Cellar/gcc/7.2.0_1/lib/gcc/7/gcc/x86_64-apple-darwin16.7.0/7.2.0/../../.. /Users/tmpethick/GoogleDrive/dtu/10-EPFL/thesis/thesis-code/IPOPT/Ipopt-3.11.7/build_rice/ThirdParty/HSL/libcoinhsl.la -lblas -lgfortran -lSystem -lquadmath -lm /Users/tmpethick/GoogleDrive/dtu/10-EPFL/thesis/thesis-code/IPOPT/Ipopt-3.11.7/build_rice/ThirdParty/Metis/libcoinmetis.la -llapack -lblas -lm  -ldl'
IPOPTLIB_LIBS_INSTALLED='-llapack -lblas -lm  -ldl'
IPOPTLIB_PCLIBS='-llapack -lblas -lm  -ldl'
IPOPTLIB_PCREQUIRES='coinhsl >= 1.3 '
IPOPT_SVN_REV=''
JAVA_HOME=''
JIPOPTDLL='libjipopt.so'
LAPACK_CFLAGS=''
LAPACK_CFLAGS_INSTALLED=''
LAPACK_DATA=''
LAPACK_DATA_INSTALLED=''
LAPACK_DEPENDENCIES=''
LAPACK_LIBS='-llapack'
LAPACK_LIBS_INSTALLED=''
LDFLAGS=''
LIBEXT='a'
LIBOBJS=''
LIBS=''
LIBTOOL='$(SHELL) $(top_builddir)/../libtool'
LIBTOOLM4=''
LN_S='ln -s'
LTLIBOBJS=''
LT_LDFLAGS=' -version-info 10:7:9'
MAINT='#'
MAINTAINER_MODE_FALSE=''
MAINTAINER_MODE_TRUE='#'
MAKEINFO='${SHELL} /Users/tmpethick/GoogleDrive/dtu/10-EPFL/thesis/thesis-code/IPOPT/Ipopt-3.11.7/Ipopt/missing --run makeinfo'
MATLAB_CYGPATH_W='echo'
MATLAB_HOME=''
MEXSUFFIX=''
MEX_STATIC_FALSE=''
MEX_STATIC_TRUE='#'
MEX_WINDOWS_FALSE=''
MEX_WINDOWS_TRUE='#'
MPICC=''
MPICXX=''
MPIF77=''
MUMPS_CFLAGS=''
MUMPS_CFLAGS_INSTALLED=''
MUMPS_DATA=''
MUMPS_DATA_INSTALLED=''
MUMPS_DEPENDENCIES=''
MUMPS_LIBS=''
MUMPS_LIBS_INSTALLED=''
MWMA57PATH=''
OBJEXT='o'
OPT_CFLAGS='-O3 -pipe -DNDEBUG -Wimplicit -Wparentheses -Wsequence-point -Wreturn-type -Wcast-qual -Wall -Wno-unknown-pragmas -Wno-long-long  '
OPT_CXXFLAGS='-O3 -pipe -DNDEBUG   '
OPT_FFLAGS='-O3 -pipe  '
PACKAGE='ipopt'
PACKAGE_BUGREPORT='http://projects.coin-or.org/Ipopt/newticket'
PACKAGE_NAME='Ipopt'
PACKAGE_STRING='Ipopt 3.11.7'
PACKAGE_TARNAME='ipopt'
PACKAGE_VERSION='3.11.7'
PATH_SEPARATOR=':'
PKG_CONFIG='pkg-config'
RANLIB='ranlib'
RPATH_FLAGS=''
SET_MAKE=''
SHARED_FLAGS='-shared'
SHELL='/bin/sh'
STRIP='strip'
VERSION='3.11.7'
VPATH_DISTCLEANFILES=' contrib/JavaInterface/org/coinor/Ipopt.java contrib/JavaInterface/org/coinor/examples/HS071.java contrib/JavaInterface/org/coinor/examples/scalable/SolveProblem.java contrib/JavaInterface/org/coinor/examples/scalable/Scalable.java contrib/JavaInterface/org/coinor/examples/scalable/LuksanVlcek1.java contrib/MatlabInterface/examples/examplehs038.m contrib/MatlabInterface/examples/examplehs051.m contrib/MatlabInterface/examples/examplehs071.m contrib/MatlabInterface/examples/examplelasso.m contrib/MatlabInterface/examples/lasso.m contrib/RInterface/DESCRIPTION contrib/RInterface/NAMESPACE contrib/RInterface/inst/CITATION contrib/RInterface/inst/doc/ipoptr.Rnw contrib/RInterface/inst/doc/ipoptr.pdf contrib/RInterface/inst/doc/reflist.bib contrib/RInterface/man/ipoptr-package.Rd contrib/RInterface/man/ipoptr.Rd contrib/RInterface/man/is.ipoptr.Rd contrib/RInterface/man/make.sparse.Rd contrib/RInterface/man/plot.sparseness.Rd contrib/RInterface/man/print.ipoptr.Rd contrib/RInterface/man/print.sparseness.Rd contrib/RInterface/R/get.option.types.R contrib/RInterface/R/ipoptr.R contrib/RInterface/R/is.ipoptr.R contrib/RInterface/R/make.sparse.R contrib/RInterface/R/plot.sparseness.R contrib/RInterface/R/print.ipoptr.R contrib/RInterface/R/print.sparseness.R contrib/RInterface/tests/approx_banana.R contrib/RInterface/tests/banana.R contrib/RInterface/tests/hs071_nlp.R contrib/RInterface/tests/lasso.R contrib/RInterface/tests/mynlp.R contrib/RInterface/tests/parameters.R contrib/RInterface/tests/sparseness.R contrib/RInterface/src/ipoptr.cpp contrib/RInterface/src/IpoptRJournal.cpp contrib/RInterface/src/IpoptRNLP.cpp examples/Cpp_example/cpp_example.cpp examples/Cpp_example/MyNLP.cpp examples/Cpp_example/MyNLP.hpp examples/hs071_cpp/hs071_main.cpp examples/hs071_cpp/hs071_nlp.cpp examples/hs071_cpp/hs071_nlp.hpp examples/hs071_c/hs071_c.c tutorial/AmplExperiments/hs71.mod tutorial/AmplExperiments/infeasible.mod tutorial/AmplExperiments/MoreAmplModels.txt tutorial/AmplExperiments/car1.run tutorial/AmplExperiments/car1.gp tutorial/Modeling/bad1.mod tutorial/Modeling/bad1-fix1.mod tutorial/Modeling/bad1-fix2.mod tutorial/CodingExercise/exercise_example.mod tutorial/CodingExercise/C/1-skeleton/TutorialC.c tutorial/CodingExercise/C/2-mistake/TutorialC.c tutorial/CodingExercise/C/3-solution/TutorialC.c tutorial/CodingExercise/Cpp/1-skeleton/TutorialCpp_main.cpp tutorial/CodingExercise/Cpp/1-skeleton/TutorialCpp_nlp.hpp tutorial/CodingExercise/Cpp/1-skeleton/TutorialCpp_nlp.cpp tutorial/CodingExercise/Cpp/2-mistake/TutorialCpp_main.cpp tutorial/CodingExercise/Cpp/2-mistake/TutorialCpp_nlp.hpp tutorial/CodingExercise/Cpp/2-mistake/TutorialCpp_nlp.cpp tutorial/CodingExercise/Cpp/3-solution/TutorialCpp_main.cpp tutorial/CodingExercise/Cpp/3-solution/TutorialCpp_nlp.hpp tutorial/CodingExercise/Cpp/3-solution/TutorialCpp_nlp.cpp tutorial/CodingExercise/Matlab/1-skeleton/TutorialMatlab.m tutorial/CodingExercise/Matlab/2-mistake/TutorialMatlab.m tutorial/CodingExercise/Matlab/3-solution/TutorialMatlab.m contrib/sIPOPT/examples/parametric_cpp/parametric_driver.cpp contrib/sIPOPT/examples/parametric_cpp/parametricTNLP.cpp contrib/sIPOPT/examples/parametric_cpp/parametricTNLP.hpp contrib/sIPOPT/examples/redhess_cpp/MySensTNLP.cpp contrib/sIPOPT/examples/redhess_cpp/MySensTNLP.hpp contrib/sIPOPT/examples/redhess_cpp/redhess_cpp.cpp'
abs_bin_dir='/Users/tmpethick/GoogleDrive/dtu/10-EPFL/thesis/thesis-code/IPOPT/Ipopt-3.11.7/build_rice/bin'
abs_include_dir='/Users/tmpethick/GoogleDrive/dtu/10-EPFL/thesis/thesis-code/IPOPT/Ipopt-3.11.7/build_rice/include'
abs_lib_dir='/Users/tmpethick/GoogleDrive/dtu/10-EPFL/thesis/thesis-code/IPOPT/Ipopt-3.11.7/build_rice/lib'
abs_source_dir='/Users/tmpethick/GoogleDrive/dtu/10-EPFL/thesis/thesis-code/IPOPT/Ipopt-3.11.7/Ipopt'
ac_c_preproc_warn_flag=''
ac_ct_AR='ar'
ac_ct_CC='cc'
ac_ct_CXX='g++'
ac_ct_F77='gfortran'
ac_ct_PKG_CONFIG='pkg-config'
ac_ct_RANLIB='ranlib'
ac_ct_STRIP='strip'
ac_cxx_preproc_warn_flag=''
am__fastdepCC_FALSE='#'
am__fastdepCC_TRUE=''
am__fastdepCXX_FALSE='#'
am__fastdepCXX_TRUE=''
am__include='include'
am__leading_dot='.'
am__quote=''
am__tar='${AMTAR} chof - "$$tardir"'
am__untar='${AMTAR} xf -'
bindir='${exec_prefix}/bin'
build='i386-apple-darwin18.0.0'
build_alias=''
build_cpu='i386'
build_os='darwin18.0.0'
build_vendor='apple'
coin_doxy_excludes=''
coin_doxy_logname='doxydoc/ipopt_doxy.log'
coin_doxy_tagfiles=''
coin_doxy_tagname='doxydoc/ipopt_doxy.tag'
coin_doxy_usedot='YES'
coin_have_doxygen='no'
datadir='${prefix}/share'
exec_prefix='${prefix}'
have_autoconf=''
have_automake=''
have_svn=''
have_svnversion='yes'
host='i386-apple-darwin18.0.0'
host_alias=''
host_cpu='i386'
host_os='darwin18.0.0'
host_vendor='apple'
includedir='${prefix}/include'
infodir='${prefix}/info'
install_sh='/Users/tmpethick/GoogleDrive/dtu/10-EPFL/thesis/thesis-code/IPOPT/Ipopt-3.11.7/Ipopt/install-sh'
libdir='${exec_prefix}/lib'
libexecdir='${exec_prefix}/libexec'
localstatedir='${prefix}/var'
mandir='${prefix}/man'
mkdir_p='$(install_sh) -d'
oldincludedir='/usr/include'
prefix='/Users/tmpethick/GoogleDrive/dtu/10-EPFL/thesis/thesis-code/IPOPT/Ipopt-3.11.7/build_rice'
program_transform_name='s,x,x,'
sbindir='${exec_prefix}/sbin'
sharedstatedir='${prefix}/com'
sol_cc_compiler=''
sysconfdir='${prefix}/etc'
target_alias=''

## ----------- ##
## confdefs.h. ##
## ----------- ##

#define COIN_C_FINITE finite
#define COIN_HAS_ASL 1
#define COIN_HAS_BLAS 1
#define COIN_HAS_HSL 1
#define COIN_HAS_LAPACK 1
#define COIN_IPOPT_CHECKLEVEL 0
#define COIN_IPOPT_VERBOSITY 0
#define F77_FUNC(name,NAME) name ## _
#define F77_FUNC_(name,NAME) name ## _
#define FORTRAN_INTEGER_TYPE int
#define HAVE_CASSERT 1
#define HAVE_CCTYPE 1
#define HAVE_CFLOAT 1
#define HAVE_CFLOAT 1
#define HAVE_CMATH 1
#define HAVE_CMATH 1
#define HAVE_CSTDARG 1
#define HAVE_CSTDDEF 1
#define HAVE_CSTDIO 1
#define HAVE_CSTDLIB 1
#define HAVE_CSTRING 1
#define HAVE_CTIME 1
#define HAVE_DLFCN_H 1
#define HAVE_DLFCN_H 1
#define HAVE_DRAND48 1
#define HAVE_INTTYPES_H 1
#define HAVE_LINEARSOLVERLOADER 1
#define HAVE_MEMORY_H 1
#define HAVE_RAND 1
#define HAVE_SNPRINTF 1
#define HAVE_STDINT_H 1
#define HAVE_STDLIB_H 1
#define HAVE_STD__RAND 1
#define HAVE_STRINGS_H 1
#define HAVE_STRING_H 1
#define HAVE_SYS_STAT_H 1
#define HAVE_SYS_TYPES_H 1
#define HAVE_UNISTD_H 1
#define HAVE_VA_COPY 1
#define HAVE_VSNPRINTF 1
#define IPOPT_VERSION "3.11.7"
#define IPOPT_VERSION_MAJOR 3
#define IPOPT_VERSION_MINOR 11
#define IPOPT_VERSION_RELEASE 7
#define PACKAGE "ipopt"
#define PACKAGE_BUGREPORT "http://projects.coin-or.org/Ipopt/newticket"
#define PACKAGE_NAME "Ipopt"
#define PACKAGE_STRING "Ipopt 3.11.7"
#define PACKAGE_TARNAME "ipopt"
#define PACKAGE_VERSION "3.11.7"
#define SHAREDLIBEXT "dylib"
#define SIZEOF_INT_P 8
#define STDC_HEADERS 1
#define VERSION "3.11.7"
#endif
#ifdef __cplusplus
extern "C" void exit (int);

configure: exit 0
