This file contains any messages produced by compilers while
running configure, to aid debugging if configure makes a mistake.

It was created by ThirdPartyHSL configure 1.4.5, which was
generated by GNU Autoconf 2.59.  Invocation command line was

  $ ../../../ThirdParty/HSL/configure --prefix=/Users/tmpethick/GoogleDrive/dtu/10-EPFL/thesis/thesis-code/IPOPT/Ipopt-3.11.7/build_rice coin_skip_warn_cxxflags=yes --cache-file=/dev/null --srcdir=../../../ThirdParty/HSL

## --------- ##
## Platform. ##
## --------- ##

hostname = tsf-492-wpa-0-170.epfl.ch
uname -m = x86_64
uname -r = 18.0.0
uname -s = Darwin
uname -v = Darwin Kernel Version 18.0.0: Wed Aug 22 20:13:40 PDT 2018; root:xnu-4903.201.2~1/RELEASE_X86_64

/usr/bin/uname -p = i386
/bin/uname -X     = unknown

/bin/arch              = unknown
/usr/bin/arch -k       = unknown
/usr/convex/getsysinfo = unknown
hostinfo               = Mach kernel version:
	 Darwin Kernel Version 18.0.0: Wed Aug 22 20:13:40 PDT 2018; root:xnu-4903.201.2~1/RELEASE_X86_64
Kernel configured for up to 8 processors.
4 processors are physically available.
8 processors are logically available.
Processor type: x86_64h (Intel x86-64h Haswell)
Processors active: 0 1 2 3 4 5 6 7
Primary memory available: 16.00 gigabytes
Default processor set: 530 tasks, 3494 threads, 8 processors
Load average: 4.76, Mach factor: 3.38
/bin/machine           = unknown
/usr/bin/oslevel       = unknown
/bin/universe          = unknown

PATH: /Users/tmpethick/ext/bin
PATH: /Users/tmpethick/.rvm/gems/ruby-2.4.0/bin
PATH: /Users/tmpethick/.rvm/gems/ruby-2.4.0@global/bin
PATH: /Users/tmpethick/.rvm/rubies/ruby-2.4.0/bin
PATH: /Users/tmpethick/Library/Haskell/bin
PATH: /Users/tmpethick/anaconda3/envs/lions/bin
PATH: /Users/tmpethick/.npm-packages/bin
PATH: /Users/tmpethick/.opam/system/bin
PATH: /Users/tmpethick/.local/bin
PATH: /usr/local/bin
PATH: /Users/tmpethick/.fastlane/bin
PATH: /Users/tmpethick/anaconda3/bin
PATH: /usr/local/bin
PATH: /usr/local/sbin
PATH: /usr/bin
PATH: /bin
PATH: /usr/sbin
PATH: /sbin
PATH: /Library/TeX/texbin
PATH: /usr/local/share/dotnet
PATH: /opt/X11/bin
PATH: /Library/Frameworks/Mono.framework/Versions/Current/Commands
PATH: /Applications/Xamarin Workbooks.app/Contents/SharedSupport/path-bin
PATH: /Users/tmpethick/.rvm/bin


## ----------- ##
## Core tests. ##
## ----------- ##

configure:1685: checking for svnversion
configure:1701: found /usr/bin/svnversion
configure:1712: result: yes
configure:1776: checking build system type
configure:1794: result: i386-apple-darwin18.0.0
configure:1812: checking whether we want to compile in debug mode
configure:1858: result: no
configure:2122: checking for xlc_r
configure:2151: result: no
configure:2122: checking for xlc
configure:2151: result: no
configure:2122: checking for cc
configure:2138: found /usr/bin/cc
configure:2148: result: cc
configure:2169: checking for C compiler version
configure:2172: cc --version </dev/null >&5
Apple LLVM version 10.0.0 (clang-1000.11.45.5)
Target: x86_64-apple-darwin18.0.0
Thread model: posix
InstalledDir: /Applications/Xcode.app/Contents/Developer/Toolchains/XcodeDefault.xctoolchain/usr/bin
configure:2175: $? = 0
configure:2177: cc -v </dev/null >&5
Apple LLVM version 10.0.0 (clang-1000.11.45.5)
Target: x86_64-apple-darwin18.0.0
Thread model: posix
InstalledDir: /Applications/Xcode.app/Contents/Developer/Toolchains/XcodeDefault.xctoolchain/usr/bin
Found CUDA installation: /usr/local/cuda, version 8.0
configure:2180: $? = 0
configure:2182: cc -V </dev/null >&5
clang: error: argument to '-V' is missing (expected 1 value)
clang: error: no input files
configure:2185: $? = 1
configure:2208: checking for C compiler default output file name
configure:2211: cc    conftest.c  >&5
configure:2214: $? = 0
configure:2260: result: a.out
configure:2265: checking whether the C compiler works
configure:2271: ./a.out
configure:2274: $? = 0
configure:2291: result: yes
configure:2298: checking whether we are cross compiling
configure:2300: result: no
configure:2303: checking for suffix of executables
configure:2305: cc -o conftest    conftest.c  >&5
configure:2308: $? = 0
configure:2333: result: 
configure:2339: checking for suffix of object files
configure:2360: cc -c   conftest.c >&5
configure:2363: $? = 0
configure:2385: result: o
configure:2389: checking whether we are using the GNU C compiler
configure:2413: cc -c   conftest.c >&5
configure:2419: $? = 0
configure:2423: test -z 
			 || test ! -s conftest.err
configure:2426: $? = 0
configure:2429: test -s conftest.o
configure:2432: $? = 0
configure:2445: result: yes
configure:2451: checking whether cc accepts -g
configure:2472: cc -c -g  conftest.c >&5
configure:2478: $? = 0
configure:2482: test -z 
			 || test ! -s conftest.err
configure:2485: $? = 0
configure:2488: test -s conftest.o
configure:2491: $? = 0
configure:2502: result: yes
configure:2519: checking for cc option to accept ANSI C
configure:2589: cc  -c -g -O2  conftest.c >&5
configure:2595: $? = 0
configure:2599: test -z 
			 || test ! -s conftest.err
configure:2602: $? = 0
configure:2605: test -s conftest.o
configure:2608: $? = 0
configure:2626: result: none needed
configure:2644: cc -c -g -O2  conftest.c >&5
conftest.c:2:3: error: unknown type name 'choke'
  choke me
  ^
conftest.c:2:11: error: expected ';' after top level declarator
  choke me
          ^
          ;
2 errors generated.
configure:2650: $? = 1
configure: failed program was:
| #ifndef __cplusplus
|   choke me
| #endif
configure:3078: cc -o conftest -O3 -pipe -DNDEBUG -Wimplicit -Wparentheses -Wsequence-point -Wreturn-type -Wcast-qual -Wall -Wno-unknown-pragmas -Wno-long-long   -DCOINHSL_BUILD   conftest.c  >&5
configure:3084: $? = 0
configure:3088: test -z 
			 || test ! -s conftest.err
configure:3091: $? = 0
configure:3094: test -s conftest
configure:3097: $? = 0
configure:3164: C compiler options are: -O3 -pipe -DNDEBUG -Wimplicit -Wparentheses -Wsequence-point -Wreturn-type -Wcast-qual -Wall -Wno-unknown-pragmas -Wno-long-long   -DCOINHSL_BUILD
configure:3249: Trying to determine Fortran compiler name
configure:3298: checking for xlf_r
configure:3327: result: no
configure:3298: checking for fort77
configure:3327: result: no
configure:3298: checking for gfortran
configure:3314: found /usr/local/bin/gfortran
configure:3324: result: gfortran
configure:3432: checking for Fortran 77 compiler version
configure:3435: gfortran --version </dev/null >&5
GNU Fortran (Homebrew GCC 7.2.0_1) 7.2.0
Copyright (C) 2017 Free Software Foundation, Inc.
This is free software; see the source for copying conditions.  There is NO
warranty; not even for MERCHANTABILITY or FITNESS FOR A PARTICULAR PURPOSE.

configure:3438: $? = 0
configure:3440: gfortran -v </dev/null >&5
Using built-in specs.
COLLECT_GCC=gfortran
COLLECT_LTO_WRAPPER=/usr/local/Cellar/gcc/7.2.0_1/libexec/gcc/x86_64-apple-darwin16.7.0/7.2.0/lto-wrapper
Target: x86_64-apple-darwin16.7.0
Configured with: ../configure --build=x86_64-apple-darwin16.7.0 --prefix=/usr/local/Cellar/gcc/7.2.0_1 --libdir=/usr/local/Cellar/gcc/7.2.0_1/lib/gcc/7 --enable-languages=c,c++,objc,obj-c++,fortran --program-suffix=-7 --with-gmp=/usr/local/opt/gmp --with-mpfr=/usr/local/opt/mpfr --with-mpc=/usr/local/opt/libmpc --with-isl=/usr/local/opt/isl --with-system-zlib --enable-checking=release --with-pkgversion='Homebrew GCC 7.2.0_1' --with-bugurl=https://github.com/Homebrew/homebrew-core/issues --disable-nls
Thread model: posix
gcc version 7.2.0 (Homebrew GCC 7.2.0_1) 
configure:3443: $? = 0
configure:3445: gfortran -V </dev/null >&5
gfortran: error: unrecognized command line option '-V'
gfortran: fatal error: no input files
compilation terminated.
configure:3448: $? = 1
configure:3456: checking whether we are using the GNU Fortran 77 compiler
configure:3470: gfortran -c  conftest.F >&5
configure:3476: $? = 0
configure:3480: test -z 
			 || test ! -s conftest.err
configure:3483: $? = 0
configure:3486: test -s conftest.o
configure:3489: $? = 0
configure:3502: result: yes
configure:3508: checking whether gfortran accepts -g
configure:3520: gfortran -c -g conftest.f >&5
configure:3526: $? = 0
configure:3530: test -z 
			 || test ! -s conftest.err
configure:3533: $? = 0
configure:3536: test -s conftest.o
configure:3539: $? = 0
configure:3551: result: yes
configure:3786: gfortran -o conftest -O3 -pipe    conftest.f  >&5
configure:3792: $? = 0
configure:3796: test -z 
			 || test ! -s conftest.err
configure:3799: $? = 0
configure:3802: test -s conftest
configure:3805: $? = 0
configure:3863: Fortran compiler options are: -O3 -pipe  
configure:3959: checking for pkg-config
configure:3975: found /usr/local/bin/pkg-config
configure:3985: result: pkg-config
configure:4000: checking pkg-config is at least version 0.16.0
configure:4003: result: yes
configure:4106: checking how to get verbose linking output from gfortran
configure:4117: gfortran -c -O3 -pipe   conftest.f >&5
configure:4123: $? = 0
configure:4127: test -z 
			 || test ! -s conftest.err
configure:4130: $? = 0
configure:4133: test -s conftest.o
configure:4136: $? = 0
configure:4153: gfortran -o conftest -O3 -pipe   -v  conftest.f  >&5
Using built-in specs.
COLLECT_GCC=gfortran
COLLECT_LTO_WRAPPER=/usr/local/Cellar/gcc/7.2.0_1/libexec/gcc/x86_64-apple-darwin16.7.0/7.2.0/lto-wrapper
Target: x86_64-apple-darwin16.7.0
Configured with: ../configure --build=x86_64-apple-darwin16.7.0 --prefix=/usr/local/Cellar/gcc/7.2.0_1 --libdir=/usr/local/Cellar/gcc/7.2.0_1/lib/gcc/7 --enable-languages=c,c++,objc,obj-c++,fortran --program-suffix=-7 --with-gmp=/usr/local/opt/gmp --with-mpfr=/usr/local/opt/mpfr --with-mpc=/usr/local/opt/libmpc --with-isl=/usr/local/opt/isl --with-system-zlib --enable-checking=release --with-pkgversion='Homebrew GCC 7.2.0_1' --with-bugurl=https://github.com/Homebrew/homebrew-core/issues --disable-nls
Thread model: posix
gcc version 7.2.0 (Homebrew GCC 7.2.0_1) 
COLLECT_GCC_OPTIONS='-o' 'conftest' '-O3' '-pipe' '-v' '-mmacosx-version-min=10.14.0'  '-shared-libgcc' '-mtune=core2'
 /usr/local/Cellar/gcc/7.2.0_1/libexec/gcc/x86_64-apple-darwin16.7.0/7.2.0/f951 conftest.f -ffixed-form -fPIC -quiet -dumpbase conftest.f -mmacosx-version-min=10.14.0 -mtune=core2 -auxbase conftest -O3 -version -fintrinsic-modules-path /usr/local/Cellar/gcc/7.2.0_1/lib/gcc/7/gcc/x86_64-apple-darwin16.7.0/7.2.0/finclude -o - |
 as -arch x86_64 -v -force_cpusubtype_ALL -mmacosx-version-min=10.14 -o /var/folders/mt/hh07zhhn6614w69qxlfmwyzh0000gn/T//ccGL5ODP.o
GNU Fortran (Homebrew GCC 7.2.0_1) version 7.2.0 (x86_64-apple-darwin16.7.0)
	compiled by GNU C version 7.2.0, GMP version 6.1.2, MPFR version 4.0.0, MPC version 1.1.0, isl version isl-0.18-GMP

GGC heuristics: --param ggc-min-expand=100 --param ggc-min-heapsize=131072
GNU Fortran2008 (Homebrew GCC 7.2.0_1) version 7.2.0 (x86_64-apple-darwin16.7.0)
	compiled by GNU C version 7.2.0, GMP version 6.1.2, MPFR version 4.0.0, MPC version 1.1.0, isl version isl-0.18-GMP

GGC heuristics: --param ggc-min-expand=100 --param ggc-min-heapsize=131072
Apple LLVM version 10.0.0 (clang-1000.11.45.5)
Target: x86_64-apple-darwin18.0.0
Thread model: posix
InstalledDir: /Applications/Xcode.app/Contents/Developer/Toolchains/XcodeDefault.xctoolchain/usr/bin
Found CUDA installation: /usr/local/cuda, version 8.0
 "/Applications/Xcode.app/Contents/Developer/Toolchains/XcodeDefault.xctoolchain/usr/bin/clang" -cc1as -triple x86_64-apple-macosx10.14.0 -filetype obj -main-file-name - -target-cpu penryn -fdebug-compilation-dir /Users/tmpethick/GoogleDrive/dtu/10-EPFL/thesis/thesis-code/IPOPT/Ipopt-3.11.7/build_rice/ThirdParty/HSL -dwarf-debug-producer Apple LLVM version 10.0.0 (clang-1000.11.45.5) -dwarf-version=4 -mrelocation-model pic -o /var/folders/mt/hh07zhhn6614w69qxlfmwyzh0000gn/T//ccGL5ODP.o -
Reading specs from /usr/local/Cellar/gcc/7.2.0_1/lib/gcc/7/gcc/x86_64-apple-darwin16.7.0/7.2.0/../../../libgfortran.spec
rename spec lib to liborig
COLLECT_GCC_OPTIONS='-o' 'conftest' '-O3' '-pipe' '-v' '-mmacosx-version-min=10.14.0'  '-shared-libgcc' '-mtune=core2'
COMPILER_PATH=/usr/local/Cellar/gcc/7.2.0_1/libexec/gcc/x86_64-apple-darwin16.7.0/7.2.0/:/usr/local/Cellar/gcc/7.2.0_1/libexec/gcc/x86_64-apple-darwin16.7.0/7.2.0/:/usr/local/Cellar/gcc/7.2.0_1/libexec/gcc/x86_64-apple-darwin16.7.0/:/usr/local/Cellar/gcc/7.2.0_1/lib/gcc/7/gcc/x86_64-apple-darwin16.7.0/7.2.0/:/usr/local/Cellar/gcc/7.2.0_1/lib/gcc/7/gcc/x86_64-apple-darwin16.7.0/
LIBRARY_PATH=/usr/local/Cellar/gcc/7.2.0_1/lib/gcc/7/gcc/x86_64-apple-darwin16.7.0/7.2.0/:/usr/local/Cellar/gcc/7.2.0_1/lib/gcc/7/gcc/x86_64-apple-darwin16.7.0/7.2.0/../../../
COLLECT_GCC_OPTIONS='-o' 'conftest' '-O3' '-pipe' '-v' '-mmacosx-version-min=10.14.0'  '-shared-libgcc' '-mtune=core2'
 /usr/local/Cellar/gcc/7.2.0_1/libexec/gcc/x86_64-apple-darwin16.7.0/7.2.0/collect2 -dynamic -arch x86_64 -macosx_version_min 10.14.0 -weak_reference_mismatches non-weak -o conftest -L/usr/local/Cellar/gcc/7.2.0_1/lib/gcc/7/gcc/x86_64-apple-darwin16.7.0/7.2.0 -L/usr/local/Cellar/gcc/7.2.0_1/lib/gcc/7/gcc/x86_64-apple-darwin16.7.0/7.2.0/../../.. /var/folders/mt/hh07zhhn6614w69qxlfmwyzh0000gn/T//ccGL5ODP.o -lgfortran -no_compact_unwind -lSystem -lgcc_ext.10.5 -lgcc -lquadmath -lm -lgcc_ext.10.5 -lgcc -lSystem -v
collect2 version 7.2.0
/usr/bin/ld -dynamic -arch x86_64 -macosx_version_min 10.14.0 -weak_reference_mismatches non-weak -o conftest -L/usr/local/Cellar/gcc/7.2.0_1/lib/gcc/7/gcc/x86_64-apple-darwin16.7.0/7.2.0 -L/usr/local/Cellar/gcc/7.2.0_1/lib/gcc/7/gcc/x86_64-apple-darwin16.7.0/7.2.0/../../.. /var/folders/mt/hh07zhhn6614w69qxlfmwyzh0000gn/T//ccGL5ODP.o -lgfortran -no_compact_unwind -lSystem -lgcc_ext.10.5 -lgcc -lquadmath -lm -lgcc_ext.10.5 -lgcc -lSystem -v
@(#)PROGRAM:ld  PROJECT:ld64-409.12
BUILD 17:47:51 Sep 25 2018
configured to support archs: armv6 armv7 armv7s arm64 i386 x86_64 x86_64h armv6m armv7k armv7m armv7em arm64e arm64_32
Library search paths:
	/usr/local/Cellar/gcc/7.2.0_1/lib/gcc/7/gcc/x86_64-apple-darwin16.7.0/7.2.0
	/usr/local/Cellar/gcc/7.2.0_1/lib/gcc/7
	/usr/lib
	/usr/local/lib
Framework search paths:
	/Library/Frameworks/
	/System/Library/Frameworks/
 /usr/bin/nm -n /var/folders/mt/hh07zhhn6614w69qxlfmwyzh0000gn/T//ccGL5ODP.o
configure:4208: result: -v
configure:4210: checking for Fortran libraries of gfortran
configure:4231: gfortran -o conftest -O3 -pipe   -v  conftest.f  >&5
Using built-in specs.
COLLECT_GCC=gfortran
COLLECT_LTO_WRAPPER=/usr/local/Cellar/gcc/7.2.0_1/libexec/gcc/x86_64-apple-darwin16.7.0/7.2.0/lto-wrapper
Target: x86_64-apple-darwin16.7.0
Configured with: ../configure --build=x86_64-apple-darwin16.7.0 --prefix=/usr/local/Cellar/gcc/7.2.0_1 --libdir=/usr/local/Cellar/gcc/7.2.0_1/lib/gcc/7 --enable-languages=c,c++,objc,obj-c++,fortran --program-suffix=-7 --with-gmp=/usr/local/opt/gmp --with-mpfr=/usr/local/opt/mpfr --with-mpc=/usr/local/opt/libmpc --with-isl=/usr/local/opt/isl --with-system-zlib --enable-checking=release --with-pkgversion='Homebrew GCC 7.2.0_1' --with-bugurl=https://github.com/Homebrew/homebrew-core/issues --disable-nls
Thread model: posix
gcc version 7.2.0 (Homebrew GCC 7.2.0_1) 
COLLECT_GCC_OPTIONS='-o' 'conftest' '-O3' '-pipe' '-v' '-mmacosx-version-min=10.14.0'  '-shared-libgcc' '-mtune=core2'
 /usr/local/Cellar/gcc/7.2.0_1/libexec/gcc/x86_64-apple-darwin16.7.0/7.2.0/f951 conftest.f -ffixed-form -fPIC -quiet -dumpbase conftest.f -mmacosx-version-min=10.14.0 -mtune=core2 -auxbase conftest -O3 -version -fintrinsic-modules-path /usr/local/Cellar/gcc/7.2.0_1/lib/gcc/7/gcc/x86_64-apple-darwin16.7.0/7.2.0/finclude -o - |
 as -arch x86_64 -v -force_cpusubtype_ALL -mmacosx-version-min=10.14 -o /var/folders/mt/hh07zhhn6614w69qxlfmwyzh0000gn/T//ccLXUbZy.o
GNU Fortran (Homebrew GCC 7.2.0_1) version 7.2.0 (x86_64-apple-darwin16.7.0)
	compiled by GNU C version 7.2.0, GMP version 6.1.2, MPFR version 4.0.0, MPC version 1.1.0, isl version isl-0.18-GMP

GGC heuristics: --param ggc-min-expand=100 --param ggc-min-heapsize=131072
GNU Fortran2008 (Homebrew GCC 7.2.0_1) version 7.2.0 (x86_64-apple-darwin16.7.0)
	compiled by GNU C version 7.2.0, GMP version 6.1.2, MPFR version 4.0.0, MPC version 1.1.0, isl version isl-0.18-GMP

GGC heuristics: --param ggc-min-expand=100 --param ggc-min-heapsize=131072
Apple LLVM version 10.0.0 (clang-1000.11.45.5)
Target: x86_64-apple-darwin18.0.0
Thread model: posix
InstalledDir: /Applications/Xcode.app/Contents/Developer/Toolchains/XcodeDefault.xctoolchain/usr/bin
Found CUDA installation: /usr/local/cuda, version 8.0
 "/Applications/Xcode.app/Contents/Developer/Toolchains/XcodeDefault.xctoolchain/usr/bin/clang" -cc1as -triple x86_64-apple-macosx10.14.0 -filetype obj -main-file-name - -target-cpu penryn -fdebug-compilation-dir /Users/tmpethick/GoogleDrive/dtu/10-EPFL/thesis/thesis-code/IPOPT/Ipopt-3.11.7/build_rice/ThirdParty/HSL -dwarf-debug-producer Apple LLVM version 10.0.0 (clang-1000.11.45.5) -dwarf-version=4 -mrelocation-model pic -o /var/folders/mt/hh07zhhn6614w69qxlfmwyzh0000gn/T//ccLXUbZy.o -
Reading specs from /usr/local/Cellar/gcc/7.2.0_1/lib/gcc/7/gcc/x86_64-apple-darwin16.7.0/7.2.0/../../../libgfortran.spec
rename spec lib to liborig
COLLECT_GCC_OPTIONS='-o' 'conftest' '-O3' '-pipe' '-v' '-mmacosx-version-min=10.14.0'  '-shared-libgcc' '-mtune=core2'
COMPILER_PATH=/usr/local/Cellar/gcc/7.2.0_1/libexec/gcc/x86_64-apple-darwin16.7.0/7.2.0/:/usr/local/Cellar/gcc/7.2.0_1/libexec/gcc/x86_64-apple-darwin16.7.0/7.2.0/:/usr/local/Cellar/gcc/7.2.0_1/libexec/gcc/x86_64-apple-darwin16.7.0/:/usr/local/Cellar/gcc/7.2.0_1/lib/gcc/7/gcc/x86_64-apple-darwin16.7.0/7.2.0/:/usr/local/Cellar/gcc/7.2.0_1/lib/gcc/7/gcc/x86_64-apple-darwin16.7.0/
LIBRARY_PATH=/usr/local/Cellar/gcc/7.2.0_1/lib/gcc/7/gcc/x86_64-apple-darwin16.7.0/7.2.0/:/usr/local/Cellar/gcc/7.2.0_1/lib/gcc/7/gcc/x86_64-apple-darwin16.7.0/7.2.0/../../../
COLLECT_GCC_OPTIONS='-o' 'conftest' '-O3' '-pipe' '-v' '-mmacosx-version-min=10.14.0'  '-shared-libgcc' '-mtune=core2'
 /usr/local/Cellar/gcc/7.2.0_1/libexec/gcc/x86_64-apple-darwin16.7.0/7.2.0/collect2 -dynamic -arch x86_64 -macosx_version_min 10.14.0 -weak_reference_mismatches non-weak -o conftest -L/usr/local/Cellar/gcc/7.2.0_1/lib/gcc/7/gcc/x86_64-apple-darwin16.7.0/7.2.0 -L/usr/local/Cellar/gcc/7.2.0_1/lib/gcc/7/gcc/x86_64-apple-darwin16.7.0/7.2.0/../../.. /var/folders/mt/hh07zhhn6614w69qxlfmwyzh0000gn/T//ccLXUbZy.o -lgfortran -no_compact_unwind -lSystem -lgcc_ext.10.5 -lgcc -lquadmath -lm -lgcc_ext.10.5 -lgcc -lSystem -v
collect2 version 7.2.0
/usr/bin/ld -dynamic -arch x86_64 -macosx_version_min 10.14.0 -weak_reference_mismatches non-weak -o conftest -L/usr/local/Cellar/gcc/7.2.0_1/lib/gcc/7/gcc/x86_64-apple-darwin16.7.0/7.2.0 -L/usr/local/Cellar/gcc/7.2.0_1/lib/gcc/7/gcc/x86_64-apple-darwin16.7.0/7.2.0/../../.. /var/folders/mt/hh07zhhn6614w69qxlfmwyzh0000gn/T//ccLXUbZy.o -lgfortran -no_compact_unwind -lSystem -lgcc_ext.10.5 -lgcc -lquadmath -lm -lgcc_ext.10.5 -lgcc -lSystem -v
@(#)PROGRAM:ld  PROJECT:ld64-409.12
BUILD 17:47:51 Sep 25 2018
configured to support archs: armv6 armv7 armv7s arm64 i386 x86_64 x86_64h armv6m armv7k armv7m armv7em arm64e arm64_32
Library search paths:
	/usr/local/Cellar/gcc/7.2.0_1/lib/gcc/7/gcc/x86_64-apple-darwin16.7.0/7.2.0
	/usr/local/Cellar/gcc/7.2.0_1/lib/gcc/7
	/usr/lib
	/usr/local/lib
Framework search paths:
	/Library/Frameworks/
	/System/Library/Frameworks/
 /usr/bin/nm -n /var/folders/mt/hh07zhhn6614w69qxlfmwyzh0000gn/T//ccLXUbZy.o
configure:4392: result:  -L/usr/local/Cellar/gcc/7.2.0_1/lib/gcc/7/gcc/x86_64-apple-darwin16.7.0/7.2.0 -L/usr/local/Cellar/gcc/7.2.0_1/lib/gcc/7/gcc/x86_64-apple-darwin16.7.0/7.2.0/../../.. -lgfortran -lSystem -lgcc_ext.10.5 -lquadmath -lm
configure:4459: Corrected Fortran libraries:  -L/usr/local/Cellar/gcc/7.2.0_1/lib/gcc/7/gcc/x86_64-apple-darwin16.7.0/7.2.0 -L/usr/local/Cellar/gcc/7.2.0_1/lib/gcc/7/gcc/x86_64-apple-darwin16.7.0/7.2.0/../../.. -lgfortran -lSystem -lquadmath -lm
configure:4468: checking for dummy main to link with Fortran libraries
configure:4507: cc -o conftest -O3 -pipe -DNDEBUG -Wimplicit -Wparentheses -Wsequence-point -Wreturn-type -Wcast-qual -Wall -Wno-unknown-pragmas -Wno-long-long   -DCOINHSL_BUILD   conftest.c   -L/usr/local/Cellar/gcc/7.2.0_1/lib/gcc/7/gcc/x86_64-apple-darwin16.7.0/7.2.0 -L/usr/local/Cellar/gcc/7.2.0_1/lib/gcc/7/gcc/x86_64-apple-darwin16.7.0/7.2.0/../../.. -lgfortran -lSystem -lquadmath -lm >&5
configure:4513: $? = 0
configure:4517: test -z 
			 || test ! -s conftest.err
configure:4520: $? = 0
configure:4523: test -s conftest
configure:4526: $? = 0
configure:4604: result: none
configure:4640: checking for Fortran name-mangling scheme
configure:4654: gfortran -c -O3 -pipe   conftest.f >&5
configure:4660: $? = 0
configure:4664: test -z 
			 || test ! -s conftest.err
configure:4667: $? = 0
configure:4670: test -s conftest.o
configure:4673: $? = 0
configure:4720: cc -o conftest -O3 -pipe -DNDEBUG -Wimplicit -Wparentheses -Wsequence-point -Wreturn-type -Wcast-qual -Wall -Wno-unknown-pragmas -Wno-long-long   -DCOINHSL_BUILD   conftest.c cfortran_test.o   -L/usr/local/Cellar/gcc/7.2.0_1/lib/gcc/7/gcc/x86_64-apple-darwin16.7.0/7.2.0 -L/usr/local/Cellar/gcc/7.2.0_1/lib/gcc/7/gcc/x86_64-apple-darwin16.7.0/7.2.0/../../.. -lgfortran -lSystem -lquadmath -lm >&5
Undefined symbols for architecture x86_64:
  "_foobar", referenced from:
      _main in conftest-317a9c.o
     (maybe you meant: _foobar_)
ld: symbol(s) not found for architecture x86_64
clang: error: linker command failed with exit code 1 (use -v to see invocation)
configure:4726: $? = 1
configure: failed program was:
| /* confdefs.h.  */
| 
| #define PACKAGE_NAME "ThirdPartyHSL"
| #define PACKAGE_TARNAME "thirdpartyhsl"
| #define PACKAGE_VERSION "1.4.5"
| #define PACKAGE_STRING "ThirdPartyHSL 1.4.5"
| #define PACKAGE_BUGREPORT "http://projects.coin-or.org/BuildTools/newticket"
| #define COINHSL_VERSION "1.4.5"
| #define COINHSL_VERSION_MAJOR 1
| #define COINHSL_VERSION_MINOR 4
| #define COINHSL_VERSION_RELEASE 5
| #define COIN_HSL_VERBOSITY 0
| #define COIN_HSL_CHECKLEVEL 0
| /* end confdefs.h.  */
| 
| /* Override any gcc2 internal prototype to avoid an error.  */
| #ifdef __cplusplus
| extern "C"
| #endif
| /* We use char because int might match the return type of a gcc2
|    builtin and then its argument prototype would still apply.  */
| char foobar ();
| #ifdef F77_DUMMY_MAIN
| 
| #  ifdef __cplusplus
|      extern "C"
| #  endif
|    int F77_DUMMY_MAIN() { return 1; }
| 
| #endif
| int
| main ()
| {
| foobar ();
|   ;
|   return 0;
| }
configure:4720: cc -o conftest -O3 -pipe -DNDEBUG -Wimplicit -Wparentheses -Wsequence-point -Wreturn-type -Wcast-qual -Wall -Wno-unknown-pragmas -Wno-long-long   -DCOINHSL_BUILD   conftest.c cfortran_test.o   -L/usr/local/Cellar/gcc/7.2.0_1/lib/gcc/7/gcc/x86_64-apple-darwin16.7.0/7.2.0 -L/usr/local/Cellar/gcc/7.2.0_1/lib/gcc/7/gcc/x86_64-apple-darwin16.7.0/7.2.0/../../.. -lgfortran -lSystem -lquadmath -lm >&5
configure:4726: $? = 0
configure:4730: test -z 
			 || test ! -s conftest.err
configure:4733: $? = 0
configure:4736: test -s conftest
configure:4739: $? = 0
configure:4807: cc -o conftest -O3 -pipe -DNDEBUG -Wimplicit -Wparentheses -Wsequence-point -Wreturn-type -Wcast-qual -Wall -Wno-unknown-pragmas -Wno-long-long   -DCOINHSL_BUILD   conftest.c cfortran_test.o   -L/usr/local/Cellar/gcc/7.2.0_1/lib/gcc/7/gcc/x86_64-apple-darwin16.7.0/7.2.0 -L/usr/local/Cellar/gcc/7.2.0_1/lib/gcc/7/gcc/x86_64-apple-darwin16.7.0/7.2.0/../../.. -lgfortran -lSystem -lquadmath -lm >&5
configure:4813: $? = 0
configure:4817: test -z 
			 || test ! -s conftest.err
configure:4820: $? = 0
configure:4823: test -s conftest
configure:4826: $? = 0
configure:4876: result: lower case, underscore, no extra underscore
configure:4993: checking for egrep
configure:5003: result: grep -E
configure:5110: checking for Fortran compiler version
configure:5113: gfortran --version </dev/null >&5
GNU Fortran (Homebrew GCC 7.2.0_1) 7.2.0
Copyright (C) 2017 Free Software Foundation, Inc.
This is free software; see the source for copying conditions.  There is NO
warranty; not even for MERCHANTABILITY or FITNESS FOR A PARTICULAR PURPOSE.

configure:5116: $? = 0
configure:5118: gfortran -v </dev/null >&5
Using built-in specs.
COLLECT_GCC=gfortran
COLLECT_LTO_WRAPPER=/usr/local/Cellar/gcc/7.2.0_1/libexec/gcc/x86_64-apple-darwin16.7.0/7.2.0/lto-wrapper
Target: x86_64-apple-darwin16.7.0
Configured with: ../configure --build=x86_64-apple-darwin16.7.0 --prefix=/usr/local/Cellar/gcc/7.2.0_1 --libdir=/usr/local/Cellar/gcc/7.2.0_1/lib/gcc/7 --enable-languages=c,c++,objc,obj-c++,fortran --program-suffix=-7 --with-gmp=/usr/local/opt/gmp --with-mpfr=/usr/local/opt/mpfr --with-mpc=/usr/local/opt/libmpc --with-isl=/usr/local/opt/isl --with-system-zlib --enable-checking=release --with-pkgversion='Homebrew GCC 7.2.0_1' --with-bugurl=https://github.com/Homebrew/homebrew-core/issues --disable-nls
Thread model: posix
gcc version 7.2.0 (Homebrew GCC 7.2.0_1) 
configure:5121: $? = 0
configure:5123: gfortran -V </dev/null >&5
gfortran: error: unrecognized command line option '-V'
gfortran: fatal error: no input files
compilation terminated.
configure:5126: $? = 1
configure:5134: checking whether we are using the GNU Fortran compiler
configure:5148: gfortran -c -O3 -pipe    conftest.F >&5
configure:5154: $? = 0
configure:5158: test -z 
			 || test ! -s conftest.err
configure:5161: $? = 0
configure:5164: test -s conftest.o
configure:5167: $? = 0
configure:5180: result: yes
configure:5186: checking whether gfortran accepts -g
configure:5198: gfortran -c -g  conftest.f >&5
configure:5204: $? = 0
configure:5208: test -z 
			 || test ! -s conftest.err
configure:5211: $? = 0
configure:5214: test -s conftest.o
configure:5217: $? = 0
configure:5229: result: yes
configure:5356: checking whether ln -s works
configure:5360: result: yes
configure:5381: checking for a BSD-compatible install
configure:5436: result: /usr/local/bin/ginstall -c
configure:5447: checking whether build environment is sane
configure:5490: result: yes
configure:5555: checking for gawk
configure:5584: result: no
configure:5555: checking for mawk
configure:5584: result: no
configure:5555: checking for nawk
configure:5584: result: no
configure:5555: checking for awk
configure:5571: found /usr/bin/awk
configure:5581: result: awk
configure:5591: checking whether make sets $(MAKE)
configure:5611: result: yes
configure:5641: checking for style of include used by make
configure:5669: result: GNU
configure:5850: checking dependency style of cc
configure:5940: result: gcc3
configure:5958: checking whether to enable maintainer-specific portions of Makefiles
configure:5967: result: no
configure:21846: Using libtool script in directory ../..
configure:21921: checking if library version is set
configure:21925: result: 5:5:4
configure:21941: checking whether we can compile Fortran 90 code
configure:21958: gfortran -c -O3 -pipe   conftest.f >&5
configure:21964: $? = 0
configure:21968: test -z 
			 || test ! -s conftest.err
configure:21971: $? = 0
configure:21974: test -s conftest.o
configure:21977: $? = 0
configure:21987: result: yes
configure:22003: checking for MC19
configure:22019: result: yes
configure:22032: checking for MA27
configure:22048: result: yes
configure:22061: checking for MA28
configure:22077: result: yes
configure:22090: checking for MA57
configure:22106: result: yes
configure:22120: checking for MA77
configure:22136: result: yes
configure:22153: checking for MA86
configure:22169: result: yes
configure:22186: checking for MA97
configure:22202: result: yes
configure:22220: checking for C interface to MC68
configure:22237: result: yes
configure:22255: checking for deps90.f90
configure:22265: result: yes
configure:24284: checking for BLAS in Veclib
configure:24400: cc -o conftest -O3 -pipe -DNDEBUG -Wimplicit -Wparentheses -Wsequence-point -Wreturn-type -Wcast-qual -Wall -Wno-unknown-pragmas -Wno-long-long   -DCOINHSL_BUILD   conftest.c -framework vecLib  >&5
ld: framework not found vecLib
clang: error: linker command failed with exit code 1 (use -v to see invocation)
configure:24406: $? = 1
configure: failed program was:
| /* confdefs.h.  */
| 
| #define PACKAGE_NAME "ThirdPartyHSL"
| #define PACKAGE_TARNAME "thirdpartyhsl"
| #define PACKAGE_VERSION "1.4.5"
| #define PACKAGE_STRING "ThirdPartyHSL 1.4.5"
| #define PACKAGE_BUGREPORT "http://projects.coin-or.org/BuildTools/newticket"
| #define COINHSL_VERSION "1.4.5"
| #define COINHSL_VERSION_MAJOR 1
| #define COINHSL_VERSION_MINOR 4
| #define COINHSL_VERSION_RELEASE 5
| #define COIN_HSL_VERBOSITY 0
| #define COIN_HSL_CHECKLEVEL 0
| #define F77_FUNC(name,NAME) name ## _
| #define F77_FUNC_(name,NAME) name ## _
| #define PACKAGE "thirdpartyhsl"
| #define VERSION "1.4.5"
| #define STDC_HEADERS 1
| #define HAVE_SYS_TYPES_H 1
| #define HAVE_SYS_STAT_H 1
| #define HAVE_STDLIB_H 1
| #define HAVE_STRING_H 1
| #define HAVE_MEMORY_H 1
| #define HAVE_STRINGS_H 1
| #define HAVE_INTTYPES_H 1
| #define HAVE_STDINT_H 1
| #define HAVE_UNISTD_H 1
| #define HAVE_DLFCN_H 1
| #define COINHSL_HAS_MC19 1
| #define COINHSL_HAS_MA27 1
| #define COINHSL_HAS_MA28 1
| #define COINHSL_HAS_MA57 1
| #define COINHSL_HAS_MA77 1
| #define COINHSL_HAS_MA86 1
| #define COINHSL_HAS_MA97 1
| #define COINHSL_HAS_MC68 1
| /* end confdefs.h.  */
| void daxpy_();
| #ifdef F77_DUMMY_MAIN
| 
| #  ifdef __cplusplus
|      extern "C"
| #  endif
|    int F77_DUMMY_MAIN() { return 1; }
| 
| #endif
| int
| main ()
| {
| daxpy_()
|   ;
|   return 0;
| }
configure:24467: cc -o conftest -O3 -pipe -DNDEBUG -Wimplicit -Wparentheses -Wsequence-point -Wreturn-type -Wcast-qual -Wall -Wno-unknown-pragmas -Wno-long-long   -DCOINHSL_BUILD   conftest.c -framework vecLib   -L/usr/local/Cellar/gcc/7.2.0_1/lib/gcc/7/gcc/x86_64-apple-darwin16.7.0/7.2.0 -L/usr/local/Cellar/gcc/7.2.0_1/lib/gcc/7/gcc/x86_64-apple-darwin16.7.0/7.2.0/../../.. -lgfortran -lSystem -lquadmath -lm >&5
ld: framework not found vecLib
clang: error: linker command failed with exit code 1 (use -v to see invocation)
configure:24473: $? = 1
configure: failed program was:
| /* confdefs.h.  */
| 
| #define PACKAGE_NAME "ThirdPartyHSL"
| #define PACKAGE_TARNAME "thirdpartyhsl"
| #define PACKAGE_VERSION "1.4.5"
| #define PACKAGE_STRING "ThirdPartyHSL 1.4.5"
| #define PACKAGE_BUGREPORT "http://projects.coin-or.org/BuildTools/newticket"
| #define COINHSL_VERSION "1.4.5"
| #define COINHSL_VERSION_MAJOR 1
| #define COINHSL_VERSION_MINOR 4
| #define COINHSL_VERSION_RELEASE 5
| #define COIN_HSL_VERBOSITY 0
| #define COIN_HSL_CHECKLEVEL 0
| #define F77_FUNC(name,NAME) name ## _
| #define F77_FUNC_(name,NAME) name ## _
| #define PACKAGE "thirdpartyhsl"
| #define VERSION "1.4.5"
| #define STDC_HEADERS 1
| #define HAVE_SYS_TYPES_H 1
| #define HAVE_SYS_STAT_H 1
| #define HAVE_STDLIB_H 1
| #define HAVE_STRING_H 1
| #define HAVE_MEMORY_H 1
| #define HAVE_STRINGS_H 1
| #define HAVE_INTTYPES_H 1
| #define HAVE_STDINT_H 1
| #define HAVE_UNISTD_H 1
| #define HAVE_DLFCN_H 1
| #define COINHSL_HAS_MC19 1
| #define COINHSL_HAS_MA27 1
| #define COINHSL_HAS_MA28 1
| #define COINHSL_HAS_MA57 1
| #define COINHSL_HAS_MA77 1
| #define COINHSL_HAS_MA86 1
| #define COINHSL_HAS_MA97 1
| #define COINHSL_HAS_MC68 1
| /* end confdefs.h.  */
| void daxpy_();
| #ifdef F77_DUMMY_MAIN
| 
| #  ifdef __cplusplus
|      extern "C"
| #  endif
|    int F77_DUMMY_MAIN() { return 1; }
| 
| #endif
| int
| main ()
| {
| daxpy_()
|   ;
|   return 0;
| }
configure:24503: result: no
configure:24682: checking whether -lblas has BLAS
configure:24798: cc -o conftest -O3 -pipe -DNDEBUG -Wimplicit -Wparentheses -Wsequence-point -Wreturn-type -Wcast-qual -Wall -Wno-unknown-pragmas -Wno-long-long   -DCOINHSL_BUILD   conftest.c -lblas  >&5
configure:24804: $? = 0
configure:24808: test -z 
			 || test ! -s conftest.err
configure:24811: $? = 0
configure:24814: test -s conftest
configure:24817: $? = 0
configure:24834: result: yes: -lblas
configure:25669: checking for COIN-OR package Metis
configure:25812: result: yes: 1.2.9 
configure:26364: checking which command should be used to link input files
configure:26372: result: ln -s
configure:26727: creating ./config.status

## ---------------------- ##
## Running config.status. ##
## ---------------------- ##

This file was extended by ThirdPartyHSL config.status 1.4.5, which was
generated by GNU Autoconf 2.59.  Invocation command line was

  CONFIG_FILES    = 
  CONFIG_HEADERS  = 
  CONFIG_LINKS    = 
  CONFIG_COMMANDS = 
  $ ./config.status 

on tsf-492-wpa-0-170.epfl.ch

config.status:823: creating Makefile
config.status:823: creating coinhsl.pc
config.status:823: creating coinhsl-uninstalled.pc
config.status:920: creating config.h
config.status:1066: config.h is unchanged
config.status:920: creating config_coinhsl.h
config.status:1066: config_coinhsl.h is unchanged
config.status:1246: executing depfiles commands
configure:28201: In case of trouble, first consult the troubleshooting page at https://projects.coin-or.org/BuildTools/wiki/user-troubleshooting
configure:28204: Configuration of ThirdPartyHSL successful

## ---------------- ##
## Cache variables. ##
## ---------------- ##

ac_cv_build=i386-apple-darwin18.0.0
ac_cv_build_alias=i386-apple-darwin18.0.0
ac_cv_c_compiler_gnu=yes
ac_cv_env_ADD_CFLAGS_set=
ac_cv_env_ADD_CFLAGS_value=
ac_cv_env_ADD_FFLAGS_set=
ac_cv_env_ADD_FFLAGS_value=
ac_cv_env_CC_set=
ac_cv_env_CC_value=
ac_cv_env_CDEFS_set=
ac_cv_env_CDEFS_value=
ac_cv_env_CFLAGS_set=
ac_cv_env_CFLAGS_value=
ac_cv_env_CPPFLAGS_set=
ac_cv_env_CPPFLAGS_value=
ac_cv_env_CPP_set=
ac_cv_env_CPP_value=
ac_cv_env_CXXCPP_set=
ac_cv_env_CXXCPP_value=
ac_cv_env_CXXFLAGS_set=
ac_cv_env_CXXFLAGS_value=
ac_cv_env_CXX_set=
ac_cv_env_CXX_value=
ac_cv_env_DBG_CFLAGS_set=
ac_cv_env_DBG_CFLAGS_value=
ac_cv_env_DBG_FFLAGS_set=
ac_cv_env_DBG_FFLAGS_value=
ac_cv_env_F77_set=
ac_cv_env_F77_value=
ac_cv_env_FCFLAGS_set=
ac_cv_env_FCFLAGS_value=
ac_cv_env_FC_set=
ac_cv_env_FC_value=
ac_cv_env_FFLAGS_set=
ac_cv_env_FFLAGS_value=
ac_cv_env_LDFLAGS_set=
ac_cv_env_LDFLAGS_value=
ac_cv_env_MPICC_set=
ac_cv_env_MPICC_value=
ac_cv_env_MPIF77_set=
ac_cv_env_MPIF77_value=
ac_cv_env_OPT_CFLAGS_set=
ac_cv_env_OPT_CFLAGS_value=
ac_cv_env_OPT_FFLAGS_set=
ac_cv_env_OPT_FFLAGS_value=
ac_cv_env_PKG_CONFIG_set=
ac_cv_env_PKG_CONFIG_value=
ac_cv_env_build_alias_set=
ac_cv_env_build_alias_value=
ac_cv_env_host_alias_set=
ac_cv_env_host_alias_value=
ac_cv_env_target_alias_set=
ac_cv_env_target_alias_value=
ac_cv_exeext=
ac_cv_f77_compiler_gnu=yes
ac_cv_f77_dummy_main=none
ac_cv_f77_libs=' -L/usr/local/Cellar/gcc/7.2.0_1/lib/gcc/7/gcc/x86_64-apple-darwin16.7.0/7.2.0 -L/usr/local/Cellar/gcc/7.2.0_1/lib/gcc/7/gcc/x86_64-apple-darwin16.7.0/7.2.0/../../.. -lgfortran -lSystem -lquadmath -lm'
ac_cv_f77_mangling='lower case, underscore, no extra underscore'
ac_cv_fc_compiler_gnu=yes
ac_cv_fortran_dummy_main=none
ac_cv_objext=o
ac_cv_path_install='/usr/local/bin/ginstall -c'
ac_cv_prog_AWK=awk
ac_cv_prog_ac_ct_CC=cc
ac_cv_prog_ac_ct_F77=gfortran
ac_cv_prog_ac_ct_PKG_CONFIG=pkg-config
ac_cv_prog_cc_g=yes
ac_cv_prog_cc_stdc=
ac_cv_prog_egrep='grep -E'
ac_cv_prog_f77_g=yes
ac_cv_prog_f77_v=-v
ac_cv_prog_fc_g=yes
ac_cv_prog_have_svnversion=yes
ac_cv_prog_make_make_set=yes
am_cv_CC_dependencies_compiler_type=gcc3

## ----------------- ##
## Output variables. ##
## ----------------- ##

ABSBUILDDIR='/Users/tmpethick/GoogleDrive/dtu/10-EPFL/thesis/thesis-code/IPOPT/Ipopt-3.11.7/build_rice/ThirdParty/HSL'
ACLOCAL='${SHELL} /Users/tmpethick/GoogleDrive/dtu/10-EPFL/thesis/thesis-code/IPOPT/Ipopt-3.11.7/ThirdParty/HSL/missing --run aclocal-1.9'
ADD_CFLAGS=''
ADD_FFLAGS=''
ALWAYS_FALSE_FALSE=''
ALWAYS_FALSE_TRUE='#'
AMDEPBACKSLASH='\'
AMDEP_FALSE='#'
AMDEP_TRUE=''
AMTAR='${SHELL} /Users/tmpethick/GoogleDrive/dtu/10-EPFL/thesis/thesis-code/IPOPT/Ipopt-3.11.7/ThirdParty/HSL/missing --run tar'
AR='ar'
AUTOCONF='${SHELL} /Users/tmpethick/GoogleDrive/dtu/10-EPFL/thesis/thesis-code/IPOPT/Ipopt-3.11.7/ThirdParty/HSL/missing --run autoconf'
AUTOHEADER='${SHELL} /Users/tmpethick/GoogleDrive/dtu/10-EPFL/thesis/thesis-code/IPOPT/Ipopt-3.11.7/ThirdParty/HSL/missing --run autoheader'
AUTOMAKE='${SHELL} /Users/tmpethick/GoogleDrive/dtu/10-EPFL/thesis/thesis-code/IPOPT/Ipopt-3.11.7/ThirdParty/HSL/missing --run automake-1.9'
AUX_DIR=''
AWK='awk'
BLAS_CFLAGS=''
BLAS_CFLAGS_INSTALLED=''
BLAS_DATA=''
BLAS_DATA_INSTALLED=''
BLAS_DEPENDENCIES=''
BLAS_LIBS='-lblas'
BLAS_LIBS_INSTALLED=''
BUILDTOOLSDIR=''
BUILD_COINHSL_FALSE='#'
BUILD_COINHSL_TRUE=''
CC='cc'
CCDEPMODE='depmode=gcc3'
CDEFS=''
CFLAGS='-O3 -pipe -DNDEBUG -Wimplicit -Wparentheses -Wsequence-point -Wreturn-type -Wcast-qual -Wall -Wno-unknown-pragmas -Wno-long-long   -DCOINHSL_BUILD'
COINHSL_SVN_REV=''
COIN_CC_IS_CL_FALSE=''
COIN_CC_IS_CL_TRUE='#'
COIN_HAS_BLAS_FALSE='#'
COIN_HAS_BLAS_TRUE=''
COIN_HAS_DEPSF90_FALSE='#'
COIN_HAS_DEPSF90_TRUE=''
COIN_HAS_HSL_MA77_FALSE='#'
COIN_HAS_HSL_MA77_TRUE=''
COIN_HAS_HSL_MA86_FALSE='#'
COIN_HAS_HSL_MA86_TRUE=''
COIN_HAS_HSL_MA97_FALSE='#'
COIN_HAS_HSL_MA97_TRUE=''
COIN_HAS_HSL_MC68_FALSE='#'
COIN_HAS_HSL_MC68_TRUE=''
COIN_HAS_MA27_FALSE='#'
COIN_HAS_MA27_TRUE=''
COIN_HAS_MA28_FALSE='#'
COIN_HAS_MA28_TRUE=''
COIN_HAS_MA57_FALSE='#'
COIN_HAS_MA57_TRUE=''
COIN_HAS_MC19_FALSE='#'
COIN_HAS_MC19_TRUE=''
COIN_HAS_METIS_FALSE='#'
COIN_HAS_METIS_TRUE=''
COIN_HAS_PKGCONFIG_FALSE='#'
COIN_HAS_PKGCONFIG_TRUE=''
COIN_PKG_CONFIG_PATH='/Users/tmpethick/GoogleDrive/dtu/10-EPFL/thesis/thesis-code/IPOPT/Ipopt-3.11.7/build_rice/lib64/pkgconfig:/Users/tmpethick/GoogleDrive/dtu/10-EPFL/thesis/thesis-code/IPOPT/Ipopt-3.11.7/build_rice/lib/pkgconfig:/Users/tmpethick/GoogleDrive/dtu/10-EPFL/thesis/thesis-code/IPOPT/Ipopt-3.11.7/build_rice/share/pkgconfig:'
COIN_PKG_CONFIG_PATH_UNINSTALLED='/Users/tmpethick/GoogleDrive/dtu/10-EPFL/thesis/thesis-code/IPOPT/Ipopt-3.11.7/build_rice/Ipopt:/Users/tmpethick/GoogleDrive/dtu/10-EPFL/thesis/thesis-code/IPOPT/Ipopt-3.11.7/build_rice/ThirdParty/HSLold:/Users/tmpethick/GoogleDrive/dtu/10-EPFL/thesis/thesis-code/IPOPT/Ipopt-3.11.7/build_rice/ThirdParty/HSL:/Users/tmpethick/GoogleDrive/dtu/10-EPFL/thesis/thesis-code/IPOPT/Ipopt-3.11.7/build_rice/ThirdParty/Metis:/Users/tmpethick/GoogleDrive/dtu/10-EPFL/thesis/thesis-code/IPOPT/Ipopt-3.11.7/build_rice/ThirdParty/Lapack:/Users/tmpethick/GoogleDrive/dtu/10-EPFL/thesis/thesis-code/IPOPT/Ipopt-3.11.7/build_rice/ThirdParty/Blas:/Users/tmpethick/GoogleDrive/dtu/10-EPFL/thesis/thesis-code/IPOPT/Ipopt-3.11.7/build_rice/ThirdParty/ASL:'
CPP='cc -E'
CPPFLAGS=''
CXX=''
CXXCPP='g++ -E'
CXXDEPMODE=''
CXXFLAGS=''
CYGPATH_W='echo'
DBG_CFLAGS='-g -O0 -pipe -Wimplicit -Wparentheses -Wsequence-point -Wreturn-type -Wcast-qual -Wall -Wno-unknown-pragmas -Wno-long-long  '
DBG_FFLAGS='-g -O0 -pipe  '
DEFFILE=''
DEFS='-DHAVE_CONFIG_H'
DEPDIR='.deps'
DEPENDENCY_LINKING_FALSE=''
DEPENDENCY_LINKING_TRUE='#'
ECHO='/bin/echo'
ECHO_C='ECHO_N=''
ECHO_T=''
EGREP='grep -E'
EXEEXT=''
EXPORT_SYMBOLS=''
EXTRA_SHARED_COMMAND_FALSE=''
EXTRA_SHARED_COMMAND_TRUE='#'
F77='gfortran'
F77_DLL_LINKFLAGS=''
F77_SHARED_CMD=''
FC='gfortran'
FCFLAGS='-O3 -pipe  '
FFLAGS='-O3 -pipe  '
FLIBS=' -L/usr/local/Cellar/gcc/7.2.0_1/lib/gcc/7/gcc/x86_64-apple-darwin16.7.0/7.2.0 -L/usr/local/Cellar/gcc/7.2.0_1/lib/gcc/7/gcc/x86_64-apple-darwin16.7.0/7.2.0/../../.. -lgfortran -lSystem -lquadmath -lm'
HAVE_EXTERNALS_FALSE=''
HAVE_EXTERNALS_TRUE='#'
HSL_CFLAGS='-I/Users/tmpethick/GoogleDrive/dtu/10-EPFL/thesis/thesis-code/IPOPT/Ipopt-3.11.7/ThirdParty/Metis/metis-4.0/Lib '
HSL_CFLAGS_INSTALLED=''
HSL_DEPENDENCIES=' /Users/tmpethick/GoogleDrive/dtu/10-EPFL/thesis/thesis-code/IPOPT/Ipopt-3.11.7/build_rice/ThirdParty/Metis/libcoinmetis.la  '
HSL_LIBS='/Users/tmpethick/GoogleDrive/dtu/10-EPFL/thesis/thesis-code/IPOPT/Ipopt-3.11.7/build_rice/ThirdParty/Metis/libcoinmetis.la -lblas '
HSL_LIBS_INSTALLED='-lblas '
HSL_PCLIBS='-lblas   -L/usr/local/Cellar/gcc/7.2.0_1/lib/gcc/7/gcc/x86_64-apple-darwin16.7.0/7.2.0 -L/usr/local/Cellar/gcc/7.2.0_1/lib/gcc/7/gcc/x86_64-apple-darwin16.7.0/7.2.0/../../.. -lgfortran -lSystem -lquadmath -lm'
HSL_PCREQUIRES='coinmetis '
HSL_SHARED_LIB=''
INSTALL_DATA='${INSTALL} -m 644'
INSTALL_LOADABLE_LIBRARY_FALSE=''
INSTALL_LOADABLE_LIBRARY_TRUE='#'
INSTALL_PROGRAM='${INSTALL}'
INSTALL_SCRIPT='${INSTALL}'
INSTALL_STRIP_PROGRAM='${SHELL} $(install_sh) -c -s'
LDFLAGS=''
LIBEXT='a'
LIBOBJS=''
LIBS=''
LIBTOOL='$(SHELL) $(top_builddir)/../../libtool'
LIBTOOLM4=''
LN_S='ln -s'
LTLIBOBJS=''
LT_LDFLAGS=' -version-info 5:5:4'
MAINT='#'
MAINTAINER_MODE_FALSE=''
MAINTAINER_MODE_TRUE='#'
MAKEINFO='${SHELL} /Users/tmpethick/GoogleDrive/dtu/10-EPFL/thesis/thesis-code/IPOPT/Ipopt-3.11.7/ThirdParty/HSL/missing --run makeinfo'
METIS_CFLAGS='-I/Users/tmpethick/GoogleDrive/dtu/10-EPFL/thesis/thesis-code/IPOPT/Ipopt-3.11.7/ThirdParty/Metis/metis-4.0/Lib'
METIS_CFLAGS_INSTALLED=''
METIS_DATA=''
METIS_DATA_INSTALLED=''
METIS_DEPENDENCIES=' /Users/tmpethick/GoogleDrive/dtu/10-EPFL/thesis/thesis-code/IPOPT/Ipopt-3.11.7/build_rice/ThirdParty/Metis/libcoinmetis.la'
METIS_LIBS='/Users/tmpethick/GoogleDrive/dtu/10-EPFL/thesis/thesis-code/IPOPT/Ipopt-3.11.7/build_rice/ThirdParty/Metis/libcoinmetis.la'
METIS_LIBS_INSTALLED=''
MPICC=''
MPIF77=''
NEED_DEFFILE_FALSE=''
NEED_DEFFILE_TRUE='#'
OBJEXT='o'
OPT_CFLAGS='-O3 -pipe -DNDEBUG -Wimplicit -Wparentheses -Wsequence-point -Wreturn-type -Wcast-qual -Wall -Wno-unknown-pragmas -Wno-long-long  '
OPT_FFLAGS='-O3 -pipe  '
PACKAGE='thirdpartyhsl'
PACKAGE_BUGREPORT='http://projects.coin-or.org/BuildTools/newticket'
PACKAGE_NAME='ThirdPartyHSL'
PACKAGE_STRING='ThirdPartyHSL 1.4.5'
PACKAGE_TARNAME='thirdpartyhsl'
PACKAGE_VERSION='1.4.5'
PATH_SEPARATOR=':'
PKG_CONFIG='pkg-config'
RANLIB='ranlib'
RPATH_FLAGS=''
SET_MAKE=''
SHELL='/bin/sh'
STRIP='strip'
VERSION='1.4.5'
VPATH_DISTCLEANFILES=''
abs_bin_dir='/Users/tmpethick/GoogleDrive/dtu/10-EPFL/thesis/thesis-code/IPOPT/Ipopt-3.11.7/build_rice/bin'
abs_include_dir='/Users/tmpethick/GoogleDrive/dtu/10-EPFL/thesis/thesis-code/IPOPT/Ipopt-3.11.7/build_rice/include'
abs_lib_dir='/Users/tmpethick/GoogleDrive/dtu/10-EPFL/thesis/thesis-code/IPOPT/Ipopt-3.11.7/build_rice/lib'
abs_source_dir='/Users/tmpethick/GoogleDrive/dtu/10-EPFL/thesis/thesis-code/IPOPT/Ipopt-3.11.7/ThirdParty/HSL'
ac_c_preproc_warn_flag=''
ac_ct_AR='ar'
ac_ct_CC='cc'
ac_ct_CXX=''
ac_ct_F77='gfortran'
ac_ct_FC=''
ac_ct_PKG_CONFIG='pkg-config'
ac_ct_RANLIB='ranlib'
ac_ct_STRIP='strip'
ac_cxx_preproc_warn_flag=''
am__fastdepCC_FALSE='#'
am__fastdepCC_TRUE=''
am__fastdepCXX_FALSE='#'
am__fastdepCXX_TRUE=''
am__include='include'
am__leading_dot='.'
am__quote=''
am__tar='${AMTAR} chof - "$$tardir"'
am__untar='${AMTAR} xf -'
bindir='${exec_prefix}/bin'
build='i386-apple-darwin18.0.0'
build_alias=''
build_cpu='i386'
build_os='darwin18.0.0'
build_vendor='apple'
datadir='${prefix}/share'
exec_prefix='${prefix}'
have_autoconf=''
have_automake=''
have_svn=''
have_svnversion='yes'
host='i386-apple-darwin18.0.0'
host_alias=''
host_cpu='i386'
host_os='darwin18.0.0'
host_vendor='apple'
includedir='${prefix}/include'
infodir='${prefix}/info'
install_sh='/Users/tmpethick/GoogleDrive/dtu/10-EPFL/thesis/thesis-code/IPOPT/Ipopt-3.11.7/ThirdParty/HSL/install-sh'
libdir='${exec_prefix}/lib'
libexecdir='${exec_prefix}/libexec'
localstatedir='${prefix}/var'
mandir='${prefix}/man'
mkdir_p='$(install_sh) -d'
oldincludedir='/usr/include'
prefix='/Users/tmpethick/GoogleDrive/dtu/10-EPFL/thesis/thesis-code/IPOPT/Ipopt-3.11.7/build_rice'
program_transform_name='s,x,x,'
sbindir='${exec_prefix}/sbin'
sharedstatedir='${prefix}/com'
sol_cc_compiler=''
sysconfdir='${prefix}/etc'
target_alias=''

## ----------- ##
## confdefs.h. ##
## ----------- ##

#define COINHSL_HAS_MA27 1
#define COINHSL_HAS_MA28 1
#define COINHSL_HAS_MA57 1
#define COINHSL_HAS_MA77 1
#define COINHSL_HAS_MA86 1
#define COINHSL_HAS_MA97 1
#define COINHSL_HAS_MC19 1
#define COINHSL_HAS_MC68 1
#define COINHSL_HAS_METIS 1
#define COINHSL_VERSION "1.4.5"
#define COINHSL_VERSION_MAJOR 1
#define COINHSL_VERSION_MINOR 4
#define COINHSL_VERSION_RELEASE 5
#define COIN_HAS_BLAS 1
#define COIN_HAS_METIS 1
#define COIN_HSL_CHECKLEVEL 0
#define COIN_HSL_VERBOSITY 0
#define F77_FUNC(name,NAME) name ## _
#define F77_FUNC_(name,NAME) name ## _
#define HAVE_DLFCN_H 1
#define HAVE_INTTYPES_H 1
#define HAVE_MEMORY_H 1
#define HAVE_STDINT_H 1
#define HAVE_STDLIB_H 1
#define HAVE_STRINGS_H 1
#define HAVE_STRING_H 1
#define HAVE_SYS_STAT_H 1
#define HAVE_SYS_TYPES_H 1
#define HAVE_UNISTD_H 1
#define PACKAGE "thirdpartyhsl"
#define PACKAGE_BUGREPORT "http://projects.coin-or.org/BuildTools/newticket"
#define PACKAGE_NAME "ThirdPartyHSL"
#define PACKAGE_STRING "ThirdPartyHSL 1.4.5"
#define PACKAGE_TARNAME "thirdpartyhsl"
#define PACKAGE_VERSION "1.4.5"
#define STDC_HEADERS 1
#define VERSION "1.4.5"

configure: exit 0
