This file contains any messages produced by compilers while
running configure, to aid debugging if configure makes a mistake.

It was created by ThirdPartyBlas configure 1.3.10, which was
generated by GNU Autoconf 2.59.  Invocation command line was

  $ ../../../ThirdParty/Blas/configure --prefix=/Users/tmpethick/GoogleDrive/dtu/10-EPFL/thesis/thesis-code/SparseGridCode/pyipopt/Ipopt-3.12.5/build --cache-file=/dev/null --srcdir=../../../ThirdParty/Blas

## --------- ##
## Platform. ##
## --------- ##

hostname = MacBook-Pro-49.local
uname -m = x86_64
uname -r = 18.0.0
uname -s = Darwin
uname -v = Darwin Kernel Version 18.0.0: Wed Aug 22 20:13:40 PDT 2018; root:xnu-4903.201.2~1/RELEASE_X86_64

/usr/bin/uname -p = i386
/bin/uname -X     = unknown

/bin/arch              = unknown
/usr/bin/arch -k       = unknown
/usr/convex/getsysinfo = unknown
hostinfo               = Mach kernel version:
	 Darwin Kernel Version 18.0.0: Wed Aug 22 20:13:40 PDT 2018; root:xnu-4903.201.2~1/RELEASE_X86_64
Kernel configured for up to 8 processors.
4 processors are physically available.
8 processors are logically available.
Processor type: x86_64h (Intel x86-64h Haswell)
Processors active: 0 1 2 3 4 5 6 7
Primary memory available: 16.00 gigabytes
Default processor set: 511 tasks, 3172 threads, 8 processors
Load average: 2.44, Mach factor: 5.54
/bin/machine           = unknown
/usr/bin/oslevel       = unknown
/bin/universe          = unknown

PATH: /Users/tmpethick/.rvm/gems/ruby-2.4.0/bin
PATH: /Users/tmpethick/.rvm/gems/ruby-2.4.0@global/bin
PATH: /Users/tmpethick/.rvm/rubies/ruby-2.4.0/bin
PATH: /Users/tmpethick/Library/Haskell/bin
PATH: /Users/tmpethick/anaconda3/envs/lions/bin
PATH: /Users/tmpethick/.npm-packages/bin
PATH: /Users/tmpethick/.opam/system/bin
PATH: /Users/tmpethick/.local/bin
PATH: /usr/local/bin
PATH: /Users/tmpethick/.fastlane/bin
PATH: /Users/tmpethick/anaconda3/bin
PATH: /usr/local/bin
PATH: /usr/local/sbin
PATH: /usr/bin
PATH: /bin
PATH: /usr/sbin
PATH: /sbin
PATH: /Library/TeX/texbin
PATH: /usr/local/share/dotnet
PATH: /opt/X11/bin
PATH: /Library/Frameworks/Mono.framework/Versions/Current/Commands
PATH: /Applications/Xamarin Workbooks.app/Contents/SharedSupport/path-bin
PATH: /Users/tmpethick/.rvm/bin


## ----------- ##
## Core tests. ##
## ----------- ##

configure:1660: checking for svnversion
configure:1676: found /usr/bin/svnversion
configure:1687: result: yes
configure:1751: checking build system type
configure:1769: result: i386-apple-darwin18.0.0
configure:1784: checking whether we want to compile in debug mode
configure:1830: result: no
configure:2094: checking for xlc_r
configure:2123: result: no
configure:2094: checking for xlc
configure:2123: result: no
configure:2094: checking for cc
configure:2110: found /usr/bin/cc
configure:2120: result: cc
configure:2141: checking for C compiler version
configure:2144: cc --version </dev/null >&5
Apple LLVM version 10.0.0 (clang-1000.11.45.5)
Target: x86_64-apple-darwin18.0.0
Thread model: posix
InstalledDir: /Applications/Xcode.app/Contents/Developer/Toolchains/XcodeDefault.xctoolchain/usr/bin
configure:2147: $? = 0
configure:2149: cc -v </dev/null >&5
Apple LLVM version 10.0.0 (clang-1000.11.45.5)
Target: x86_64-apple-darwin18.0.0
Thread model: posix
InstalledDir: /Applications/Xcode.app/Contents/Developer/Toolchains/XcodeDefault.xctoolchain/usr/bin
Found CUDA installation: /usr/local/cuda, version 8.0
configure:2152: $? = 0
configure:2154: cc -V </dev/null >&5
clang: error: argument to '-V' is missing (expected 1 value)
clang: error: no input files
configure:2157: $? = 1
configure:2180: checking for C compiler default output file name
configure:2183: cc    conftest.c  >&5
configure:2186: $? = 0
configure:2232: result: a.out
configure:2237: checking whether the C compiler works
configure:2243: ./a.out
configure:2246: $? = 0
configure:2263: result: yes
configure:2270: checking whether we are cross compiling
configure:2272: result: no
configure:2275: checking for suffix of executables
configure:2277: cc -o conftest    conftest.c  >&5
configure:2280: $? = 0
configure:2305: result: 
configure:2311: checking for suffix of object files
configure:2332: cc -c   conftest.c >&5
configure:2335: $? = 0
configure:2357: result: o
configure:2361: checking whether we are using the GNU C compiler
configure:2385: cc -c   conftest.c >&5
configure:2391: $? = 0
configure:2395: test -z 
			 || test ! -s conftest.err
configure:2398: $? = 0
configure:2401: test -s conftest.o
configure:2404: $? = 0
configure:2417: result: yes
configure:2423: checking whether cc accepts -g
configure:2444: cc -c -g  conftest.c >&5
configure:2450: $? = 0
configure:2454: test -z 
			 || test ! -s conftest.err
configure:2457: $? = 0
configure:2460: test -s conftest.o
configure:2463: $? = 0
configure:2474: result: yes
configure:2491: checking for cc option to accept ANSI C
configure:2561: cc  -c -g -O2  conftest.c >&5
configure:2567: $? = 0
configure:2571: test -z 
			 || test ! -s conftest.err
configure:2574: $? = 0
configure:2577: test -s conftest.o
configure:2580: $? = 0
configure:2598: result: none needed
configure:2616: cc -c -g -O2  conftest.c >&5
conftest.c:2:3: error: unknown type name 'choke'
  choke me
  ^
conftest.c:2:11: error: expected ';' after top level declarator
  choke me
          ^
          ;
2 errors generated.
configure:2622: $? = 1
configure: failed program was:
| #ifndef __cplusplus
|   choke me
| #endif
configure:3050: cc -o conftest -O3 -pipe -DNDEBUG -Wimplicit -Wparentheses -Wsequence-point -Wreturn-type -Wcast-qual -Wall -Wno-unknown-pragmas -Wno-long-long   -DBLAS_BUILD   conftest.c  >&5
configure:3056: $? = 0
configure:3060: test -z 
			 || test ! -s conftest.err
configure:3063: $? = 0
configure:3066: test -s conftest
configure:3069: $? = 0
configure:3136: C compiler options are: -O3 -pipe -DNDEBUG -Wimplicit -Wparentheses -Wsequence-point -Wreturn-type -Wcast-qual -Wall -Wno-unknown-pragmas -Wno-long-long   -DBLAS_BUILD
configure:3219: Trying to determine Fortran compiler name
configure:3268: checking for xlf_r
configure:3297: result: no
configure:3268: checking for fort77
configure:3297: result: no
configure:3268: checking for gfortran
configure:3284: found /usr/local/bin/gfortran
configure:3294: result: gfortran
configure:3402: checking for Fortran 77 compiler version
configure:3405: gfortran --version </dev/null >&5
GNU Fortran (Homebrew GCC 7.2.0_1) 7.2.0
Copyright (C) 2017 Free Software Foundation, Inc.
This is free software; see the source for copying conditions.  There is NO
warranty; not even for MERCHANTABILITY or FITNESS FOR A PARTICULAR PURPOSE.

configure:3408: $? = 0
configure:3410: gfortran -v </dev/null >&5
Using built-in specs.
COLLECT_GCC=gfortran
COLLECT_LTO_WRAPPER=/usr/local/Cellar/gcc/7.2.0_1/libexec/gcc/x86_64-apple-darwin16.7.0/7.2.0/lto-wrapper
Target: x86_64-apple-darwin16.7.0
Configured with: ../configure --build=x86_64-apple-darwin16.7.0 --prefix=/usr/local/Cellar/gcc/7.2.0_1 --libdir=/usr/local/Cellar/gcc/7.2.0_1/lib/gcc/7 --enable-languages=c,c++,objc,obj-c++,fortran --program-suffix=-7 --with-gmp=/usr/local/opt/gmp --with-mpfr=/usr/local/opt/mpfr --with-mpc=/usr/local/opt/libmpc --with-isl=/usr/local/opt/isl --with-system-zlib --enable-checking=release --with-pkgversion='Homebrew GCC 7.2.0_1' --with-bugurl=https://github.com/Homebrew/homebrew-core/issues --disable-nls
Thread model: posix
gcc version 7.2.0 (Homebrew GCC 7.2.0_1) 
configure:3413: $? = 0
configure:3415: gfortran -V </dev/null >&5
gfortran: error: unrecognized command line option '-V'
gfortran: fatal error: no input files
compilation terminated.
configure:3418: $? = 1
configure:3426: checking whether we are using the GNU Fortran 77 compiler
configure:3440: gfortran -c  conftest.F >&5
dyld: Library not loaded: /usr/local/opt/isl/lib/libisl.15.dylib
  Referenced from: /usr/local/Cellar/gcc/7.2.0_1/libexec/gcc/x86_64-apple-darwin16.7.0/7.2.0/f951
  Reason: image not found
gfortran: internal compiler error: Abort trap: 6 (program f951)
Please submit a full bug report,
with preprocessed source if appropriate.
See <https://github.com/Homebrew/homebrew-core/issues> for instructions.
configure:3446: $? = 4
configure: failed program was:
|       program main
| #ifndef __GNUC__
|        choke me
| #endif
| 
|       end
configure:3472: result: no
configure:3478: checking whether gfortran accepts -g
configure:3490: gfortran -c -g conftest.f >&5
dyld: Library not loaded: /usr/local/opt/isl/lib/libisl.15.dylib
  Referenced from: /usr/local/Cellar/gcc/7.2.0_1/libexec/gcc/x86_64-apple-darwin16.7.0/7.2.0/f951
  Reason: image not found
gfortran: internal compiler error: Abort trap: 6 (program f951)
Please submit a full bug report,
with preprocessed source if appropriate.
See <https://github.com/Homebrew/homebrew-core/issues> for instructions.
configure:3496: $? = 4
configure: failed program was:
|       program main
| 
|       end
configure:3521: result: no
configure:3687: gfortran -o conftest -O  conftest.f  >&5
dyld: Library not loaded: /usr/local/opt/isl/lib/libisl.15.dylib
  Referenced from: /usr/local/Cellar/gcc/7.2.0_1/libexec/gcc/x86_64-apple-darwin16.7.0/7.2.0/f951
  Reason: image not found
gfortran: internal compiler error: Abort trap: 6 (program f951)
Please submit a full bug report,
with preprocessed source if appropriate.
See <https://github.com/Homebrew/homebrew-core/issues> for instructions.
configure:3693: $? = 4
configure: failed program was:
|       program main
|       integer i
|       end
configure:3756: gfortran -o conftest      conftest.f  >&5
dyld: Library not loaded: /usr/local/opt/isl/lib/libisl.15.dylib
  Referenced from: /usr/local/Cellar/gcc/7.2.0_1/libexec/gcc/x86_64-apple-darwin16.7.0/7.2.0/f951
  Reason: image not found
gfortran: internal compiler error: Abort trap: 6 (program f951)
Please submit a full bug report,
with preprocessed source if appropriate.
See <https://github.com/Homebrew/homebrew-core/issues> for instructions.
configure:3762: $? = 4
configure: failed program was:
|       program main
|       integer i
|       end
configure:3787: WARNING: The flags FFLAGS="" do not work.  I will now just try '-O', but you might want to set FFLAGS manually.
configure:3796: gfortran -o conftest -O  conftest.f  >&5
dyld: Library not loaded: /usr/local/opt/isl/lib/libisl.15.dylib
  Referenced from: /usr/local/Cellar/gcc/7.2.0_1/libexec/gcc/x86_64-apple-darwin16.7.0/7.2.0/f951
  Reason: image not found
gfortran: internal compiler error: Abort trap: 6 (program f951)
Please submit a full bug report,
with preprocessed source if appropriate.
See <https://github.com/Homebrew/homebrew-core/issues> for instructions.
configure:3802: $? = 4
configure: failed program was:
|       program main
|       integer i
|       end
configure:3827: WARNING: This value for FFLAGS does not work.  I will continue with empty FFLAGS, but you might want to set FFLAGS manually.
configure:3833: Fortran compiler options are: 
configure:3878: checking how to get verbose linking output from gfortran
configure:3889: gfortran -c  conftest.f >&5
dyld: Library not loaded: /usr/local/opt/isl/lib/libisl.15.dylib
  Referenced from: /usr/local/Cellar/gcc/7.2.0_1/libexec/gcc/x86_64-apple-darwin16.7.0/7.2.0/f951
  Reason: image not found
gfortran: internal compiler error: Abort trap: 6 (program f951)
Please submit a full bug report,
with preprocessed source if appropriate.
See <https://github.com/Homebrew/homebrew-core/issues> for instructions.
configure:3895: $? = 4
configure: failed program was:
|       program main
| 
|       end
configure:3974: WARNING: compilation failed
configure:3980: result: 
configure:3982: checking for Fortran libraries of gfortran
configure:4003: gfortran -o conftest    conftest.f  >&5
dyld: Library not loaded: /usr/local/opt/isl/lib/libisl.15.dylib
  Referenced from: /usr/local/Cellar/gcc/7.2.0_1/libexec/gcc/x86_64-apple-darwin16.7.0/7.2.0/f951
  Reason: image not found
gfortran: internal compiler error: Abort trap: 6 (program f951)
Please submit a full bug report,
with preprocessed source if appropriate.
See <https://github.com/Homebrew/homebrew-core/issues> for instructions.
configure:4164: result: 
configure:4240: checking for dummy main to link with Fortran libraries
configure:4279: cc -o conftest -O3 -pipe -DNDEBUG -Wimplicit -Wparentheses -Wsequence-point -Wreturn-type -Wcast-qual -Wall -Wno-unknown-pragmas -Wno-long-long   -DBLAS_BUILD   conftest.c   >&5
configure:4285: $? = 0
configure:4289: test -z 
			 || test ! -s conftest.err
configure:4292: $? = 0
configure:4295: test -s conftest
configure:4298: $? = 0
configure:4376: result: none
configure:4412: checking for Fortran name-mangling scheme
configure:4426: gfortran -c  conftest.f >&5
dyld: Library not loaded: /usr/local/opt/isl/lib/libisl.15.dylib
  Referenced from: /usr/local/Cellar/gcc/7.2.0_1/libexec/gcc/x86_64-apple-darwin16.7.0/7.2.0/f951
  Reason: image not found
gfortran: internal compiler error: Abort trap: 6 (program f951)
Please submit a full bug report,
with preprocessed source if appropriate.
See <https://github.com/Homebrew/homebrew-core/issues> for instructions.
configure:4432: $? = 4
configure: failed program was:
|       subroutine foobar()
|       return
|       end
|       subroutine foo_bar()
|       return
|       end
configure:4640: error: cannot compile a simple Fortran program
See `config.log' for more details.

## ---------------- ##
## Cache variables. ##
## ---------------- ##

ac_cv_build=i386-apple-darwin18.0.0
ac_cv_build_alias=i386-apple-darwin18.0.0
ac_cv_c_compiler_gnu=yes
ac_cv_env_ADD_CFLAGS_set=
ac_cv_env_ADD_CFLAGS_value=
ac_cv_env_ADD_FFLAGS_set=
ac_cv_env_ADD_FFLAGS_value=
ac_cv_env_CC_set=
ac_cv_env_CC_value=
ac_cv_env_CDEFS_set=
ac_cv_env_CDEFS_value=
ac_cv_env_CFLAGS_set=
ac_cv_env_CFLAGS_value=
ac_cv_env_CPPFLAGS_set=
ac_cv_env_CPPFLAGS_value=
ac_cv_env_CPP_set=
ac_cv_env_CPP_value=
ac_cv_env_CXXCPP_set=
ac_cv_env_CXXCPP_value=
ac_cv_env_CXXFLAGS_set=
ac_cv_env_CXXFLAGS_value=
ac_cv_env_CXX_set=
ac_cv_env_CXX_value=
ac_cv_env_DBG_CFLAGS_set=
ac_cv_env_DBG_CFLAGS_value=
ac_cv_env_DBG_FFLAGS_set=
ac_cv_env_DBG_FFLAGS_value=
ac_cv_env_F77_set=
ac_cv_env_F77_value=
ac_cv_env_FFLAGS_set=
ac_cv_env_FFLAGS_value=
ac_cv_env_LDFLAGS_set=
ac_cv_env_LDFLAGS_value=
ac_cv_env_MPICC_set=
ac_cv_env_MPICC_value=
ac_cv_env_MPIF77_set=
ac_cv_env_MPIF77_value=
ac_cv_env_OPT_CFLAGS_set=
ac_cv_env_OPT_CFLAGS_value=
ac_cv_env_OPT_FFLAGS_set=
ac_cv_env_OPT_FFLAGS_value=
ac_cv_env_PKG_CONFIG_set=
ac_cv_env_PKG_CONFIG_value=
ac_cv_env_build_alias_set=
ac_cv_env_build_alias_value=
ac_cv_env_host_alias_set=
ac_cv_env_host_alias_value=
ac_cv_env_target_alias_set=
ac_cv_env_target_alias_value=
ac_cv_exeext=
ac_cv_f77_compiler_gnu=no
ac_cv_f77_dummy_main=none
ac_cv_f77_libs=
ac_cv_fortran_dummy_main=none
ac_cv_objext=o
ac_cv_prog_ac_ct_CC=cc
ac_cv_prog_ac_ct_F77=gfortran
ac_cv_prog_cc_g=yes
ac_cv_prog_cc_stdc=
ac_cv_prog_f77_g=no
ac_cv_prog_have_svnversion=yes

## ----------------- ##
## Output variables. ##
## ----------------- ##

ABSBUILDDIR=''
ACLOCAL=''
ADD_CFLAGS=''
ADD_FFLAGS=''
ALWAYS_FALSE_FALSE=''
ALWAYS_FALSE_TRUE='#'
AMDEPBACKSLASH=''
AMDEP_FALSE=''
AMDEP_TRUE=''
AMTAR=''
AR=''
AUTOCONF=''
AUTOHEADER=''
AUTOMAKE=''
AUX_DIR=''
AWK=''
BLAS_PCLIBS=''
BLAS_SVN_REV=''
BUILDTOOLSDIR=''
CC='cc'
CCDEPMODE=''
CDEFS=''
CFLAGS='-O3 -pipe -DNDEBUG -Wimplicit -Wparentheses -Wsequence-point -Wreturn-type -Wcast-qual -Wall -Wno-unknown-pragmas -Wno-long-long   -DBLAS_BUILD'
COIN_CC_IS_CL_FALSE=''
COIN_CC_IS_CL_TRUE='#'
COIN_HAS_PKGCONFIG_FALSE=''
COIN_HAS_PKGCONFIG_TRUE=''
COIN_PKG_CONFIG_PATH=''
COIN_PKG_CONFIG_PATH_UNINSTALLED=''
CPP=''
CPPFLAGS=''
CXX=''
CXXCPP=''
CXXDEPMODE=''
CXXFLAGS=''
CYGPATH_W='echo'
DBG_CFLAGS='-g -O0 -pipe -Wimplicit -Wparentheses -Wsequence-point -Wreturn-type -Wcast-qual -Wall -Wno-unknown-pragmas -Wno-long-long  '
DBG_FFLAGS='   '
DEFS=''
DEPDIR=''
DEPENDENCY_LINKING_FALSE=''
DEPENDENCY_LINKING_TRUE=''
ECHO='/bin/echo'
ECHO_C='ECHO_N=''
ECHO_T=''
EGREP=''
EXEEXT=''
F77='gfortran'
FFLAGS=''
FLIBS=''
HAVE_EXTERNALS_FALSE=''
HAVE_EXTERNALS_TRUE=''
INSTALL_DATA=''
INSTALL_PROGRAM=''
INSTALL_SCRIPT=''
INSTALL_STRIP_PROGRAM=''
LDFLAGS=''
LIBEXT=''
LIBOBJS=''
LIBS=''
LIBTOOL=''
LIBTOOLM4=''
LN_S=''
LTLIBOBJS=''
LT_LDFLAGS=''
MAINT=''
MAINTAINER_MODE_FALSE=''
MAINTAINER_MODE_TRUE=''
MAKEINFO=''
MPICC=''
MPIF77=''
OBJEXT='o'
OPT_CFLAGS='-O3 -pipe -DNDEBUG -Wimplicit -Wparentheses -Wsequence-point -Wreturn-type -Wcast-qual -Wall -Wno-unknown-pragmas -Wno-long-long  '
OPT_FFLAGS='   '
PACKAGE=''
PACKAGE_BUGREPORT='http://projects.coin-or.org/BuildTools/newticket'
PACKAGE_NAME='ThirdPartyBlas'
PACKAGE_STRING='ThirdPartyBlas 1.3.10'
PACKAGE_TARNAME='thirdpartyblas'
PACKAGE_VERSION='1.3.10'
PATH_SEPARATOR=':'
PKG_CONFIG=''
RANLIB=''
RPATH_FLAGS=''
SET_MAKE=''
SHELL='/bin/sh'
STRIP=''
VERSION=''
VPATH_DISTCLEANFILES=''
abs_bin_dir=''
abs_include_dir=''
abs_lib_dir=''
abs_source_dir=''
ac_c_preproc_warn_flag=''
ac_ct_AR=''
ac_ct_CC='cc'
ac_ct_CXX=''
ac_ct_F77='gfortran'
ac_ct_PKG_CONFIG=''
ac_ct_RANLIB=''
ac_ct_STRIP=''
ac_cxx_preproc_warn_flag=''
am__fastdepCC_FALSE=''
am__fastdepCC_TRUE=''
am__fastdepCXX_FALSE=''
am__fastdepCXX_TRUE=''
am__include=''
am__leading_dot=''
am__quote=''
am__tar=''
am__untar=''
bindir='${exec_prefix}/bin'
build='i386-apple-darwin18.0.0'
build_alias=''
build_cpu='i386'
build_os='darwin18.0.0'
build_vendor='apple'
datadir='${prefix}/share'
exec_prefix='NONE'
have_autoconf=''
have_automake=''
have_svn=''
have_svnversion='yes'
host=''
host_alias=''
host_cpu=''
host_os=''
host_vendor=''
includedir='${prefix}/include'
infodir='${prefix}/info'
install_sh=''
libdir='${exec_prefix}/lib'
libexecdir='${exec_prefix}/libexec'
localstatedir='${prefix}/var'
mandir='${prefix}/man'
mkdir_p=''
oldincludedir='/usr/include'
prefix='/Users/tmpethick/GoogleDrive/dtu/10-EPFL/thesis/thesis-code/SparseGridCode/pyipopt/Ipopt-3.12.5/build'
program_transform_name='s,x,x,'
sbindir='${exec_prefix}/sbin'
sharedstatedir='${prefix}/com'
sol_cc_compiler=''
sysconfdir='${prefix}/etc'
target_alias=''

## ----------- ##
## confdefs.h. ##
## ----------- ##

#define BLAS_VERSION "1.3.10"
#define BLAS_VERSION_MAJOR 1
#define BLAS_VERSION_MINOR 3
#define BLAS_VERSION_RELEASE 10
#define COIN_BLAS_CHECKLEVEL 0
#define COIN_BLAS_VERBOSITY 0
#define PACKAGE_BUGREPORT "http://projects.coin-or.org/BuildTools/newticket"
#define PACKAGE_NAME "ThirdPartyBlas"
#define PACKAGE_STRING "ThirdPartyBlas 1.3.10"
#define PACKAGE_TARNAME "thirdpartyblas"
#define PACKAGE_VERSION "1.3.10"

configure: exit 1
