This file contains any messages produced by compilers while
running configure, to aid debugging if configure makes a mistake.

It was created by ThirdPartyASL configure 1.2.15, which was
generated by GNU Autoconf 2.59.  Invocation command line was

  $ ../../../ThirdParty/ASL/configure --prefix=/Users/tmpethick/GoogleDrive/dtu/10-EPFL/thesis/thesis-code/SparseGridCode/pyipopt/Ipopt-3.12.5/build --cache-file=/dev/null --srcdir=../../../ThirdParty/ASL

## --------- ##
## Platform. ##
## --------- ##

hostname = tsf-492-wpa-2-201.epfl.ch
uname -m = x86_64
uname -r = 18.0.0
uname -s = Darwin
uname -v = Darwin Kernel Version 18.0.0: Wed Aug 22 20:13:40 PDT 2018; root:xnu-4903.201.2~1/RELEASE_X86_64

/usr/bin/uname -p = i386
/bin/uname -X     = unknown

/bin/arch              = unknown
/usr/bin/arch -k       = unknown
/usr/convex/getsysinfo = unknown
hostinfo               = Mach kernel version:
	 Darwin Kernel Version 18.0.0: Wed Aug 22 20:13:40 PDT 2018; root:xnu-4903.201.2~1/RELEASE_X86_64
Kernel configured for up to 8 processors.
4 processors are physically available.
8 processors are logically available.
Processor type: x86_64h (Intel x86-64h Haswell)
Processors active: 0 1 2 3 4 5 6 7
Primary memory available: 16.00 gigabytes
Default processor set: 522 tasks, 3595 threads, 8 processors
Load average: 3.83, Mach factor: 4.17
/bin/machine           = unknown
/usr/bin/oslevel       = unknown
/bin/universe          = unknown

PATH: /Users/tmpethick/.rvm/gems/ruby-2.4.0/bin
PATH: /Users/tmpethick/.rvm/gems/ruby-2.4.0@global/bin
PATH: /Users/tmpethick/.rvm/rubies/ruby-2.4.0/bin
PATH: /Users/tmpethick/Library/Haskell/bin
PATH: /Users/tmpethick/anaconda3/envs/lions/bin
PATH: /Users/tmpethick/.npm-packages/bin
PATH: /Users/tmpethick/.opam/system/bin
PATH: /Users/tmpethick/.local/bin
PATH: /usr/local/bin
PATH: /Users/tmpethick/.fastlane/bin
PATH: /Users/tmpethick/anaconda3/bin
PATH: /usr/local/bin
PATH: /usr/local/sbin
PATH: /usr/bin
PATH: /bin
PATH: /usr/sbin
PATH: /sbin
PATH: /Library/TeX/texbin
PATH: /usr/local/share/dotnet
PATH: /opt/X11/bin
PATH: /Library/Frameworks/Mono.framework/Versions/Current/Commands
PATH: /Applications/Xamarin Workbooks.app/Contents/SharedSupport/path-bin
PATH: /Users/tmpethick/.rvm/bin


## ----------- ##
## Core tests. ##
## ----------- ##

configure:1623: checking build system type
configure:1641: result: i386-apple-darwin18.0.0
configure:1711: checking for svnversion
configure:1727: found /usr/bin/svnversion
configure:1738: result: yes
configure:1772: checking whether we want to compile in debug mode
configure:1818: result: no
configure:1861: checking for egrep
configure:1871: result: grep -E
configure:1876: checking whether ln -s works
configure:1880: result: yes
configure:2110: checking for xlc_r
configure:2139: result: no
configure:2110: checking for xlc
configure:2139: result: no
configure:2110: checking for cc
configure:2126: found /usr/bin/cc
configure:2136: result: cc
configure:2157: checking for C compiler version
configure:2160: cc --version </dev/null >&5
Apple LLVM version 10.0.0 (clang-1000.11.45.5)
Target: x86_64-apple-darwin18.0.0
Thread model: posix
InstalledDir: /Applications/Xcode.app/Contents/Developer/Toolchains/XcodeDefault.xctoolchain/usr/bin
configure:2163: $? = 0
configure:2165: cc -v </dev/null >&5
Apple LLVM version 10.0.0 (clang-1000.11.45.5)
Target: x86_64-apple-darwin18.0.0
Thread model: posix
InstalledDir: /Applications/Xcode.app/Contents/Developer/Toolchains/XcodeDefault.xctoolchain/usr/bin
Found CUDA installation: /usr/local/cuda, version 8.0
configure:2168: $? = 0
configure:2170: cc -V </dev/null >&5
clang: error: argument to '-V' is missing (expected 1 value)
clang: error: no input files
configure:2173: $? = 1
configure:2196: checking for C compiler default output file name
configure:2199: cc    conftest.c  >&5
configure:2202: $? = 0
configure:2248: result: a.out
configure:2253: checking whether the C compiler works
configure:2259: ./a.out
configure:2262: $? = 0
configure:2279: result: yes
configure:2286: checking whether we are cross compiling
configure:2288: result: no
configure:2291: checking for suffix of executables
configure:2293: cc -o conftest    conftest.c  >&5
configure:2296: $? = 0
configure:2321: result: 
configure:2327: checking for suffix of object files
configure:2348: cc -c   conftest.c >&5
configure:2351: $? = 0
configure:2373: result: o
configure:2377: checking whether we are using the GNU C compiler
configure:2401: cc -c   conftest.c >&5
configure:2407: $? = 0
configure:2411: test -z 
			 || test ! -s conftest.err
configure:2414: $? = 0
configure:2417: test -s conftest.o
configure:2420: $? = 0
configure:2433: result: yes
configure:2439: checking whether cc accepts -g
configure:2460: cc -c -g  conftest.c >&5
configure:2466: $? = 0
configure:2470: test -z 
			 || test ! -s conftest.err
configure:2473: $? = 0
configure:2476: test -s conftest.o
configure:2479: $? = 0
configure:2490: result: yes
configure:2507: checking for cc option to accept ANSI C
configure:2577: cc  -c -g -O2  conftest.c >&5
configure:2583: $? = 0
configure:2587: test -z 
			 || test ! -s conftest.err
configure:2590: $? = 0
configure:2593: test -s conftest.o
configure:2596: $? = 0
configure:2614: result: none needed
configure:2632: cc -c -g -O2  conftest.c >&5
conftest.c:2:3: error: unknown type name 'choke'
  choke me
  ^
conftest.c:2:11: error: expected ';' after top level declarator
  choke me
          ^
          ;
2 errors generated.
configure:2638: $? = 1
configure: failed program was:
| #ifndef __cplusplus
|   choke me
| #endif
configure:3066: cc -o conftest -O3 -pipe -DNDEBUG    -DASL_BUILD   conftest.c  >&5
configure:3072: $? = 0
configure:3076: test -z 
			 || test ! -s conftest.err
configure:3079: $? = 0
configure:3082: test -s conftest
configure:3085: $? = 0
configure:3152: C compiler options are: -O3 -pipe -DNDEBUG    -DASL_BUILD
configure:3299: checking for a BSD-compatible install
configure:3354: result: /usr/local/bin/ginstall -c
configure:3365: checking whether build environment is sane
configure:3408: result: yes
configure:3473: checking for gawk
configure:3502: result: no
configure:3473: checking for mawk
configure:3502: result: no
configure:3473: checking for nawk
configure:3502: result: no
configure:3473: checking for awk
configure:3489: found /usr/bin/awk
configure:3499: result: awk
configure:3509: checking whether make sets $(MAKE)
configure:3529: result: yes
configure:3559: checking for style of include used by make
configure:3587: result: GNU
configure:3768: checking dependency style of cc
configure:3858: result: gcc3
configure:3876: checking whether to enable maintainer-specific portions of Makefiles
configure:3885: result: no
configure:19849: Using libtool script in directory ../..
configure:19924: checking if library version is set
configure:19928: result: 3:15:2
configure:19998: checking for pkg-config
configure:20014: found /usr/local/bin/pkg-config
configure:20024: result: pkg-config
configure:20039: checking pkg-config is at least version 0.16.0
configure:20042: result: yes
configure:20209: checking for getrusage
configure:20227: cc -o conftest -O3 -pipe -DNDEBUG    -DASL_BUILD   conftest.c  >&5
conftest.c:32:1: warning: implicit declaration of function 'getrusage' is invalid in C99 [-Wimplicit-function-declaration]
getrusage()
^
1 warning generated.
configure:20233: $? = 0
configure:20237: test -z 
			 || test ! -s conftest.err
configure:20240: $? = 0
configure:20243: test -s conftest
configure:20246: $? = 0
configure:20248: result: yes
configure:20270: checking for long long
configure:20294: cc -c -O3 -pipe -DNDEBUG    -DASL_BUILD  conftest.c >&5
configure:20300: $? = 0
configure:20304: test -z 
			 || test ! -s conftest.err
configure:20307: $? = 0
configure:20310: test -s conftest.o
configure:20313: $? = 0
configure:20324: result: yes
configure:20338: checking for ssize_t
configure:20362: cc -c -O3 -pipe -DNDEBUG    -DASL_BUILD  conftest.c >&5
configure:20368: $? = 0
configure:20372: test -z 
			 || test ! -s conftest.err
configure:20375: $? = 0
configure:20378: test -s conftest.o
configure:20381: $? = 0
configure:20392: result: yes
configure:20402: checking for dlopen in -ldl
configure:20432: cc -o conftest -O3 -pipe -DNDEBUG    -DASL_BUILD   conftest.c -ldl   >&5
configure:20438: $? = 0
configure:20442: test -z 
			 || test ! -s conftest.err
configure:20445: $? = 0
configure:20448: test -s conftest
configure:20451: $? = 0
configure:20464: result: yes
GNU Make 3.81
configure:20532: Command line flags for (n)make "-j 1 CFLAGS=" -O3 -pipe -DNDEBUG -DASL_BUILD  -fPIC -DPIC"".
configure:20564: checking which command should be used to link input files
configure:20572: result: ln -s
configure:20825: creating ./config.status

## ---------------------- ##
## Running config.status. ##
## ---------------------- ##

This file was extended by ThirdPartyASL config.status 1.2.15, which was
generated by GNU Autoconf 2.59.  Invocation command line was

  CONFIG_FILES    = 
  CONFIG_HEADERS  = 
  CONFIG_LINKS    = 
  CONFIG_COMMANDS = 
  $ ./config.status 

on tsf-492-wpa-2-201.epfl.ch

config.status:758: creating Makefile
config.status:758: creating compile_MS_ASL
config.status:758: creating compile_Unix_ASL
config.status:758: creating coinasl.pc
config.status:758: creating coinasl-uninstalled.pc
config.status:939: executing depfiles commands
configure:21995: In case of trouble, first consult the troubleshooting page at https://projects.coin-or.org/BuildTools/wiki/user-troubleshooting
configure:21998: Configuration of ThirdPartyASL successful

## ---------------- ##
## Cache variables. ##
## ---------------- ##

ac_cv_build=i386-apple-darwin18.0.0
ac_cv_build_alias=i386-apple-darwin18.0.0
ac_cv_c_compiler_gnu=yes
ac_cv_env_ADD_CFLAGS_set=
ac_cv_env_ADD_CFLAGS_value=
ac_cv_env_ASLMAKEFLAGS_set=
ac_cv_env_ASLMAKEFLAGS_value=
ac_cv_env_CC_set=
ac_cv_env_CC_value=
ac_cv_env_CDEFS_set=
ac_cv_env_CDEFS_value=
ac_cv_env_CFLAGS_set=
ac_cv_env_CFLAGS_value=
ac_cv_env_CPPFLAGS_set=
ac_cv_env_CPPFLAGS_value=
ac_cv_env_CPP_set=
ac_cv_env_CPP_value=
ac_cv_env_CXXCPP_set=
ac_cv_env_CXXCPP_value=
ac_cv_env_CXXFLAGS_set=
ac_cv_env_CXXFLAGS_value=
ac_cv_env_CXX_set=
ac_cv_env_CXX_value=
ac_cv_env_DBG_CFLAGS_set=
ac_cv_env_DBG_CFLAGS_value=
ac_cv_env_F77_set=
ac_cv_env_F77_value=
ac_cv_env_FFLAGS_set=
ac_cv_env_FFLAGS_value=
ac_cv_env_LDFLAGS_set=
ac_cv_env_LDFLAGS_value=
ac_cv_env_MPICC_set=
ac_cv_env_MPICC_value=
ac_cv_env_OPT_CFLAGS_set=
ac_cv_env_OPT_CFLAGS_value=
ac_cv_env_PKG_CONFIG_set=
ac_cv_env_PKG_CONFIG_value=
ac_cv_env_build_alias_set=
ac_cv_env_build_alias_value=
ac_cv_env_host_alias_set=
ac_cv_env_host_alias_value=
ac_cv_env_target_alias_set=
ac_cv_env_target_alias_value=
ac_cv_exeext=
ac_cv_lib_dl_dlopen=yes
ac_cv_objext=o
ac_cv_path_install='/usr/local/bin/ginstall -c'
ac_cv_prog_AWK=awk
ac_cv_prog_ac_ct_CC=cc
ac_cv_prog_ac_ct_PKG_CONFIG=pkg-config
ac_cv_prog_cc_g=yes
ac_cv_prog_cc_stdc=
ac_cv_prog_egrep='grep -E'
ac_cv_prog_have_svnversion=yes
ac_cv_prog_make_make_set=yes
ac_cv_type_long_long=yes
ac_cv_type_ssize_t=yes
am_cv_CC_dependencies_compiler_type=gcc3

## ----------------- ##
## Output variables. ##
## ----------------- ##

ABSBUILDDIR='/Users/tmpethick/GoogleDrive/dtu/10-EPFL/thesis/thesis-code/SparseGridCode/pyipopt/Ipopt-3.12.5/build/ThirdParty/ASL'
ACLOCAL='${SHELL} /Users/tmpethick/GoogleDrive/dtu/10-EPFL/thesis/thesis-code/SparseGridCode/pyipopt/Ipopt-3.12.5/ThirdParty/ASL/missing --run aclocal-1.9'
ADD_CFLAGS=''
ALWAYS_FALSE_FALSE=''
ALWAYS_FALSE_TRUE='#'
AMDEPBACKSLASH='\'
AMDEP_FALSE='#'
AMDEP_TRUE=''
AMPLSOLVER_A='libamplsolver.a'
AMTAR='${SHELL} /Users/tmpethick/GoogleDrive/dtu/10-EPFL/thesis/thesis-code/SparseGridCode/pyipopt/Ipopt-3.12.5/ThirdParty/ASL/missing --run tar'
AR='ar'
ASLMAKEFLAGS='-j 1 CFLAGS=" -O3 -pipe -DNDEBUG -DASL_BUILD  -fPIC -DPIC"'
ASL_PCLIBS='-lm -ldl '
ASL_SVN_REV=''
AUTOCONF='${SHELL} /Users/tmpethick/GoogleDrive/dtu/10-EPFL/thesis/thesis-code/SparseGridCode/pyipopt/Ipopt-3.12.5/ThirdParty/ASL/missing --run autoconf'
AUTOHEADER='${SHELL} /Users/tmpethick/GoogleDrive/dtu/10-EPFL/thesis/thesis-code/SparseGridCode/pyipopt/Ipopt-3.12.5/ThirdParty/ASL/missing --run autoheader'
AUTOMAKE='${SHELL} /Users/tmpethick/GoogleDrive/dtu/10-EPFL/thesis/thesis-code/SparseGridCode/pyipopt/Ipopt-3.12.5/ThirdParty/ASL/missing --run automake-1.9'
AUX_DIR=''
AWK='awk'
BUILDTOOLSDIR=''
CC='cc'
CCDEPMODE='depmode=gcc3'
CDEFS=''
CFLAGS='-O3 -pipe -DNDEBUG    -DASL_BUILD'
COIN_CC_IS_CL_FALSE=''
COIN_CC_IS_CL_TRUE='#'
COIN_HAS_PKGCONFIG_FALSE='#'
COIN_HAS_PKGCONFIG_TRUE=''
COIN_PKG_CONFIG_PATH='/Users/tmpethick/GoogleDrive/dtu/10-EPFL/thesis/thesis-code/SparseGridCode/pyipopt/Ipopt-3.12.5/build/lib64/pkgconfig:/Users/tmpethick/GoogleDrive/dtu/10-EPFL/thesis/thesis-code/SparseGridCode/pyipopt/Ipopt-3.12.5/build/lib/pkgconfig:/Users/tmpethick/GoogleDrive/dtu/10-EPFL/thesis/thesis-code/SparseGridCode/pyipopt/Ipopt-3.12.5/build/share/pkgconfig:'
COIN_PKG_CONFIG_PATH_UNINSTALLED='/Users/tmpethick/GoogleDrive/dtu/10-EPFL/thesis/thesis-code/SparseGridCode/pyipopt/Ipopt-3.12.5/build/Ipopt:/Users/tmpethick/GoogleDrive/dtu/10-EPFL/thesis/thesis-code/SparseGridCode/pyipopt/Ipopt-3.12.5/build/ThirdParty/HSL:/Users/tmpethick/GoogleDrive/dtu/10-EPFL/thesis/thesis-code/SparseGridCode/pyipopt/Ipopt-3.12.5/build/ThirdParty/Metis:/Users/tmpethick/GoogleDrive/dtu/10-EPFL/thesis/thesis-code/SparseGridCode/pyipopt/Ipopt-3.12.5/build/ThirdParty/Lapack:/Users/tmpethick/GoogleDrive/dtu/10-EPFL/thesis/thesis-code/SparseGridCode/pyipopt/Ipopt-3.12.5/build/ThirdParty/Blas:/Users/tmpethick/GoogleDrive/dtu/10-EPFL/thesis/thesis-code/SparseGridCode/pyipopt/Ipopt-3.12.5/build/ThirdParty/ASL:'
CPP='clang -E'
CPPFLAGS=''
CXX=''
CXXCPP='clang++ -E'
CXXDEPMODE=''
CXXFLAGS=''
CYGPATH_W='echo'
DBG_CFLAGS='-g -O0 -pipe   '
DEFS='-DPACKAGE_NAME=\"ThirdPartyASL\" -DPACKAGE_TARNAME=\"thirdpartyasl\" -DPACKAGE_VERSION=\"1.2.15\" -DPACKAGE_STRING=\"ThirdPartyASL\ 1.2.15\" -DPACKAGE_BUGREPORT=\"http://projects.coin-or.org/BuildTools/newticket\" -DASL_VERSION=\"1.2.15\" -DASL_VERSION_MAJOR=1 -DASL_VERSION_MINOR=2 -DASL_VERSION_RELEASE=15 -DCOIN_ASL_VERBOSITY=0 -DCOIN_ASL_CHECKLEVEL=0 -DPACKAGE=\"thirdpartyasl\" -DVERSION=\"1.2.15\" -DSTDC_HEADERS=1 -DHAVE_SYS_TYPES_H=1 -DHAVE_SYS_STAT_H=1 -DHAVE_STDLIB_H=1 -DHAVE_STRING_H=1 -DHAVE_MEMORY_H=1 -DHAVE_STRINGS_H=1 -DHAVE_INTTYPES_H=1 -DHAVE_STDINT_H=1 -DHAVE_UNISTD_H=1 -DHAVE_DLFCN_H=1 '
DEPDIR='.deps'
DEPENDENCY_LINKING_FALSE=''
DEPENDENCY_LINKING_TRUE='#'
ECHO='/bin/echo'
ECHO_C='ECHO_N=''
ECHO_T=''
EGREP='grep -E'
EXEEXT=''
F77=''
FFLAGS=''
HAVE_EXTERNALS_FALSE=''
HAVE_EXTERNALS_TRUE='#'
HOST_IS_CYGWIN_FALSE=''
HOST_IS_CYGWIN_TRUE='#'
HOST_TYPE=''
INSTALL_DATA='${INSTALL} -m 644'
INSTALL_PROGRAM='${INSTALL}'
INSTALL_SCRIPT='${INSTALL}'
INSTALL_STRIP_PROGRAM='${SHELL} $(install_sh) -c -s'
LDFLAGS=''
LIBEXT='a'
LIBOBJS=''
LIBS=''
LIBTOOL='$(SHELL) $(top_builddir)/../../libtool'
LIBTOOLM4=''
LN_S='ln -s'
LTLIBOBJS=''
LT_LDFLAGS=' -version-info 3:15:2'
MAINT='#'
MAINTAINER_MODE_FALSE=''
MAINTAINER_MODE_TRUE='#'
MAKEINFO='${SHELL} /Users/tmpethick/GoogleDrive/dtu/10-EPFL/thesis/thesis-code/SparseGridCode/pyipopt/Ipopt-3.12.5/ThirdParty/ASL/missing --run makeinfo'
MPICC=''
OBJEXT='o'
OPT_CFLAGS='-O3 -pipe -DNDEBUG   '
PACKAGE='thirdpartyasl'
PACKAGE_BUGREPORT='http://projects.coin-or.org/BuildTools/newticket'
PACKAGE_NAME='ThirdPartyASL'
PACKAGE_STRING='ThirdPartyASL 1.2.15'
PACKAGE_TARNAME='thirdpartyasl'
PACKAGE_VERSION='1.2.15'
PATH_SEPARATOR=':'
PKG_CONFIG='pkg-config'
RANLIB='ranlib'
RPATH_FLAGS=''
SET_MAKE=''
SHELL='/bin/sh'
STRIP='strip'
VERSION='1.2.15'
VPATH_DISTCLEANFILES=''
abs_bin_dir='/Users/tmpethick/GoogleDrive/dtu/10-EPFL/thesis/thesis-code/SparseGridCode/pyipopt/Ipopt-3.12.5/build/bin'
abs_include_dir='/Users/tmpethick/GoogleDrive/dtu/10-EPFL/thesis/thesis-code/SparseGridCode/pyipopt/Ipopt-3.12.5/build/include'
abs_lib_dir='/Users/tmpethick/GoogleDrive/dtu/10-EPFL/thesis/thesis-code/SparseGridCode/pyipopt/Ipopt-3.12.5/build/lib'
abs_source_dir='/Users/tmpethick/GoogleDrive/dtu/10-EPFL/thesis/thesis-code/SparseGridCode/pyipopt/Ipopt-3.12.5/ThirdParty/ASL'
ac_c_preproc_warn_flag=''
ac_ct_AR='ar'
ac_ct_CC='cc'
ac_ct_CXX=''
ac_ct_F77=''
ac_ct_PKG_CONFIG='pkg-config'
ac_ct_RANLIB='ranlib'
ac_ct_STRIP='strip'
ac_cxx_preproc_warn_flag=''
am__fastdepCC_FALSE='#'
am__fastdepCC_TRUE=''
am__fastdepCXX_FALSE='#'
am__fastdepCXX_TRUE=''
am__include='include'
am__leading_dot='.'
am__quote=''
am__tar='${AMTAR} chof - "$$tardir"'
am__untar='${AMTAR} xf -'
bindir='${exec_prefix}/bin'
build='i386-apple-darwin18.0.0'
build_alias=''
build_cpu='i386'
build_os='darwin18.0.0'
build_vendor='apple'
datadir='${prefix}/share'
exec_prefix='${prefix}'
have_autoconf=''
have_automake=''
have_svn=''
have_svnversion='yes'
host='i386-apple-darwin18.0.0'
host_alias=''
host_cpu='i386'
host_os='darwin18.0.0'
host_vendor='apple'
includedir='${prefix}/include'
infodir='${prefix}/info'
install_sh='/Users/tmpethick/GoogleDrive/dtu/10-EPFL/thesis/thesis-code/SparseGridCode/pyipopt/Ipopt-3.12.5/ThirdParty/ASL/install-sh'
libdir='${exec_prefix}/lib'
libexecdir='${exec_prefix}/libexec'
localstatedir='${prefix}/var'
mandir='${prefix}/man'
mkdir_p='$(install_sh) -d'
oldincludedir='/usr/include'
prefix='/Users/tmpethick/GoogleDrive/dtu/10-EPFL/thesis/thesis-code/SparseGridCode/pyipopt/Ipopt-3.12.5/build'
program_transform_name='s,x,x,'
sbindir='${exec_prefix}/sbin'
sharedstatedir='${prefix}/com'
sol_cc_compiler=''
sysconfdir='${prefix}/etc'
target_alias=''

## ----------- ##
## confdefs.h. ##
## ----------- ##

#define ASL_VERSION "1.2.15"
#define ASL_VERSION_MAJOR 1
#define ASL_VERSION_MINOR 2
#define ASL_VERSION_RELEASE 15
#define COIN_ASL_CHECKLEVEL 0
#define COIN_ASL_VERBOSITY 0
#define HAVE_DLFCN_H 1
#define HAVE_INTTYPES_H 1
#define HAVE_MEMORY_H 1
#define HAVE_STDINT_H 1
#define HAVE_STDLIB_H 1
#define HAVE_STRINGS_H 1
#define HAVE_STRING_H 1
#define HAVE_SYS_STAT_H 1
#define HAVE_SYS_TYPES_H 1
#define HAVE_UNISTD_H 1
#define PACKAGE "thirdpartyasl"
#define PACKAGE_BUGREPORT "http://projects.coin-or.org/BuildTools/newticket"
#define PACKAGE_NAME "ThirdPartyASL"
#define PACKAGE_STRING "ThirdPartyASL 1.2.15"
#define PACKAGE_TARNAME "thirdpartyasl"
#define PACKAGE_VERSION "1.2.15"
#define STDC_HEADERS 1
#define VERSION "1.2.15"

configure: exit 0
