This file contains any messages produced by compilers while
running configure, to aid debugging if configure makes a mistake.

It was created by ThirdPartyBlas configure 1.3.10, which was
generated by GNU Autoconf 2.59.  Invocation command line was

  $ ../../../ThirdParty/Blas/configure --prefix=/Users/tmpethick/GoogleDrive/dtu/10-EPFL/thesis/thesis-code/IPOPT/Ipopt-3.11.7/build_rice coin_skip_warn_cxxflags=yes --cache-file=/dev/null --srcdir=../../../ThirdParty/Blas

## --------- ##
## Platform. ##
## --------- ##

hostname = tsf-492-wpa-0-170.epfl.ch
uname -m = x86_64
uname -r = 18.0.0
uname -s = Darwin
uname -v = Darwin Kernel Version 18.0.0: Wed Aug 22 20:13:40 PDT 2018; root:xnu-4903.201.2~1/RELEASE_X86_64

/usr/bin/uname -p = i386
/bin/uname -X     = unknown

/bin/arch              = unknown
/usr/bin/arch -k       = unknown
/usr/convex/getsysinfo = unknown
hostinfo               = Mach kernel version:
	 Darwin Kernel Version 18.0.0: Wed Aug 22 20:13:40 PDT 2018; root:xnu-4903.201.2~1/RELEASE_X86_64
Kernel configured for up to 8 processors.
4 processors are physically available.
8 processors are logically available.
Processor type: x86_64h (Intel x86-64h Haswell)
Processors active: 0 1 2 3 4 5 6 7
Primary memory available: 16.00 gigabytes
Default processor set: 530 tasks, 3493 threads, 8 processors
Load average: 2.36, Mach factor: 5.63
/bin/machine           = unknown
/usr/bin/oslevel       = unknown
/bin/universe          = unknown

PATH: /Users/tmpethick/ext/bin
PATH: /Users/tmpethick/.rvm/gems/ruby-2.4.0/bin
PATH: /Users/tmpethick/.rvm/gems/ruby-2.4.0@global/bin
PATH: /Users/tmpethick/.rvm/rubies/ruby-2.4.0/bin
PATH: /Users/tmpethick/Library/Haskell/bin
PATH: /Users/tmpethick/anaconda3/envs/lions/bin
PATH: /Users/tmpethick/.npm-packages/bin
PATH: /Users/tmpethick/.opam/system/bin
PATH: /Users/tmpethick/.local/bin
PATH: /usr/local/bin
PATH: /Users/tmpethick/.fastlane/bin
PATH: /Users/tmpethick/anaconda3/bin
PATH: /usr/local/bin
PATH: /usr/local/sbin
PATH: /usr/bin
PATH: /bin
PATH: /usr/sbin
PATH: /sbin
PATH: /Library/TeX/texbin
PATH: /usr/local/share/dotnet
PATH: /opt/X11/bin
PATH: /Library/Frameworks/Mono.framework/Versions/Current/Commands
PATH: /Applications/Xamarin Workbooks.app/Contents/SharedSupport/path-bin
PATH: /Users/tmpethick/.rvm/bin


## ----------- ##
## Core tests. ##
## ----------- ##

configure:1660: checking for svnversion
configure:1676: found /usr/bin/svnversion
configure:1687: result: yes
configure:1751: checking build system type
configure:1769: result: i386-apple-darwin18.0.0
configure:1784: checking whether we want to compile in debug mode
configure:1830: result: no
configure:2094: checking for xlc_r
configure:2123: result: no
configure:2094: checking for xlc
configure:2123: result: no
configure:2094: checking for cc
configure:2110: found /usr/bin/cc
configure:2120: result: cc
configure:2141: checking for C compiler version
configure:2144: cc --version </dev/null >&5
Apple LLVM version 10.0.0 (clang-1000.11.45.5)
Target: x86_64-apple-darwin18.0.0
Thread model: posix
InstalledDir: /Applications/Xcode.app/Contents/Developer/Toolchains/XcodeDefault.xctoolchain/usr/bin
configure:2147: $? = 0
configure:2149: cc -v </dev/null >&5
Apple LLVM version 10.0.0 (clang-1000.11.45.5)
Target: x86_64-apple-darwin18.0.0
Thread model: posix
InstalledDir: /Applications/Xcode.app/Contents/Developer/Toolchains/XcodeDefault.xctoolchain/usr/bin
Found CUDA installation: /usr/local/cuda, version 8.0
configure:2152: $? = 0
configure:2154: cc -V </dev/null >&5
clang: error: argument to '-V' is missing (expected 1 value)
clang: error: no input files
configure:2157: $? = 1
configure:2180: checking for C compiler default output file name
configure:2183: cc    conftest.c  >&5
configure:2186: $? = 0
configure:2232: result: a.out
configure:2237: checking whether the C compiler works
configure:2243: ./a.out
configure:2246: $? = 0
configure:2263: result: yes
configure:2270: checking whether we are cross compiling
configure:2272: result: no
configure:2275: checking for suffix of executables
configure:2277: cc -o conftest    conftest.c  >&5
configure:2280: $? = 0
configure:2305: result: 
configure:2311: checking for suffix of object files
configure:2332: cc -c   conftest.c >&5
configure:2335: $? = 0
configure:2357: result: o
configure:2361: checking whether we are using the GNU C compiler
configure:2385: cc -c   conftest.c >&5
configure:2391: $? = 0
configure:2395: test -z 
			 || test ! -s conftest.err
configure:2398: $? = 0
configure:2401: test -s conftest.o
configure:2404: $? = 0
configure:2417: result: yes
configure:2423: checking whether cc accepts -g
configure:2444: cc -c -g  conftest.c >&5
configure:2450: $? = 0
configure:2454: test -z 
			 || test ! -s conftest.err
configure:2457: $? = 0
configure:2460: test -s conftest.o
configure:2463: $? = 0
configure:2474: result: yes
configure:2491: checking for cc option to accept ANSI C
configure:2561: cc  -c -g -O2  conftest.c >&5
configure:2567: $? = 0
configure:2571: test -z 
			 || test ! -s conftest.err
configure:2574: $? = 0
configure:2577: test -s conftest.o
configure:2580: $? = 0
configure:2598: result: none needed
configure:2616: cc -c -g -O2  conftest.c >&5
conftest.c:2:3: error: unknown type name 'choke'
  choke me
  ^
conftest.c:2:11: error: expected ';' after top level declarator
  choke me
          ^
          ;
2 errors generated.
configure:2622: $? = 1
configure: failed program was:
| #ifndef __cplusplus
|   choke me
| #endif
configure:3050: cc -o conftest -O3 -pipe -DNDEBUG -Wimplicit -Wparentheses -Wsequence-point -Wreturn-type -Wcast-qual -Wall -Wno-unknown-pragmas -Wno-long-long   -DBLAS_BUILD   conftest.c  >&5
configure:3056: $? = 0
configure:3060: test -z 
			 || test ! -s conftest.err
configure:3063: $? = 0
configure:3066: test -s conftest
configure:3069: $? = 0
configure:3136: C compiler options are: -O3 -pipe -DNDEBUG -Wimplicit -Wparentheses -Wsequence-point -Wreturn-type -Wcast-qual -Wall -Wno-unknown-pragmas -Wno-long-long   -DBLAS_BUILD
configure:3219: Trying to determine Fortran compiler name
configure:3268: checking for xlf_r
configure:3297: result: no
configure:3268: checking for fort77
configure:3297: result: no
configure:3268: checking for gfortran
configure:3284: found /usr/local/bin/gfortran
configure:3294: result: gfortran
configure:3402: checking for Fortran 77 compiler version
configure:3405: gfortran --version </dev/null >&5
GNU Fortran (Homebrew GCC 7.2.0_1) 7.2.0
Copyright (C) 2017 Free Software Foundation, Inc.
This is free software; see the source for copying conditions.  There is NO
warranty; not even for MERCHANTABILITY or FITNESS FOR A PARTICULAR PURPOSE.

configure:3408: $? = 0
configure:3410: gfortran -v </dev/null >&5
Using built-in specs.
COLLECT_GCC=gfortran
COLLECT_LTO_WRAPPER=/usr/local/Cellar/gcc/7.2.0_1/libexec/gcc/x86_64-apple-darwin16.7.0/7.2.0/lto-wrapper
Target: x86_64-apple-darwin16.7.0
Configured with: ../configure --build=x86_64-apple-darwin16.7.0 --prefix=/usr/local/Cellar/gcc/7.2.0_1 --libdir=/usr/local/Cellar/gcc/7.2.0_1/lib/gcc/7 --enable-languages=c,c++,objc,obj-c++,fortran --program-suffix=-7 --with-gmp=/usr/local/opt/gmp --with-mpfr=/usr/local/opt/mpfr --with-mpc=/usr/local/opt/libmpc --with-isl=/usr/local/opt/isl --with-system-zlib --enable-checking=release --with-pkgversion='Homebrew GCC 7.2.0_1' --with-bugurl=https://github.com/Homebrew/homebrew-core/issues --disable-nls
Thread model: posix
gcc version 7.2.0 (Homebrew GCC 7.2.0_1) 
configure:3413: $? = 0
configure:3415: gfortran -V </dev/null >&5
gfortran: error: unrecognized command line option '-V'
gfortran: fatal error: no input files
compilation terminated.
configure:3418: $? = 1
configure:3426: checking whether we are using the GNU Fortran 77 compiler
configure:3440: gfortran -c  conftest.F >&5
configure:3446: $? = 0
configure:3450: test -z 
			 || test ! -s conftest.err
configure:3453: $? = 0
configure:3456: test -s conftest.o
configure:3459: $? = 0
configure:3472: result: yes
configure:3478: checking whether gfortran accepts -g
configure:3490: gfortran -c -g conftest.f >&5
configure:3496: $? = 0
configure:3500: test -z 
			 || test ! -s conftest.err
configure:3503: $? = 0
configure:3506: test -s conftest.o
configure:3509: $? = 0
configure:3521: result: yes
configure:3756: gfortran -o conftest -O3 -pipe    conftest.f  >&5
configure:3762: $? = 0
configure:3766: test -z 
			 || test ! -s conftest.err
configure:3769: $? = 0
configure:3772: test -s conftest
configure:3775: $? = 0
configure:3833: Fortran compiler options are: -O3 -pipe  
configure:3878: checking how to get verbose linking output from gfortran
configure:3889: gfortran -c -O3 -pipe   conftest.f >&5
configure:3895: $? = 0
configure:3899: test -z 
			 || test ! -s conftest.err
configure:3902: $? = 0
configure:3905: test -s conftest.o
configure:3908: $? = 0
configure:3925: gfortran -o conftest -O3 -pipe   -v  conftest.f  >&5
Using built-in specs.
COLLECT_GCC=gfortran
COLLECT_LTO_WRAPPER=/usr/local/Cellar/gcc/7.2.0_1/libexec/gcc/x86_64-apple-darwin16.7.0/7.2.0/lto-wrapper
Target: x86_64-apple-darwin16.7.0
Configured with: ../configure --build=x86_64-apple-darwin16.7.0 --prefix=/usr/local/Cellar/gcc/7.2.0_1 --libdir=/usr/local/Cellar/gcc/7.2.0_1/lib/gcc/7 --enable-languages=c,c++,objc,obj-c++,fortran --program-suffix=-7 --with-gmp=/usr/local/opt/gmp --with-mpfr=/usr/local/opt/mpfr --with-mpc=/usr/local/opt/libmpc --with-isl=/usr/local/opt/isl --with-system-zlib --enable-checking=release --with-pkgversion='Homebrew GCC 7.2.0_1' --with-bugurl=https://github.com/Homebrew/homebrew-core/issues --disable-nls
Thread model: posix
gcc version 7.2.0 (Homebrew GCC 7.2.0_1) 
COLLECT_GCC_OPTIONS='-o' 'conftest' '-O3' '-pipe' '-v' '-mmacosx-version-min=10.14.0'  '-shared-libgcc' '-mtune=core2'
 /usr/local/Cellar/gcc/7.2.0_1/libexec/gcc/x86_64-apple-darwin16.7.0/7.2.0/f951 conftest.f -ffixed-form -fPIC -quiet -dumpbase conftest.f -mmacosx-version-min=10.14.0 -mtune=core2 -auxbase conftest -O3 -version -fintrinsic-modules-path /usr/local/Cellar/gcc/7.2.0_1/lib/gcc/7/gcc/x86_64-apple-darwin16.7.0/7.2.0/finclude -o - |
 as -arch x86_64 -v -force_cpusubtype_ALL -mmacosx-version-min=10.14 -o /var/folders/mt/hh07zhhn6614w69qxlfmwyzh0000gn/T//ccP5QNvn.o
GNU Fortran (Homebrew GCC 7.2.0_1) version 7.2.0 (x86_64-apple-darwin16.7.0)
	compiled by GNU C version 7.2.0, GMP version 6.1.2, MPFR version 4.0.0, MPC version 1.1.0, isl version isl-0.18-GMP

GGC heuristics: --param ggc-min-expand=100 --param ggc-min-heapsize=131072
GNU Fortran2008 (Homebrew GCC 7.2.0_1) version 7.2.0 (x86_64-apple-darwin16.7.0)
	compiled by GNU C version 7.2.0, GMP version 6.1.2, MPFR version 4.0.0, MPC version 1.1.0, isl version isl-0.18-GMP

GGC heuristics: --param ggc-min-expand=100 --param ggc-min-heapsize=131072
Apple LLVM version 10.0.0 (clang-1000.11.45.5)
Target: x86_64-apple-darwin18.0.0
Thread model: posix
InstalledDir: /Applications/Xcode.app/Contents/Developer/Toolchains/XcodeDefault.xctoolchain/usr/bin
Found CUDA installation: /usr/local/cuda, version 8.0
 "/Applications/Xcode.app/Contents/Developer/Toolchains/XcodeDefault.xctoolchain/usr/bin/clang" -cc1as -triple x86_64-apple-macosx10.14.0 -filetype obj -main-file-name - -target-cpu penryn -fdebug-compilation-dir /Users/tmpethick/GoogleDrive/dtu/10-EPFL/thesis/thesis-code/IPOPT/Ipopt-3.11.7/build_rice/ThirdParty/Blas -dwarf-debug-producer Apple LLVM version 10.0.0 (clang-1000.11.45.5) -dwarf-version=4 -mrelocation-model pic -o /var/folders/mt/hh07zhhn6614w69qxlfmwyzh0000gn/T//ccP5QNvn.o -
Reading specs from /usr/local/Cellar/gcc/7.2.0_1/lib/gcc/7/gcc/x86_64-apple-darwin16.7.0/7.2.0/../../../libgfortran.spec
rename spec lib to liborig
COLLECT_GCC_OPTIONS='-o' 'conftest' '-O3' '-pipe' '-v' '-mmacosx-version-min=10.14.0'  '-shared-libgcc' '-mtune=core2'
COMPILER_PATH=/usr/local/Cellar/gcc/7.2.0_1/libexec/gcc/x86_64-apple-darwin16.7.0/7.2.0/:/usr/local/Cellar/gcc/7.2.0_1/libexec/gcc/x86_64-apple-darwin16.7.0/7.2.0/:/usr/local/Cellar/gcc/7.2.0_1/libexec/gcc/x86_64-apple-darwin16.7.0/:/usr/local/Cellar/gcc/7.2.0_1/lib/gcc/7/gcc/x86_64-apple-darwin16.7.0/7.2.0/:/usr/local/Cellar/gcc/7.2.0_1/lib/gcc/7/gcc/x86_64-apple-darwin16.7.0/
LIBRARY_PATH=/usr/local/Cellar/gcc/7.2.0_1/lib/gcc/7/gcc/x86_64-apple-darwin16.7.0/7.2.0/:/usr/local/Cellar/gcc/7.2.0_1/lib/gcc/7/gcc/x86_64-apple-darwin16.7.0/7.2.0/../../../
COLLECT_GCC_OPTIONS='-o' 'conftest' '-O3' '-pipe' '-v' '-mmacosx-version-min=10.14.0'  '-shared-libgcc' '-mtune=core2'
 /usr/local/Cellar/gcc/7.2.0_1/libexec/gcc/x86_64-apple-darwin16.7.0/7.2.0/collect2 -dynamic -arch x86_64 -macosx_version_min 10.14.0 -weak_reference_mismatches non-weak -o conftest -L/usr/local/Cellar/gcc/7.2.0_1/lib/gcc/7/gcc/x86_64-apple-darwin16.7.0/7.2.0 -L/usr/local/Cellar/gcc/7.2.0_1/lib/gcc/7/gcc/x86_64-apple-darwin16.7.0/7.2.0/../../.. /var/folders/mt/hh07zhhn6614w69qxlfmwyzh0000gn/T//ccP5QNvn.o -lgfortran -no_compact_unwind -lSystem -lgcc_ext.10.5 -lgcc -lquadmath -lm -lgcc_ext.10.5 -lgcc -lSystem -v
collect2 version 7.2.0
/usr/bin/ld -dynamic -arch x86_64 -macosx_version_min 10.14.0 -weak_reference_mismatches non-weak -o conftest -L/usr/local/Cellar/gcc/7.2.0_1/lib/gcc/7/gcc/x86_64-apple-darwin16.7.0/7.2.0 -L/usr/local/Cellar/gcc/7.2.0_1/lib/gcc/7/gcc/x86_64-apple-darwin16.7.0/7.2.0/../../.. /var/folders/mt/hh07zhhn6614w69qxlfmwyzh0000gn/T//ccP5QNvn.o -lgfortran -no_compact_unwind -lSystem -lgcc_ext.10.5 -lgcc -lquadmath -lm -lgcc_ext.10.5 -lgcc -lSystem -v
@(#)PROGRAM:ld  PROJECT:ld64-409.12
BUILD 17:47:51 Sep 25 2018
configured to support archs: armv6 armv7 armv7s arm64 i386 x86_64 x86_64h armv6m armv7k armv7m armv7em arm64e arm64_32
Library search paths:
	/usr/local/Cellar/gcc/7.2.0_1/lib/gcc/7/gcc/x86_64-apple-darwin16.7.0/7.2.0
	/usr/local/Cellar/gcc/7.2.0_1/lib/gcc/7
	/usr/lib
	/usr/local/lib
Framework search paths:
	/Library/Frameworks/
	/System/Library/Frameworks/
 /usr/bin/nm -n /var/folders/mt/hh07zhhn6614w69qxlfmwyzh0000gn/T//ccP5QNvn.o
configure:3980: result: -v
configure:3982: checking for Fortran libraries of gfortran
configure:4003: gfortran -o conftest -O3 -pipe   -v  conftest.f  >&5
Using built-in specs.
COLLECT_GCC=gfortran
COLLECT_LTO_WRAPPER=/usr/local/Cellar/gcc/7.2.0_1/libexec/gcc/x86_64-apple-darwin16.7.0/7.2.0/lto-wrapper
Target: x86_64-apple-darwin16.7.0
Configured with: ../configure --build=x86_64-apple-darwin16.7.0 --prefix=/usr/local/Cellar/gcc/7.2.0_1 --libdir=/usr/local/Cellar/gcc/7.2.0_1/lib/gcc/7 --enable-languages=c,c++,objc,obj-c++,fortran --program-suffix=-7 --with-gmp=/usr/local/opt/gmp --with-mpfr=/usr/local/opt/mpfr --with-mpc=/usr/local/opt/libmpc --with-isl=/usr/local/opt/isl --with-system-zlib --enable-checking=release --with-pkgversion='Homebrew GCC 7.2.0_1' --with-bugurl=https://github.com/Homebrew/homebrew-core/issues --disable-nls
Thread model: posix
gcc version 7.2.0 (Homebrew GCC 7.2.0_1) 
COLLECT_GCC_OPTIONS='-o' 'conftest' '-O3' '-pipe' '-v' '-mmacosx-version-min=10.14.0'  '-shared-libgcc' '-mtune=core2'
 /usr/local/Cellar/gcc/7.2.0_1/libexec/gcc/x86_64-apple-darwin16.7.0/7.2.0/f951 conftest.f -ffixed-form -fPIC -quiet -dumpbase conftest.f -mmacosx-version-min=10.14.0 -mtune=core2 -auxbase conftest -O3 -version -fintrinsic-modules-path /usr/local/Cellar/gcc/7.2.0_1/lib/gcc/7/gcc/x86_64-apple-darwin16.7.0/7.2.0/finclude -o - |
 as -arch x86_64 -v -force_cpusubtype_ALL -mmacosx-version-min=10.14 -o /var/folders/mt/hh07zhhn6614w69qxlfmwyzh0000gn/T//cc2F0pBy.o
GNU Fortran (Homebrew GCC 7.2.0_1) version 7.2.0 (x86_64-apple-darwin16.7.0)
	compiled by GNU C version 7.2.0, GMP version 6.1.2, MPFR version 4.0.0, MPC version 1.1.0, isl version isl-0.18-GMP

GGC heuristics: --param ggc-min-expand=100 --param ggc-min-heapsize=131072
GNU Fortran2008 (Homebrew GCC 7.2.0_1) version 7.2.0 (x86_64-apple-darwin16.7.0)
	compiled by GNU C version 7.2.0, GMP version 6.1.2, MPFR version 4.0.0, MPC version 1.1.0, isl version isl-0.18-GMP

GGC heuristics: --param ggc-min-expand=100 --param ggc-min-heapsize=131072
Apple LLVM version 10.0.0 (clang-1000.11.45.5)
Target: x86_64-apple-darwin18.0.0
Thread model: posix
InstalledDir: /Applications/Xcode.app/Contents/Developer/Toolchains/XcodeDefault.xctoolchain/usr/bin
Found CUDA installation: /usr/local/cuda, version 8.0
 "/Applications/Xcode.app/Contents/Developer/Toolchains/XcodeDefault.xctoolchain/usr/bin/clang" -cc1as -triple x86_64-apple-macosx10.14.0 -filetype obj -main-file-name - -target-cpu penryn -fdebug-compilation-dir /Users/tmpethick/GoogleDrive/dtu/10-EPFL/thesis/thesis-code/IPOPT/Ipopt-3.11.7/build_rice/ThirdParty/Blas -dwarf-debug-producer Apple LLVM version 10.0.0 (clang-1000.11.45.5) -dwarf-version=4 -mrelocation-model pic -o /var/folders/mt/hh07zhhn6614w69qxlfmwyzh0000gn/T//cc2F0pBy.o -
Reading specs from /usr/local/Cellar/gcc/7.2.0_1/lib/gcc/7/gcc/x86_64-apple-darwin16.7.0/7.2.0/../../../libgfortran.spec
rename spec lib to liborig
COLLECT_GCC_OPTIONS='-o' 'conftest' '-O3' '-pipe' '-v' '-mmacosx-version-min=10.14.0'  '-shared-libgcc' '-mtune=core2'
COMPILER_PATH=/usr/local/Cellar/gcc/7.2.0_1/libexec/gcc/x86_64-apple-darwin16.7.0/7.2.0/:/usr/local/Cellar/gcc/7.2.0_1/libexec/gcc/x86_64-apple-darwin16.7.0/7.2.0/:/usr/local/Cellar/gcc/7.2.0_1/libexec/gcc/x86_64-apple-darwin16.7.0/:/usr/local/Cellar/gcc/7.2.0_1/lib/gcc/7/gcc/x86_64-apple-darwin16.7.0/7.2.0/:/usr/local/Cellar/gcc/7.2.0_1/lib/gcc/7/gcc/x86_64-apple-darwin16.7.0/
LIBRARY_PATH=/usr/local/Cellar/gcc/7.2.0_1/lib/gcc/7/gcc/x86_64-apple-darwin16.7.0/7.2.0/:/usr/local/Cellar/gcc/7.2.0_1/lib/gcc/7/gcc/x86_64-apple-darwin16.7.0/7.2.0/../../../
COLLECT_GCC_OPTIONS='-o' 'conftest' '-O3' '-pipe' '-v' '-mmacosx-version-min=10.14.0'  '-shared-libgcc' '-mtune=core2'
 /usr/local/Cellar/gcc/7.2.0_1/libexec/gcc/x86_64-apple-darwin16.7.0/7.2.0/collect2 -dynamic -arch x86_64 -macosx_version_min 10.14.0 -weak_reference_mismatches non-weak -o conftest -L/usr/local/Cellar/gcc/7.2.0_1/lib/gcc/7/gcc/x86_64-apple-darwin16.7.0/7.2.0 -L/usr/local/Cellar/gcc/7.2.0_1/lib/gcc/7/gcc/x86_64-apple-darwin16.7.0/7.2.0/../../.. /var/folders/mt/hh07zhhn6614w69qxlfmwyzh0000gn/T//cc2F0pBy.o -lgfortran -no_compact_unwind -lSystem -lgcc_ext.10.5 -lgcc -lquadmath -lm -lgcc_ext.10.5 -lgcc -lSystem -v
collect2 version 7.2.0
/usr/bin/ld -dynamic -arch x86_64 -macosx_version_min 10.14.0 -weak_reference_mismatches non-weak -o conftest -L/usr/local/Cellar/gcc/7.2.0_1/lib/gcc/7/gcc/x86_64-apple-darwin16.7.0/7.2.0 -L/usr/local/Cellar/gcc/7.2.0_1/lib/gcc/7/gcc/x86_64-apple-darwin16.7.0/7.2.0/../../.. /var/folders/mt/hh07zhhn6614w69qxlfmwyzh0000gn/T//cc2F0pBy.o -lgfortran -no_compact_unwind -lSystem -lgcc_ext.10.5 -lgcc -lquadmath -lm -lgcc_ext.10.5 -lgcc -lSystem -v
@(#)PROGRAM:ld  PROJECT:ld64-409.12
BUILD 17:47:51 Sep 25 2018
configured to support archs: armv6 armv7 armv7s arm64 i386 x86_64 x86_64h armv6m armv7k armv7m armv7em arm64e arm64_32
Library search paths:
	/usr/local/Cellar/gcc/7.2.0_1/lib/gcc/7/gcc/x86_64-apple-darwin16.7.0/7.2.0
	/usr/local/Cellar/gcc/7.2.0_1/lib/gcc/7
	/usr/lib
	/usr/local/lib
Framework search paths:
	/Library/Frameworks/
	/System/Library/Frameworks/
 /usr/bin/nm -n /var/folders/mt/hh07zhhn6614w69qxlfmwyzh0000gn/T//cc2F0pBy.o
configure:4164: result:  -L/usr/local/Cellar/gcc/7.2.0_1/lib/gcc/7/gcc/x86_64-apple-darwin16.7.0/7.2.0 -L/usr/local/Cellar/gcc/7.2.0_1/lib/gcc/7/gcc/x86_64-apple-darwin16.7.0/7.2.0/../../.. -lgfortran -lSystem -lgcc_ext.10.5 -lquadmath -lm
configure:4231: Corrected Fortran libraries:  -L/usr/local/Cellar/gcc/7.2.0_1/lib/gcc/7/gcc/x86_64-apple-darwin16.7.0/7.2.0 -L/usr/local/Cellar/gcc/7.2.0_1/lib/gcc/7/gcc/x86_64-apple-darwin16.7.0/7.2.0/../../.. -lgfortran -lSystem -lquadmath -lm
configure:4240: checking for dummy main to link with Fortran libraries
configure:4279: cc -o conftest -O3 -pipe -DNDEBUG -Wimplicit -Wparentheses -Wsequence-point -Wreturn-type -Wcast-qual -Wall -Wno-unknown-pragmas -Wno-long-long   -DBLAS_BUILD   conftest.c   -L/usr/local/Cellar/gcc/7.2.0_1/lib/gcc/7/gcc/x86_64-apple-darwin16.7.0/7.2.0 -L/usr/local/Cellar/gcc/7.2.0_1/lib/gcc/7/gcc/x86_64-apple-darwin16.7.0/7.2.0/../../.. -lgfortran -lSystem -lquadmath -lm >&5
configure:4285: $? = 0
configure:4289: test -z 
			 || test ! -s conftest.err
configure:4292: $? = 0
configure:4295: test -s conftest
configure:4298: $? = 0
configure:4376: result: none
configure:4412: checking for Fortran name-mangling scheme
configure:4426: gfortran -c -O3 -pipe   conftest.f >&5
configure:4432: $? = 0
configure:4436: test -z 
			 || test ! -s conftest.err
configure:4439: $? = 0
configure:4442: test -s conftest.o
configure:4445: $? = 0
configure:4492: cc -o conftest -O3 -pipe -DNDEBUG -Wimplicit -Wparentheses -Wsequence-point -Wreturn-type -Wcast-qual -Wall -Wno-unknown-pragmas -Wno-long-long   -DBLAS_BUILD   conftest.c cfortran_test.o   -L/usr/local/Cellar/gcc/7.2.0_1/lib/gcc/7/gcc/x86_64-apple-darwin16.7.0/7.2.0 -L/usr/local/Cellar/gcc/7.2.0_1/lib/gcc/7/gcc/x86_64-apple-darwin16.7.0/7.2.0/../../.. -lgfortran -lSystem -lquadmath -lm >&5
Undefined symbols for architecture x86_64:
  "_foobar", referenced from:
      _main in conftest-29ebe1.o
     (maybe you meant: _foobar_)
ld: symbol(s) not found for architecture x86_64
clang: error: linker command failed with exit code 1 (use -v to see invocation)
configure:4498: $? = 1
configure: failed program was:
| /* confdefs.h.  */
| 
| #define PACKAGE_NAME "ThirdPartyBlas"
| #define PACKAGE_TARNAME "thirdpartyblas"
| #define PACKAGE_VERSION "1.3.10"
| #define PACKAGE_STRING "ThirdPartyBlas 1.3.10"
| #define PACKAGE_BUGREPORT "http://projects.coin-or.org/BuildTools/newticket"
| #define BLAS_VERSION "1.3.10"
| #define BLAS_VERSION_MAJOR 1
| #define BLAS_VERSION_MINOR 3
| #define BLAS_VERSION_RELEASE 10
| #define COIN_BLAS_VERBOSITY 0
| #define COIN_BLAS_CHECKLEVEL 0
| /* end confdefs.h.  */
| 
| /* Override any gcc2 internal prototype to avoid an error.  */
| #ifdef __cplusplus
| extern "C"
| #endif
| /* We use char because int might match the return type of a gcc2
|    builtin and then its argument prototype would still apply.  */
| char foobar ();
| #ifdef F77_DUMMY_MAIN
| 
| #  ifdef __cplusplus
|      extern "C"
| #  endif
|    int F77_DUMMY_MAIN() { return 1; }
| 
| #endif
| int
| main ()
| {
| foobar ();
|   ;
|   return 0;
| }
configure:4492: cc -o conftest -O3 -pipe -DNDEBUG -Wimplicit -Wparentheses -Wsequence-point -Wreturn-type -Wcast-qual -Wall -Wno-unknown-pragmas -Wno-long-long   -DBLAS_BUILD   conftest.c cfortran_test.o   -L/usr/local/Cellar/gcc/7.2.0_1/lib/gcc/7/gcc/x86_64-apple-darwin16.7.0/7.2.0 -L/usr/local/Cellar/gcc/7.2.0_1/lib/gcc/7/gcc/x86_64-apple-darwin16.7.0/7.2.0/../../.. -lgfortran -lSystem -lquadmath -lm >&5
configure:4498: $? = 0
configure:4502: test -z 
			 || test ! -s conftest.err
configure:4505: $? = 0
configure:4508: test -s conftest
configure:4511: $? = 0
configure:4579: cc -o conftest -O3 -pipe -DNDEBUG -Wimplicit -Wparentheses -Wsequence-point -Wreturn-type -Wcast-qual -Wall -Wno-unknown-pragmas -Wno-long-long   -DBLAS_BUILD   conftest.c cfortran_test.o   -L/usr/local/Cellar/gcc/7.2.0_1/lib/gcc/7/gcc/x86_64-apple-darwin16.7.0/7.2.0 -L/usr/local/Cellar/gcc/7.2.0_1/lib/gcc/7/gcc/x86_64-apple-darwin16.7.0/7.2.0/../../.. -lgfortran -lSystem -lquadmath -lm >&5
configure:4585: $? = 0
configure:4589: test -z 
			 || test ! -s conftest.err
configure:4592: $? = 0
configure:4595: test -s conftest
configure:4598: $? = 0
configure:4648: result: lower case, underscore, no extra underscore
configure:4823: checking for pkg-config
configure:4839: found /usr/local/bin/pkg-config
configure:4849: result: pkg-config
configure:4864: checking pkg-config is at least version 0.16.0
configure:4867: result: yes
configure:5057: checking for egrep
configure:5067: result: grep -E
configure:5072: checking whether ln -s works
configure:5076: result: yes
configure:5097: checking for a BSD-compatible install
configure:5152: result: /usr/local/bin/ginstall -c
configure:5163: checking whether build environment is sane
configure:5206: result: yes
configure:5271: checking for gawk
configure:5300: result: no
configure:5271: checking for mawk
configure:5300: result: no
configure:5271: checking for nawk
configure:5300: result: no
configure:5271: checking for awk
configure:5287: found /usr/bin/awk
configure:5297: result: awk
configure:5307: checking whether make sets $(MAKE)
configure:5327: result: yes
configure:5357: checking for style of include used by make
configure:5385: result: GNU
configure:5566: checking dependency style of cc
configure:5656: result: gcc3
configure:5674: checking whether to enable maintainer-specific portions of Makefiles
configure:5683: result: no
configure:21562: Using libtool script in directory ../..
configure:21637: checking if library version is set
configure:21641: result: 4:10:3
configure:21660: checking which command should be used to link input files
configure:21668: result: ln -s
configure:21907: creating ./config.status

## ---------------------- ##
## Running config.status. ##
## ---------------------- ##

This file was extended by ThirdPartyBlas config.status 1.3.10, which was
generated by GNU Autoconf 2.59.  Invocation command line was

  CONFIG_FILES    = 
  CONFIG_HEADERS  = 
  CONFIG_LINKS    = 
  CONFIG_COMMANDS = 
  $ ./config.status 

on tsf-492-wpa-0-170.epfl.ch

config.status:756: creating Makefile
config.status:756: creating coinblas.pc
config.status:756: creating coinblas-uninstalled.pc
config.status:932: executing depfiles commands
configure:23070: In case of trouble, first consult the troubleshooting page at https://projects.coin-or.org/BuildTools/wiki/user-troubleshooting
configure:23073: Configuration of ThirdPartyBlas successful

## ---------------- ##
## Cache variables. ##
## ---------------- ##

ac_cv_build=i386-apple-darwin18.0.0
ac_cv_build_alias=i386-apple-darwin18.0.0
ac_cv_c_compiler_gnu=yes
ac_cv_env_ADD_CFLAGS_set=
ac_cv_env_ADD_CFLAGS_value=
ac_cv_env_ADD_FFLAGS_set=
ac_cv_env_ADD_FFLAGS_value=
ac_cv_env_CC_set=
ac_cv_env_CC_value=
ac_cv_env_CDEFS_set=
ac_cv_env_CDEFS_value=
ac_cv_env_CFLAGS_set=
ac_cv_env_CFLAGS_value=
ac_cv_env_CPPFLAGS_set=
ac_cv_env_CPPFLAGS_value=
ac_cv_env_CPP_set=
ac_cv_env_CPP_value=
ac_cv_env_CXXCPP_set=
ac_cv_env_CXXCPP_value=
ac_cv_env_CXXFLAGS_set=
ac_cv_env_CXXFLAGS_value=
ac_cv_env_CXX_set=
ac_cv_env_CXX_value=
ac_cv_env_DBG_CFLAGS_set=
ac_cv_env_DBG_CFLAGS_value=
ac_cv_env_DBG_FFLAGS_set=
ac_cv_env_DBG_FFLAGS_value=
ac_cv_env_F77_set=
ac_cv_env_F77_value=
ac_cv_env_FFLAGS_set=
ac_cv_env_FFLAGS_value=
ac_cv_env_LDFLAGS_set=
ac_cv_env_LDFLAGS_value=
ac_cv_env_MPICC_set=
ac_cv_env_MPICC_value=
ac_cv_env_MPIF77_set=
ac_cv_env_MPIF77_value=
ac_cv_env_OPT_CFLAGS_set=
ac_cv_env_OPT_CFLAGS_value=
ac_cv_env_OPT_FFLAGS_set=
ac_cv_env_OPT_FFLAGS_value=
ac_cv_env_PKG_CONFIG_set=
ac_cv_env_PKG_CONFIG_value=
ac_cv_env_build_alias_set=
ac_cv_env_build_alias_value=
ac_cv_env_host_alias_set=
ac_cv_env_host_alias_value=
ac_cv_env_target_alias_set=
ac_cv_env_target_alias_value=
ac_cv_exeext=
ac_cv_f77_compiler_gnu=yes
ac_cv_f77_dummy_main=none
ac_cv_f77_libs=' -L/usr/local/Cellar/gcc/7.2.0_1/lib/gcc/7/gcc/x86_64-apple-darwin16.7.0/7.2.0 -L/usr/local/Cellar/gcc/7.2.0_1/lib/gcc/7/gcc/x86_64-apple-darwin16.7.0/7.2.0/../../.. -lgfortran -lSystem -lquadmath -lm'
ac_cv_f77_mangling='lower case, underscore, no extra underscore'
ac_cv_fortran_dummy_main=none
ac_cv_objext=o
ac_cv_path_install='/usr/local/bin/ginstall -c'
ac_cv_prog_AWK=awk
ac_cv_prog_ac_ct_CC=cc
ac_cv_prog_ac_ct_F77=gfortran
ac_cv_prog_ac_ct_PKG_CONFIG=pkg-config
ac_cv_prog_cc_g=yes
ac_cv_prog_cc_stdc=
ac_cv_prog_egrep='grep -E'
ac_cv_prog_f77_g=yes
ac_cv_prog_f77_v=-v
ac_cv_prog_have_svnversion=yes
ac_cv_prog_make_make_set=yes
am_cv_CC_dependencies_compiler_type=gcc3

## ----------------- ##
## Output variables. ##
## ----------------- ##

ABSBUILDDIR='/Users/tmpethick/GoogleDrive/dtu/10-EPFL/thesis/thesis-code/IPOPT/Ipopt-3.11.7/build_rice/ThirdParty/Blas'
ACLOCAL='${SHELL} /Users/tmpethick/GoogleDrive/dtu/10-EPFL/thesis/thesis-code/IPOPT/Ipopt-3.11.7/ThirdParty/Blas/missing --run aclocal-1.9'
ADD_CFLAGS=''
ADD_FFLAGS=''
ALWAYS_FALSE_FALSE=''
ALWAYS_FALSE_TRUE='#'
AMDEPBACKSLASH='\'
AMDEP_FALSE='#'
AMDEP_TRUE=''
AMTAR='${SHELL} /Users/tmpethick/GoogleDrive/dtu/10-EPFL/thesis/thesis-code/IPOPT/Ipopt-3.11.7/ThirdParty/Blas/missing --run tar'
AR='ar'
AUTOCONF='${SHELL} /Users/tmpethick/GoogleDrive/dtu/10-EPFL/thesis/thesis-code/IPOPT/Ipopt-3.11.7/ThirdParty/Blas/missing --run autoconf'
AUTOHEADER='${SHELL} /Users/tmpethick/GoogleDrive/dtu/10-EPFL/thesis/thesis-code/IPOPT/Ipopt-3.11.7/ThirdParty/Blas/missing --run autoheader'
AUTOMAKE='${SHELL} /Users/tmpethick/GoogleDrive/dtu/10-EPFL/thesis/thesis-code/IPOPT/Ipopt-3.11.7/ThirdParty/Blas/missing --run automake-1.9'
AUX_DIR=''
AWK='awk'
BLAS_PCLIBS=' -L/usr/local/Cellar/gcc/7.2.0_1/lib/gcc/7/gcc/x86_64-apple-darwin16.7.0/7.2.0 -L/usr/local/Cellar/gcc/7.2.0_1/lib/gcc/7/gcc/x86_64-apple-darwin16.7.0/7.2.0/../../.. -lgfortran -lSystem -lquadmath -lm'
BLAS_SVN_REV=''
BUILDTOOLSDIR=''
CC='cc'
CCDEPMODE='depmode=gcc3'
CDEFS=''
CFLAGS='-O3 -pipe -DNDEBUG -Wimplicit -Wparentheses -Wsequence-point -Wreturn-type -Wcast-qual -Wall -Wno-unknown-pragmas -Wno-long-long   -DBLAS_BUILD'
COIN_CC_IS_CL_FALSE=''
COIN_CC_IS_CL_TRUE='#'
COIN_HAS_PKGCONFIG_FALSE='#'
COIN_HAS_PKGCONFIG_TRUE=''
COIN_PKG_CONFIG_PATH='/Users/tmpethick/GoogleDrive/dtu/10-EPFL/thesis/thesis-code/IPOPT/Ipopt-3.11.7/build_rice/lib64/pkgconfig:/Users/tmpethick/GoogleDrive/dtu/10-EPFL/thesis/thesis-code/IPOPT/Ipopt-3.11.7/build_rice/lib/pkgconfig:/Users/tmpethick/GoogleDrive/dtu/10-EPFL/thesis/thesis-code/IPOPT/Ipopt-3.11.7/build_rice/share/pkgconfig:'
COIN_PKG_CONFIG_PATH_UNINSTALLED='/Users/tmpethick/GoogleDrive/dtu/10-EPFL/thesis/thesis-code/IPOPT/Ipopt-3.11.7/build_rice/Ipopt:/Users/tmpethick/GoogleDrive/dtu/10-EPFL/thesis/thesis-code/IPOPT/Ipopt-3.11.7/build_rice/ThirdParty/HSLold:/Users/tmpethick/GoogleDrive/dtu/10-EPFL/thesis/thesis-code/IPOPT/Ipopt-3.11.7/build_rice/ThirdParty/HSL:/Users/tmpethick/GoogleDrive/dtu/10-EPFL/thesis/thesis-code/IPOPT/Ipopt-3.11.7/build_rice/ThirdParty/Metis:/Users/tmpethick/GoogleDrive/dtu/10-EPFL/thesis/thesis-code/IPOPT/Ipopt-3.11.7/build_rice/ThirdParty/Lapack:/Users/tmpethick/GoogleDrive/dtu/10-EPFL/thesis/thesis-code/IPOPT/Ipopt-3.11.7/build_rice/ThirdParty/Blas:/Users/tmpethick/GoogleDrive/dtu/10-EPFL/thesis/thesis-code/IPOPT/Ipopt-3.11.7/build_rice/ThirdParty/ASL:'
CPP='cc -E'
CPPFLAGS=''
CXX=''
CXXCPP='g++ -E'
CXXDEPMODE=''
CXXFLAGS=''
CYGPATH_W='echo'
DBG_CFLAGS='-g -O0 -pipe -Wimplicit -Wparentheses -Wsequence-point -Wreturn-type -Wcast-qual -Wall -Wno-unknown-pragmas -Wno-long-long  '
DBG_FFLAGS='-g -O0 -pipe  '
DEFS='-DPACKAGE_NAME=\"ThirdPartyBlas\" -DPACKAGE_TARNAME=\"thirdpartyblas\" -DPACKAGE_VERSION=\"1.3.10\" -DPACKAGE_STRING=\"ThirdPartyBlas\ 1.3.10\" -DPACKAGE_BUGREPORT=\"http://projects.coin-or.org/BuildTools/newticket\" -DBLAS_VERSION=\"1.3.10\" -DBLAS_VERSION_MAJOR=1 -DBLAS_VERSION_MINOR=3 -DBLAS_VERSION_RELEASE=10 -DCOIN_BLAS_VERBOSITY=0 -DCOIN_BLAS_CHECKLEVEL=0 -DF77_FUNC\(name,NAME\)=name\ \#\#\ _ -DF77_FUNC_\(name,NAME\)=name\ \#\#\ _ -DPACKAGE=\"thirdpartyblas\" -DVERSION=\"1.3.10\" -DSTDC_HEADERS=1 -DHAVE_SYS_TYPES_H=1 -DHAVE_SYS_STAT_H=1 -DHAVE_STDLIB_H=1 -DHAVE_STRING_H=1 -DHAVE_MEMORY_H=1 -DHAVE_STRINGS_H=1 -DHAVE_INTTYPES_H=1 -DHAVE_STDINT_H=1 -DHAVE_UNISTD_H=1 -DHAVE_DLFCN_H=1 '
DEPDIR='.deps'
DEPENDENCY_LINKING_FALSE=''
DEPENDENCY_LINKING_TRUE='#'
ECHO='/bin/echo'
ECHO_C='ECHO_N=''
ECHO_T=''
EGREP='grep -E'
EXEEXT=''
F77='gfortran'
FFLAGS='-O3 -pipe  '
FLIBS=' -L/usr/local/Cellar/gcc/7.2.0_1/lib/gcc/7/gcc/x86_64-apple-darwin16.7.0/7.2.0 -L/usr/local/Cellar/gcc/7.2.0_1/lib/gcc/7/gcc/x86_64-apple-darwin16.7.0/7.2.0/../../.. -lgfortran -lSystem -lquadmath -lm'
HAVE_EXTERNALS_FALSE=''
HAVE_EXTERNALS_TRUE='#'
INSTALL_DATA='${INSTALL} -m 644'
INSTALL_PROGRAM='${INSTALL}'
INSTALL_SCRIPT='${INSTALL}'
INSTALL_STRIP_PROGRAM='${SHELL} $(install_sh) -c -s'
LDFLAGS=''
LIBEXT='a'
LIBOBJS=''
LIBS=''
LIBTOOL='$(SHELL) $(top_builddir)/../../libtool'
LIBTOOLM4=''
LN_S='ln -s'
LTLIBOBJS=''
LT_LDFLAGS=' -version-info 4:10:3'
MAINT='#'
MAINTAINER_MODE_FALSE=''
MAINTAINER_MODE_TRUE='#'
MAKEINFO='${SHELL} /Users/tmpethick/GoogleDrive/dtu/10-EPFL/thesis/thesis-code/IPOPT/Ipopt-3.11.7/ThirdParty/Blas/missing --run makeinfo'
MPICC=''
MPIF77=''
OBJEXT='o'
OPT_CFLAGS='-O3 -pipe -DNDEBUG -Wimplicit -Wparentheses -Wsequence-point -Wreturn-type -Wcast-qual -Wall -Wno-unknown-pragmas -Wno-long-long  '
OPT_FFLAGS='-O3 -pipe  '
PACKAGE='thirdpartyblas'
PACKAGE_BUGREPORT='http://projects.coin-or.org/BuildTools/newticket'
PACKAGE_NAME='ThirdPartyBlas'
PACKAGE_STRING='ThirdPartyBlas 1.3.10'
PACKAGE_TARNAME='thirdpartyblas'
PACKAGE_VERSION='1.3.10'
PATH_SEPARATOR=':'
PKG_CONFIG='pkg-config'
RANLIB='ranlib'
RPATH_FLAGS=''
SET_MAKE=''
SHELL='/bin/sh'
STRIP='strip'
VERSION='1.3.10'
VPATH_DISTCLEANFILES=''
abs_bin_dir='/Users/tmpethick/GoogleDrive/dtu/10-EPFL/thesis/thesis-code/IPOPT/Ipopt-3.11.7/build_rice/bin'
abs_include_dir='/Users/tmpethick/GoogleDrive/dtu/10-EPFL/thesis/thesis-code/IPOPT/Ipopt-3.11.7/build_rice/include'
abs_lib_dir='/Users/tmpethick/GoogleDrive/dtu/10-EPFL/thesis/thesis-code/IPOPT/Ipopt-3.11.7/build_rice/lib'
abs_source_dir='/Users/tmpethick/GoogleDrive/dtu/10-EPFL/thesis/thesis-code/IPOPT/Ipopt-3.11.7/ThirdParty/Blas'
ac_c_preproc_warn_flag=''
ac_ct_AR='ar'
ac_ct_CC='cc'
ac_ct_CXX=''
ac_ct_F77='gfortran'
ac_ct_PKG_CONFIG='pkg-config'
ac_ct_RANLIB='ranlib'
ac_ct_STRIP='strip'
ac_cxx_preproc_warn_flag=''
am__fastdepCC_FALSE='#'
am__fastdepCC_TRUE=''
am__fastdepCXX_FALSE='#'
am__fastdepCXX_TRUE=''
am__include='include'
am__leading_dot='.'
am__quote=''
am__tar='${AMTAR} chof - "$$tardir"'
am__untar='${AMTAR} xf -'
bindir='${exec_prefix}/bin'
build='i386-apple-darwin18.0.0'
build_alias=''
build_cpu='i386'
build_os='darwin18.0.0'
build_vendor='apple'
datadir='${prefix}/share'
exec_prefix='${prefix}'
have_autoconf=''
have_automake=''
have_svn=''
have_svnversion='yes'
host='i386-apple-darwin18.0.0'
host_alias=''
host_cpu='i386'
host_os='darwin18.0.0'
host_vendor='apple'
includedir='${prefix}/include'
infodir='${prefix}/info'
install_sh='/Users/tmpethick/GoogleDrive/dtu/10-EPFL/thesis/thesis-code/IPOPT/Ipopt-3.11.7/ThirdParty/Blas/install-sh'
libdir='${exec_prefix}/lib'
libexecdir='${exec_prefix}/libexec'
localstatedir='${prefix}/var'
mandir='${prefix}/man'
mkdir_p='$(install_sh) -d'
oldincludedir='/usr/include'
prefix='/Users/tmpethick/GoogleDrive/dtu/10-EPFL/thesis/thesis-code/IPOPT/Ipopt-3.11.7/build_rice'
program_transform_name='s,x,x,'
sbindir='${exec_prefix}/sbin'
sharedstatedir='${prefix}/com'
sol_cc_compiler=''
sysconfdir='${prefix}/etc'
target_alias=''

## ----------- ##
## confdefs.h. ##
## ----------- ##

#define BLAS_VERSION "1.3.10"
#define BLAS_VERSION_MAJOR 1
#define BLAS_VERSION_MINOR 3
#define BLAS_VERSION_RELEASE 10
#define COIN_BLAS_CHECKLEVEL 0
#define COIN_BLAS_VERBOSITY 0
#define F77_FUNC(name,NAME) name ## _
#define F77_FUNC_(name,NAME) name ## _
#define HAVE_DLFCN_H 1
#define HAVE_INTTYPES_H 1
#define HAVE_MEMORY_H 1
#define HAVE_STDINT_H 1
#define HAVE_STDLIB_H 1
#define HAVE_STRINGS_H 1
#define HAVE_STRING_H 1
#define HAVE_SYS_STAT_H 1
#define HAVE_SYS_TYPES_H 1
#define HAVE_UNISTD_H 1
#define PACKAGE "thirdpartyblas"
#define PACKAGE_BUGREPORT "http://projects.coin-or.org/BuildTools/newticket"
#define PACKAGE_NAME "ThirdPartyBlas"
#define PACKAGE_STRING "ThirdPartyBlas 1.3.10"
#define PACKAGE_TARNAME "thirdpartyblas"
#define PACKAGE_VERSION "1.3.10"
#define STDC_HEADERS 1
#define VERSION "1.3.10"

configure: exit 0
