This file contains any messages produced by compilers while
running configure, to aid debugging if configure makes a mistake.

It was created by ThirdPartyMetis configure 1.2.9, which was
generated by GNU Autoconf 2.59.  Invocation command line was

  $ ../../../ThirdParty/Metis/configure --prefix=/Users/tmpethick/GoogleDrive/dtu/10-EPFL/thesis/thesis-code/SparseGridCode/pyipopt/Ipopt-3.12.5/build --cache-file=/dev/null --srcdir=../../../ThirdParty/Metis

## --------- ##
## Platform. ##
## --------- ##

hostname = tsf-492-wpa-2-201.epfl.ch
uname -m = x86_64
uname -r = 18.0.0
uname -s = Darwin
uname -v = Darwin Kernel Version 18.0.0: Wed Aug 22 20:13:40 PDT 2018; root:xnu-4903.201.2~1/RELEASE_X86_64

/usr/bin/uname -p = i386
/bin/uname -X     = unknown

/bin/arch              = unknown
/usr/bin/arch -k       = unknown
/usr/convex/getsysinfo = unknown
hostinfo               = Mach kernel version:
	 Darwin Kernel Version 18.0.0: Wed Aug 22 20:13:40 PDT 2018; root:xnu-4903.201.2~1/RELEASE_X86_64
Kernel configured for up to 8 processors.
4 processors are physically available.
8 processors are logically available.
Processor type: x86_64h (Intel x86-64h Haswell)
Processors active: 0 1 2 3 4 5 6 7
Primary memory available: 16.00 gigabytes
Default processor set: 521 tasks, 3683 threads, 8 processors
Load average: 4.72, Mach factor: 3.42
/bin/machine           = unknown
/usr/bin/oslevel       = unknown
/bin/universe          = unknown

PATH: /Users/tmpethick/.rvm/gems/ruby-2.4.0/bin
PATH: /Users/tmpethick/.rvm/gems/ruby-2.4.0@global/bin
PATH: /Users/tmpethick/.rvm/rubies/ruby-2.4.0/bin
PATH: /Users/tmpethick/Library/Haskell/bin
PATH: /Users/tmpethick/anaconda3/envs/lions/bin
PATH: /Users/tmpethick/.npm-packages/bin
PATH: /Users/tmpethick/.opam/system/bin
PATH: /Users/tmpethick/.local/bin
PATH: /usr/local/bin
PATH: /Users/tmpethick/.fastlane/bin
PATH: /Users/tmpethick/anaconda3/bin
PATH: /usr/local/bin
PATH: /usr/local/sbin
PATH: /usr/bin
PATH: /bin
PATH: /usr/sbin
PATH: /sbin
PATH: /Library/TeX/texbin
PATH: /usr/local/share/dotnet
PATH: /opt/X11/bin
PATH: /Library/Frameworks/Mono.framework/Versions/Current/Commands
PATH: /Applications/Xamarin Workbooks.app/Contents/SharedSupport/path-bin
PATH: /Users/tmpethick/.rvm/bin


## ----------- ##
## Core tests. ##
## ----------- ##

configure:1640: checking for svnversion
configure:1656: found /usr/bin/svnversion
configure:1667: result: yes
configure:1731: checking build system type
configure:1749: result: i386-apple-darwin18.0.0
configure:1765: checking whether we want to compile in debug mode
configure:1811: result: no
configure:2075: checking for xlc_r
configure:2104: result: no
configure:2075: checking for xlc
configure:2104: result: no
configure:2075: checking for cc
configure:2091: found /usr/bin/cc
configure:2101: result: cc
configure:2122: checking for C compiler version
configure:2125: cc --version </dev/null >&5
Apple LLVM version 10.0.0 (clang-1000.11.45.5)
Target: x86_64-apple-darwin18.0.0
Thread model: posix
InstalledDir: /Applications/Xcode.app/Contents/Developer/Toolchains/XcodeDefault.xctoolchain/usr/bin
configure:2128: $? = 0
configure:2130: cc -v </dev/null >&5
Apple LLVM version 10.0.0 (clang-1000.11.45.5)
Target: x86_64-apple-darwin18.0.0
Thread model: posix
InstalledDir: /Applications/Xcode.app/Contents/Developer/Toolchains/XcodeDefault.xctoolchain/usr/bin
Found CUDA installation: /usr/local/cuda, version 8.0
configure:2133: $? = 0
configure:2135: cc -V </dev/null >&5
clang: error: argument to '-V' is missing (expected 1 value)
clang: error: no input files
configure:2138: $? = 1
configure:2161: checking for C compiler default output file name
configure:2164: cc    conftest.c  >&5
configure:2167: $? = 0
configure:2213: result: a.out
configure:2218: checking whether the C compiler works
configure:2224: ./a.out
configure:2227: $? = 0
configure:2244: result: yes
configure:2251: checking whether we are cross compiling
configure:2253: result: no
configure:2256: checking for suffix of executables
configure:2258: cc -o conftest    conftest.c  >&5
configure:2261: $? = 0
configure:2286: result: 
configure:2292: checking for suffix of object files
configure:2313: cc -c   conftest.c >&5
configure:2316: $? = 0
configure:2338: result: o
configure:2342: checking whether we are using the GNU C compiler
configure:2366: cc -c   conftest.c >&5
configure:2372: $? = 0
configure:2376: test -z 
			 || test ! -s conftest.err
configure:2379: $? = 0
configure:2382: test -s conftest.o
configure:2385: $? = 0
configure:2398: result: yes
configure:2404: checking whether cc accepts -g
configure:2425: cc -c -g  conftest.c >&5
configure:2431: $? = 0
configure:2435: test -z 
			 || test ! -s conftest.err
configure:2438: $? = 0
configure:2441: test -s conftest.o
configure:2444: $? = 0
configure:2455: result: yes
configure:2472: checking for cc option to accept ANSI C
configure:2542: cc  -c -g -O2  conftest.c >&5
configure:2548: $? = 0
configure:2552: test -z 
			 || test ! -s conftest.err
configure:2555: $? = 0
configure:2558: test -s conftest.o
configure:2561: $? = 0
configure:2579: result: none needed
configure:2597: cc -c -g -O2  conftest.c >&5
conftest.c:2:3: error: unknown type name 'choke'
  choke me
  ^
conftest.c:2:11: error: expected ';' after top level declarator
  choke me
          ^
          ;
2 errors generated.
configure:2603: $? = 1
configure: failed program was:
| #ifndef __cplusplus
|   choke me
| #endif
configure:3031: cc -o conftest -O3 -pipe -DNDEBUG    -DMETIS_BUILD   conftest.c  >&5
configure:3037: $? = 0
configure:3041: test -z 
			 || test ! -s conftest.err
configure:3044: $? = 0
configure:3047: test -s conftest
configure:3050: $? = 0
configure:3117: C compiler options are: -O3 -pipe -DNDEBUG    -DMETIS_BUILD
configure:3214: checking for pkg-config
configure:3230: found /usr/local/bin/pkg-config
configure:3240: result: pkg-config
configure:3255: checking pkg-config is at least version 0.16.0
configure:3258: result: yes
configure:3448: checking for egrep
configure:3458: result: grep -E
configure:3463: checking whether ln -s works
configure:3467: result: yes
configure:3488: checking for a BSD-compatible install
configure:3543: result: /usr/local/bin/ginstall -c
configure:3554: checking whether build environment is sane
configure:3597: result: yes
configure:3662: checking for gawk
configure:3691: result: no
configure:3662: checking for mawk
configure:3691: result: no
configure:3662: checking for nawk
configure:3691: result: no
configure:3662: checking for awk
configure:3678: found /usr/bin/awk
configure:3688: result: awk
configure:3698: checking whether make sets $(MAKE)
configure:3718: result: yes
configure:3748: checking for style of include used by make
configure:3776: result: GNU
configure:3957: checking dependency style of cc
configure:4047: result: gcc3
configure:4065: checking whether to enable maintainer-specific portions of Makefiles
configure:4074: result: no
configure:20038: Using libtool script in directory ../..
configure:20113: checking if library version is set
configure:20117: result: 3:9:2
configure:20153: checking strings.h usability
configure:20165: cc -c -O3 -pipe -DNDEBUG    -DMETIS_BUILD  conftest.c >&5
configure:20171: $? = 0
configure:20175: test -z 
			 || test ! -s conftest.err
configure:20178: $? = 0
configure:20181: test -s conftest.o
configure:20184: $? = 0
configure:20194: result: yes
configure:20198: checking strings.h presence
configure:20208: clang -E  conftest.c
configure:20214: $? = 0
configure:20234: result: yes
configure:20269: checking for strings.h
configure:20276: result: yes
configure:20290: checking for drand48
configure:20347: cc -o conftest -O3 -pipe -DNDEBUG    -DMETIS_BUILD   conftest.c  >&5
configure:20353: $? = 0
configure:20357: test -z 
			 || test ! -s conftest.err
configure:20360: $? = 0
configure:20363: test -s conftest
configure:20366: $? = 0
configure:20378: result: yes
configure:20399: checking which command should be used to link input files
configure:20407: result: ln -s
configure:20646: creating ./config.status

## ---------------------- ##
## Running config.status. ##
## ---------------------- ##

This file was extended by ThirdPartyMetis config.status 1.2.9, which was
generated by GNU Autoconf 2.59.  Invocation command line was

  CONFIG_FILES    = 
  CONFIG_HEADERS  = 
  CONFIG_LINKS    = 
  CONFIG_COMMANDS = 
  $ ./config.status 

on tsf-492-wpa-2-201.epfl.ch

config.status:752: creating Makefile
config.status:752: creating coinmetis.pc
config.status:752: creating coinmetis-uninstalled.pc
config.status:928: executing depfiles commands
configure:21805: In case of trouble, first consult the troubleshooting page at https://projects.coin-or.org/BuildTools/wiki/user-troubleshooting
configure:21808: Configuration of ThirdPartyMetis successful

## ---------------- ##
## Cache variables. ##
## ---------------- ##

ac_cv_build=i386-apple-darwin18.0.0
ac_cv_build_alias=i386-apple-darwin18.0.0
ac_cv_c_compiler_gnu=yes
ac_cv_env_ADD_CFLAGS_set=
ac_cv_env_ADD_CFLAGS_value=
ac_cv_env_CC_set=
ac_cv_env_CC_value=
ac_cv_env_CDEFS_set=
ac_cv_env_CDEFS_value=
ac_cv_env_CFLAGS_set=
ac_cv_env_CFLAGS_value=
ac_cv_env_CPPFLAGS_set=
ac_cv_env_CPPFLAGS_value=
ac_cv_env_CPP_set=
ac_cv_env_CPP_value=
ac_cv_env_CXXCPP_set=
ac_cv_env_CXXCPP_value=
ac_cv_env_CXXFLAGS_set=
ac_cv_env_CXXFLAGS_value=
ac_cv_env_CXX_set=
ac_cv_env_CXX_value=
ac_cv_env_DBG_CFLAGS_set=
ac_cv_env_DBG_CFLAGS_value=
ac_cv_env_F77_set=
ac_cv_env_F77_value=
ac_cv_env_FFLAGS_set=
ac_cv_env_FFLAGS_value=
ac_cv_env_LDFLAGS_set=
ac_cv_env_LDFLAGS_value=
ac_cv_env_MPICC_set=
ac_cv_env_MPICC_value=
ac_cv_env_OPT_CFLAGS_set=
ac_cv_env_OPT_CFLAGS_value=
ac_cv_env_PKG_CONFIG_set=
ac_cv_env_PKG_CONFIG_value=
ac_cv_env_build_alias_set=
ac_cv_env_build_alias_value=
ac_cv_env_host_alias_set=
ac_cv_env_host_alias_value=
ac_cv_env_target_alias_set=
ac_cv_env_target_alias_value=
ac_cv_exeext=
ac_cv_func_drand48=yes
ac_cv_header_strings_h=yes
ac_cv_objext=o
ac_cv_path_install='/usr/local/bin/ginstall -c'
ac_cv_prog_AWK=awk
ac_cv_prog_ac_ct_CC=cc
ac_cv_prog_ac_ct_PKG_CONFIG=pkg-config
ac_cv_prog_cc_g=yes
ac_cv_prog_cc_stdc=
ac_cv_prog_egrep='grep -E'
ac_cv_prog_have_svnversion=yes
ac_cv_prog_make_make_set=yes
am_cv_CC_dependencies_compiler_type=gcc3

## ----------------- ##
## Output variables. ##
## ----------------- ##

ABSBUILDDIR='/Users/tmpethick/GoogleDrive/dtu/10-EPFL/thesis/thesis-code/SparseGridCode/pyipopt/Ipopt-3.12.5/build/ThirdParty/Metis'
ACLOCAL='${SHELL} /Users/tmpethick/GoogleDrive/dtu/10-EPFL/thesis/thesis-code/SparseGridCode/pyipopt/Ipopt-3.12.5/ThirdParty/Metis/missing --run aclocal-1.9'
ADD_CFLAGS=''
ALWAYS_FALSE_FALSE=''
ALWAYS_FALSE_TRUE='#'
AMDEPBACKSLASH='\'
AMDEP_FALSE='#'
AMDEP_TRUE=''
AMTAR='${SHELL} /Users/tmpethick/GoogleDrive/dtu/10-EPFL/thesis/thesis-code/SparseGridCode/pyipopt/Ipopt-3.12.5/ThirdParty/Metis/missing --run tar'
AR='ar'
AUTOCONF='${SHELL} /Users/tmpethick/GoogleDrive/dtu/10-EPFL/thesis/thesis-code/SparseGridCode/pyipopt/Ipopt-3.12.5/ThirdParty/Metis/missing --run autoconf'
AUTOHEADER='${SHELL} /Users/tmpethick/GoogleDrive/dtu/10-EPFL/thesis/thesis-code/SparseGridCode/pyipopt/Ipopt-3.12.5/ThirdParty/Metis/missing --run autoheader'
AUTOMAKE='${SHELL} /Users/tmpethick/GoogleDrive/dtu/10-EPFL/thesis/thesis-code/SparseGridCode/pyipopt/Ipopt-3.12.5/ThirdParty/Metis/missing --run automake-1.9'
AUX_DIR=''
AWK='awk'
BUILDTOOLSDIR=''
CC='cc'
CCDEPMODE='depmode=gcc3'
CDEFS=''
CFLAGS='-O3 -pipe -DNDEBUG    -DMETIS_BUILD'
COIN_CC_IS_CL_FALSE=''
COIN_CC_IS_CL_TRUE='#'
COIN_HAS_PKGCONFIG_FALSE='#'
COIN_HAS_PKGCONFIG_TRUE=''
COIN_PKG_CONFIG_PATH='/Users/tmpethick/GoogleDrive/dtu/10-EPFL/thesis/thesis-code/SparseGridCode/pyipopt/Ipopt-3.12.5/build/lib64/pkgconfig:/Users/tmpethick/GoogleDrive/dtu/10-EPFL/thesis/thesis-code/SparseGridCode/pyipopt/Ipopt-3.12.5/build/lib/pkgconfig:/Users/tmpethick/GoogleDrive/dtu/10-EPFL/thesis/thesis-code/SparseGridCode/pyipopt/Ipopt-3.12.5/build/share/pkgconfig:'
COIN_PKG_CONFIG_PATH_UNINSTALLED='/Users/tmpethick/GoogleDrive/dtu/10-EPFL/thesis/thesis-code/SparseGridCode/pyipopt/Ipopt-3.12.5/build/Ipopt:/Users/tmpethick/GoogleDrive/dtu/10-EPFL/thesis/thesis-code/SparseGridCode/pyipopt/Ipopt-3.12.5/build/ThirdParty/HSL:/Users/tmpethick/GoogleDrive/dtu/10-EPFL/thesis/thesis-code/SparseGridCode/pyipopt/Ipopt-3.12.5/build/ThirdParty/Metis:/Users/tmpethick/GoogleDrive/dtu/10-EPFL/thesis/thesis-code/SparseGridCode/pyipopt/Ipopt-3.12.5/build/ThirdParty/Lapack:/Users/tmpethick/GoogleDrive/dtu/10-EPFL/thesis/thesis-code/SparseGridCode/pyipopt/Ipopt-3.12.5/build/ThirdParty/Blas:/Users/tmpethick/GoogleDrive/dtu/10-EPFL/thesis/thesis-code/SparseGridCode/pyipopt/Ipopt-3.12.5/build/ThirdParty/ASL:'
CPP='clang -E'
CPPFLAGS=''
CXX=''
CXXCPP='clang++ -E'
CXXDEPMODE=''
CXXFLAGS=''
CYGPATH_W='echo'
DBG_CFLAGS='-g -O0 -pipe   '
DEFS='-DPACKAGE_NAME=\"ThirdPartyMetis\" -DPACKAGE_TARNAME=\"thirdpartymetis\" -DPACKAGE_VERSION=\"1.2.9\" -DPACKAGE_STRING=\"ThirdPartyMetis\ 1.2.9\" -DPACKAGE_BUGREPORT=\"http://projects.coin-or.org/BuildTools/newticket\" -DMETIS_VERSION=\"1.2.9\" -DMETIS_VERSION_MAJOR=1 -DMETIS_VERSION_MINOR=2 -DMETIS_VERSION_RELEASE=9 -DCOIN_METIS_VERBOSITY=0 -DCOIN_METIS_CHECKLEVEL=0 -DPACKAGE=\"thirdpartymetis\" -DVERSION=\"1.2.9\" -DSTDC_HEADERS=1 -DHAVE_SYS_TYPES_H=1 -DHAVE_SYS_STAT_H=1 -DHAVE_STDLIB_H=1 -DHAVE_STRING_H=1 -DHAVE_MEMORY_H=1 -DHAVE_STRINGS_H=1 -DHAVE_INTTYPES_H=1 -DHAVE_STDINT_H=1 -DHAVE_UNISTD_H=1 -DHAVE_DLFCN_H=1 '
DEPDIR='.deps'
DEPENDENCY_LINKING_FALSE=''
DEPENDENCY_LINKING_TRUE='#'
ECHO='/bin/echo'
ECHO_C='ECHO_N=''
ECHO_T=''
EGREP='grep -E'
EXEEXT=''
F77=''
FFLAGS=''
HAVE_EXTERNALS_FALSE=''
HAVE_EXTERNALS_TRUE='#'
INSTALL_DATA='${INSTALL} -m 644'
INSTALL_PROGRAM='${INSTALL}'
INSTALL_SCRIPT='${INSTALL}'
INSTALL_STRIP_PROGRAM='${SHELL} $(install_sh) -c -s'
LDFLAGS=''
LIBEXT='a'
LIBOBJS=''
LIBS=''
LIBTOOL='$(SHELL) $(top_builddir)/../../libtool'
LIBTOOLM4=''
LN_S='ln -s'
LTLIBOBJS=''
LT_LDFLAGS=' -version-info 3:9:2'
MAINT='#'
MAINTAINER_MODE_FALSE=''
MAINTAINER_MODE_TRUE='#'
MAKEINFO='${SHELL} /Users/tmpethick/GoogleDrive/dtu/10-EPFL/thesis/thesis-code/SparseGridCode/pyipopt/Ipopt-3.12.5/ThirdParty/Metis/missing --run makeinfo'
METISDIR='metis-4.0'
METIS_PCLIBS='-lm '
METIS_SVN_REV=''
MPICC=''
OBJEXT='o'
OPT_CFLAGS='-O3 -pipe -DNDEBUG   '
PACKAGE='thirdpartymetis'
PACKAGE_BUGREPORT='http://projects.coin-or.org/BuildTools/newticket'
PACKAGE_NAME='ThirdPartyMetis'
PACKAGE_STRING='ThirdPartyMetis 1.2.9'
PACKAGE_TARNAME='thirdpartymetis'
PACKAGE_VERSION='1.2.9'
PATH_SEPARATOR=':'
PKG_CONFIG='pkg-config'
RANLIB='ranlib'
RPATH_FLAGS=''
SET_MAKE=''
SHELL='/bin/sh'
STRIP='strip'
VERSION='1.2.9'
VPATH_DISTCLEANFILES=''
abs_bin_dir='/Users/tmpethick/GoogleDrive/dtu/10-EPFL/thesis/thesis-code/SparseGridCode/pyipopt/Ipopt-3.12.5/build/bin'
abs_include_dir='/Users/tmpethick/GoogleDrive/dtu/10-EPFL/thesis/thesis-code/SparseGridCode/pyipopt/Ipopt-3.12.5/build/include'
abs_lib_dir='/Users/tmpethick/GoogleDrive/dtu/10-EPFL/thesis/thesis-code/SparseGridCode/pyipopt/Ipopt-3.12.5/build/lib'
abs_source_dir='/Users/tmpethick/GoogleDrive/dtu/10-EPFL/thesis/thesis-code/SparseGridCode/pyipopt/Ipopt-3.12.5/ThirdParty/Metis'
ac_c_preproc_warn_flag=''
ac_ct_AR='ar'
ac_ct_CC='cc'
ac_ct_CXX=''
ac_ct_F77=''
ac_ct_PKG_CONFIG='pkg-config'
ac_ct_RANLIB='ranlib'
ac_ct_STRIP='strip'
ac_cxx_preproc_warn_flag=''
am__fastdepCC_FALSE='#'
am__fastdepCC_TRUE=''
am__fastdepCXX_FALSE='#'
am__fastdepCXX_TRUE=''
am__include='include'
am__leading_dot='.'
am__quote=''
am__tar='${AMTAR} chof - "$$tardir"'
am__untar='${AMTAR} xf -'
bindir='${exec_prefix}/bin'
build='i386-apple-darwin18.0.0'
build_alias=''
build_cpu='i386'
build_os='darwin18.0.0'
build_vendor='apple'
datadir='${prefix}/share'
exec_prefix='${prefix}'
have_autoconf=''
have_automake=''
have_svn=''
have_svnversion='yes'
host='i386-apple-darwin18.0.0'
host_alias=''
host_cpu='i386'
host_os='darwin18.0.0'
host_vendor='apple'
includedir='${prefix}/include'
infodir='${prefix}/info'
install_sh='/Users/tmpethick/GoogleDrive/dtu/10-EPFL/thesis/thesis-code/SparseGridCode/pyipopt/Ipopt-3.12.5/ThirdParty/Metis/install-sh'
libdir='${exec_prefix}/lib'
libexecdir='${exec_prefix}/libexec'
localstatedir='${prefix}/var'
mandir='${prefix}/man'
mkdir_p='$(install_sh) -d'
oldincludedir='/usr/include'
prefix='/Users/tmpethick/GoogleDrive/dtu/10-EPFL/thesis/thesis-code/SparseGridCode/pyipopt/Ipopt-3.12.5/build'
program_transform_name='s,x,x,'
sbindir='${exec_prefix}/sbin'
sharedstatedir='${prefix}/com'
sol_cc_compiler=''
sysconfdir='${prefix}/etc'
target_alias=''

## ----------- ##
## confdefs.h. ##
## ----------- ##

#define COIN_METIS_CHECKLEVEL 0
#define COIN_METIS_VERBOSITY 0
#define HAVE_DLFCN_H 1
#define HAVE_INTTYPES_H 1
#define HAVE_MEMORY_H 1
#define HAVE_STDINT_H 1
#define HAVE_STDLIB_H 1
#define HAVE_STRINGS_H 1
#define HAVE_STRING_H 1
#define HAVE_SYS_STAT_H 1
#define HAVE_SYS_TYPES_H 1
#define HAVE_UNISTD_H 1
#define METIS_VERSION "1.2.9"
#define METIS_VERSION_MAJOR 1
#define METIS_VERSION_MINOR 2
#define METIS_VERSION_RELEASE 9
#define PACKAGE "thirdpartymetis"
#define PACKAGE_BUGREPORT "http://projects.coin-or.org/BuildTools/newticket"
#define PACKAGE_NAME "ThirdPartyMetis"
#define PACKAGE_STRING "ThirdPartyMetis 1.2.9"
#define PACKAGE_TARNAME "thirdpartymetis"
#define PACKAGE_VERSION "1.2.9"
#define STDC_HEADERS 1
#define VERSION "1.2.9"

configure: exit 0
